[  1%] Building CXX object external/spdlog/CMakeFiles/spdlog.dir/src/color_sinks.cpp.o
[  1%] Building CXX object external/spdlog/CMakeFiles/spdlog.dir/src/spdlog.cpp.o
[  1%] Building CXX object external/spdlog/CMakeFiles/spdlog.dir/src/stdout_sinks.cpp.o
[  1%] Building CXX object external/re2/CMakeFiles/re2.dir/re2/bitstate.cc.o
[  1%] Building CXX object external/googlebenchmark/src/CMakeFiles/benchmark.dir/benchmark_api_internal.cc.o
[  1%] Building CXX object external/googletest/googletest/CMakeFiles/gtest.dir/src/gtest-all.cc.o
[  2%] Building CXX object external/googlebenchmark/src/CMakeFiles/benchmark.dir/benchmark_name.cc.o
[  4%] Building CXX object external/googlebenchmark/src/CMakeFiles/benchmark.dir/benchmark.cc.o
[  4%] Building CXX object external/re2/CMakeFiles/re2.dir/re2/bitmap256.cc.o
[  5%] Building CXX object lib/exampleLib/src/CMakeFiles/add-static.dir/add.cc.o
Elapsed time: 0 s. (time), 0.000287 s. (clock)
[  6%] Linking CXX static library libadd-static.a
Elapsed time: 0 s. (time), 0.000344 s. (clock)
Elapsed time: 0 s. (time), 0.000525 s. (clock)
[  6%] Built target add-static
[  6%] Building CXX object external/googlebenchmark/src/CMakeFiles/benchmark.dir/benchmark_register.cc.o
Elapsed time: 0 s. (time), 0.00045 s. (clock)
[  7%] Building CXX object external/re2/CMakeFiles/re2.dir/re2/compile.cc.o
Elapsed time: 0 s. (time), 0.000366 s. (clock)
[  7%] Building CXX object external/re2/CMakeFiles/re2.dir/re2/dfa.cc.o
In file included from /home/mathilda/FangBoRen/search-engine-v2/external/re2/re2/bitstate.cc:28:
/home/mathilda/FangBoRen/search-engine-v2/external/re2/re2/prog.h:171:14: warning: ISO C++ prohibits anonymous structs [-Wpedantic]
  171 |       struct {        // opcode == kInstByteRange
      |              ^
/home/mathilda/FangBoRen/search-engine-v2/external/re2/re2/prog.h:445:12: warning: ISO C++ prohibits anonymous structs [-Wpedantic]
  445 |     struct {
      |            ^
In file included from /home/mathilda/FangBoRen/search-engine-v2/external/re2/re2/bitstate.cc:29:
/home/mathilda/FangBoRen/search-engine-v2/external/re2/re2/regexp.h:601:12: warning: ISO C++ prohibits anonymous structs [-Wpedantic]
  601 |     struct {  // Repeat
      |            ^
/home/mathilda/FangBoRen/search-engine-v2/external/re2/re2/regexp.h:605:12: warning: ISO C++ prohibits anonymous structs [-Wpedantic]
  605 |     struct {  // Capture
      |            ^
/home/mathilda/FangBoRen/search-engine-v2/external/re2/re2/regexp.h:609:12: warning: ISO C++ prohibits anonymous structs [-Wpedantic]
  609 |     struct {  // LiteralString
      |            ^
/home/mathilda/FangBoRen/search-engine-v2/external/re2/re2/regexp.h:613:12: warning: ISO C++ prohibits anonymous structs [-Wpedantic]
  613 |     struct {  // CharClass
      |            ^
Elapsed time: 0 s. (time), 0.000533 s. (clock)
[  8%] Building CXX object external/re2/CMakeFiles/re2.dir/re2/filtered_re2.cc.o
Elapsed time: 1 s. (time), 0.000611 s. (clock)
[  9%] Building CXX object external/googlebenchmark/src/CMakeFiles/benchmark.dir/benchmark_runner.cc.o
In file included from /home/mathilda/FangBoRen/search-engine-v2/external/re2/re2/compile.cc:19:
/home/mathilda/FangBoRen/search-engine-v2/external/re2/re2/prog.h:171:14: warning: ISO C++ prohibits anonymous structs [-Wpedantic]
  171 |       struct {        // opcode == kInstByteRange
      |              ^
/home/mathilda/FangBoRen/search-engine-v2/external/re2/re2/prog.h:445:12: warning: ISO C++ prohibits anonymous structs [-Wpedantic]
  445 |     struct {
      |            ^
In file included from /home/mathilda/FangBoRen/search-engine-v2/external/re2/re2/compile.cc:21:
/home/mathilda/FangBoRen/search-engine-v2/external/re2/re2/regexp.h:601:12: warning: ISO C++ prohibits anonymous structs [-Wpedantic]
  601 |     struct {  // Repeat
      |            ^
/home/mathilda/FangBoRen/search-engine-v2/external/re2/re2/regexp.h:605:12: warning: ISO C++ prohibits anonymous structs [-Wpedantic]
  605 |     struct {  // Capture
      |            ^
/home/mathilda/FangBoRen/search-engine-v2/external/re2/re2/regexp.h:609:12: warning: ISO C++ prohibits anonymous structs [-Wpedantic]
  609 |     struct {  // LiteralString
      |            ^
/home/mathilda/FangBoRen/search-engine-v2/external/re2/re2/regexp.h:613:12: warning: ISO C++ prohibits anonymous structs [-Wpedantic]
  613 |     struct {  // CharClass
      |            ^
In file included from /home/mathilda/FangBoRen/search-engine-v2/external/re2/re2/compile.cc:22:
/home/mathilda/FangBoRen/search-engine-v2/external/re2/re2/walker-inl.h: In constructor ‘re2::WalkState<T>::WalkState(re2::Regexp*, T)’:
/home/mathilda/FangBoRen/search-engine-v2/external/re2/re2/walker-inl.h:124:21: warning: declaration of ‘re’ shadows a member of ‘re2::WalkState<T>’ [-Wshadow]
  124 |   WalkState(Regexp *re, T parent)
      |             ~~~~~~~~^~
/home/mathilda/FangBoRen/search-engine-v2/external/re2/re2/walker-inl.h:127:11: note: shadowed declaration is here
  127 |   Regexp *re;  // The regexp
      |           ^~
/home/mathilda/FangBoRen/search-engine-v2/external/re2/re2/compile.cc: In constructor ‘re2::Frag::Frag(uint32_t, re2::PatchList, bool)’:
/home/mathilda/FangBoRen/search-engine-v2/external/re2/re2/compile.cc:83:44: warning: declaration of ‘nullable’ shadows a member of ‘re2::Frag’ [-Wshadow]
   83 |   Frag(uint32_t begin, PatchList end, bool nullable)
      |                                       ~~~~~^~~~~~~~
/home/mathilda/FangBoRen/search-engine-v2/external/re2/re2/compile.cc:80:8: note: shadowed declaration is here
   80 |   bool nullable;
      |        ^~~~~~~~
/home/mathilda/FangBoRen/search-engine-v2/external/re2/re2/compile.cc:83:34: warning: declaration of ‘end’ shadows a member of ‘re2::Frag’ [-Wshadow]
   83 |   Frag(uint32_t begin, PatchList end, bool nullable)
      |                        ~~~~~~~~~~^~~
/home/mathilda/FangBoRen/search-engine-v2/external/re2/re2/compile.cc:79:13: note: shadowed declaration is here
   79 |   PatchList end;
      |             ^~~
/home/mathilda/FangBoRen/search-engine-v2/external/re2/re2/compile.cc:83:17: warning: declaration of ‘begin’ shadows a member of ‘re2::Frag’ [-Wshadow]
   83 |   Frag(uint32_t begin, PatchList end, bool nullable)
      |        ~~~~~~~~~^~~~~
/home/mathilda/FangBoRen/search-engine-v2/external/re2/re2/compile.cc:78:12: note: shadowed declaration is here
   78 |   uint32_t begin;
      |            ^~~~~
/home/mathilda/FangBoRen/search-engine-v2/external/re2/re2/compile.cc: In constructor ‘re2::Frag::Frag(uint32_t, re2::PatchList, bool)’:
/home/mathilda/FangBoRen/search-engine-v2/external/re2/re2/compile.cc:83:44: warning: declaration of ‘nullable’ shadows a member of ‘re2::Frag’ [-Wshadow]
   83 |   Frag(uint32_t begin, PatchList end, bool nullable)
      |                                       ~~~~~^~~~~~~~
/home/mathilda/FangBoRen/search-engine-v2/external/re2/re2/compile.cc:80:8: note: shadowed declaration is here
   80 |   bool nullable;
      |        ^~~~~~~~
/home/mathilda/FangBoRen/search-engine-v2/external/re2/re2/compile.cc:83:34: warning: declaration of ‘end’ shadows a member of ‘re2::Frag’ [-Wshadow]
   83 |   Frag(uint32_t begin, PatchList end, bool nullable)
      |                        ~~~~~~~~~~^~~
/home/mathilda/FangBoRen/search-engine-v2/external/re2/re2/compile.cc:79:13: note: shadowed declaration is here
   79 |   PatchList end;
      |             ^~~
/home/mathilda/FangBoRen/search-engine-v2/external/re2/re2/compile.cc:83:17: warning: declaration of ‘begin’ shadows a member of ‘re2::Frag’ [-Wshadow]
   83 |   Frag(uint32_t begin, PatchList end, bool nullable)
      |        ~~~~~~~~~^~~~~
/home/mathilda/FangBoRen/search-engine-v2/external/re2/re2/compile.cc:78:12: note: shadowed declaration is here
   78 |   uint32_t begin;
      |            ^~~~~
/home/mathilda/FangBoRen/search-engine-v2/external/re2/re2/compile.cc: In constructor ‘re2::Frag::Frag(uint32_t, re2::PatchList, bool)’:
/home/mathilda/FangBoRen/search-engine-v2/external/re2/re2/compile.cc:83:44: warning: declaration of ‘nullable’ shadows a member of ‘re2::Frag’ [-Wshadow]
   83 |   Frag(uint32_t begin, PatchList end, bool nullable)
      |                                       ~~~~~^~~~~~~~
/home/mathilda/FangBoRen/search-engine-v2/external/re2/re2/compile.cc:80:8: note: shadowed declaration is here
   80 |   bool nullable;
      |        ^~~~~~~~
/home/mathilda/FangBoRen/search-engine-v2/external/re2/re2/compile.cc:83:34: warning: declaration of ‘end’ shadows a member of ‘re2::Frag’ [-Wshadow]
   83 |   Frag(uint32_t begin, PatchList end, bool nullable)
      |                        ~~~~~~~~~~^~~
/home/mathilda/FangBoRen/search-engine-v2/external/re2/re2/compile.cc:79:13: note: shadowed declaration is here
   79 |   PatchList end;
      |             ^~~
/home/mathilda/FangBoRen/search-engine-v2/external/re2/re2/compile.cc:83:17: warning: declaration of ‘begin’ shadows a member of ‘re2::Frag’ [-Wshadow]
   83 |   Frag(uint32_t begin, PatchList end, bool nullable)
      |        ~~~~~~~~~^~~~~
/home/mathilda/FangBoRen/search-engine-v2/external/re2/re2/compile.cc:78:12: note: shadowed declaration is here
   78 |   uint32_t begin;
      |            ^~~~~
/home/mathilda/FangBoRen/search-engine-v2/external/re2/re2/compile.cc: In member function ‘virtual re2::Frag re2::Compiler::Copy(re2::Frag)’:
/home/mathilda/FangBoRen/search-engine-v2/external/re2/re2/compile.cc:751:26: warning: unused parameter ‘arg’ [-Wunused-parameter]
  751 | Frag Compiler::Copy(Frag arg) {
      |                     ~~~~~^~~
/home/mathilda/FangBoRen/search-engine-v2/external/re2/re2/compile.cc: In member function ‘virtual re2::Frag re2::Compiler::ShortVisit(re2::Regexp*, re2::Frag)’:
/home/mathilda/FangBoRen/search-engine-v2/external/re2/re2/compile.cc:760:35: warning: unused parameter ‘re’ [-Wunused-parameter]
  760 | Frag Compiler::ShortVisit(Regexp *re, Frag) {
      |                           ~~~~~~~~^~
/home/mathilda/FangBoRen/search-engine-v2/external/re2/re2/compile.cc: In member function ‘virtual re2::Frag re2::Compiler::PreVisit(re2::Regexp*, re2::Frag, bool*)’:
/home/mathilda/FangBoRen/search-engine-v2/external/re2/re2/compile.cc:766:33: warning: unused parameter ‘re’ [-Wunused-parameter]
  766 | Frag Compiler::PreVisit(Regexp *re, Frag, bool *stop) {
      |                         ~~~~~~~~^~
In file included from /home/mathilda/FangBoRen/search-engine-v2/external/re2/re2/compile.cc:22:
/home/mathilda/FangBoRen/search-engine-v2/external/re2/re2/walker-inl.h: In instantiation of ‘re2::WalkState<T>::WalkState(re2::Regexp*, T) [with T = re2::Frag]’:
/home/mathilda/FangBoRen/search-engine-v2/external/re2/re2/walker-inl.h:168:15:   required from ‘T re2::Regexp::Walker<T>::WalkInternal(re2::Regexp*, T, bool) [with T = re2::Frag]’
/home/mathilda/FangBoRen/search-engine-v2/external/re2/re2/walker-inl.h:242:10:   required from ‘T re2::Regexp::Walker<T>::WalkExponential(re2::Regexp*, T, int) [with T = re2::Frag]’
/home/mathilda/FangBoRen/search-engine-v2/external/re2/re2/compile.cc:1077:31:   required from here
/home/mathilda/FangBoRen/search-engine-v2/external/re2/re2/walker-inl.h:124:21: warning: declaration of ‘re’ shadows a member of ‘re2::WalkState<re2::Frag>’ [-Wshadow]
  124 |   WalkState(Regexp *re, T parent)
      |             ~~~~~~~~^~
/home/mathilda/FangBoRen/search-engine-v2/external/re2/re2/walker-inl.h:127:11: note: shadowed declaration is here
  127 |   Regexp *re;  // The regexp
      |           ^~
/home/mathilda/FangBoRen/search-engine-v2/external/re2/re2/walker-inl.h:124:21: warning: declaration of ‘re’ shadows a member of ‘re2::WalkState<re2::Frag>’ [-Wshadow]
  124 |   WalkState(Regexp *re, T parent)
      |             ~~~~~~~~^~
/home/mathilda/FangBoRen/search-engine-v2/external/re2/re2/walker-inl.h:127:11: note: shadowed declaration is here
  127 |   Regexp *re;  // The regexp
      |           ^~
/home/mathilda/FangBoRen/search-engine-v2/external/re2/re2/walker-inl.h:124:21: warning: declaration of ‘re’ shadows a member of ‘re2::WalkState<re2::Frag>’ [-Wshadow]
  124 |   WalkState(Regexp *re, T parent)
      |             ~~~~~~~~^~
/home/mathilda/FangBoRen/search-engine-v2/external/re2/re2/walker-inl.h:127:11: note: shadowed declaration is here
  127 |   Regexp *re;  // The regexp
      |           ^~
/home/mathilda/FangBoRen/search-engine-v2/external/re2/re2/walker-inl.h: In instantiation of ‘T re2::Regexp::Walker<T>::PreVisit(re2::Regexp*, T, bool*) [with T = re2::Frag]’:
/home/mathilda/FangBoRen/search-engine-v2/external/re2/re2/walker-inl.h:183:22:   required from ‘T re2::Regexp::Walker<T>::WalkInternal(re2::Regexp*, T, bool) [with T = re2::Frag]’
/home/mathilda/FangBoRen/search-engine-v2/external/re2/re2/walker-inl.h:242:10:   required from ‘T re2::Regexp::Walker<T>::WalkExponential(re2::Regexp*, T, int) [with T = re2::Frag]’
/home/mathilda/FangBoRen/search-engine-v2/external/re2/re2/compile.cc:1077:31:   required from here
/home/mathilda/FangBoRen/search-engine-v2/external/re2/re2/walker-inl.h:106:39: warning: unused parameter ‘re’ [-Wunused-parameter]
  106 | T Regexp::Walker<T>::PreVisit(Regexp *re, T parent_arg, bool *stop) {
      |                               ~~~~~~~~^~
/home/mathilda/FangBoRen/search-engine-v2/external/re2/re2/walker-inl.h:106:63: warning: unused parameter ‘stop’ [-Wunused-parameter]
  106 | T Regexp::Walker<T>::PreVisit(Regexp *re, T parent_arg, bool *stop) {
      |                                                         ~~~~~~^~~~
/home/mathilda/FangBoRen/search-engine-v2/external/re2/re2/walker-inl.h: In instantiation of ‘T re2::Regexp::Walker<T>::PostVisit(re2::Regexp*, T, T, T*, int) [with T = re2::Frag]’:
/home/mathilda/FangBoRen/search-engine-v2/external/re2/re2/walker-inl.h:210:13:   required from ‘T re2::Regexp::Walker<T>::WalkInternal(re2::Regexp*, T, bool) [with T = re2::Frag]’
/home/mathilda/FangBoRen/search-engine-v2/external/re2/re2/walker-inl.h:242:10:   required from ‘T re2::Regexp::Walker<T>::WalkExponential(re2::Regexp*, T, int) [with T = re2::Frag]’
/home/mathilda/FangBoRen/search-engine-v2/external/re2/re2/compile.cc:1077:31:   required from here
/home/mathilda/FangBoRen/search-engine-v2/external/re2/re2/walker-inl.h:111:40: warning: unused parameter ‘re’ [-Wunused-parameter]
  111 | T Regexp::Walker<T>::PostVisit(Regexp *re, T parent_arg, T pre_arg,
      |                                ~~~~~~~~^~
/home/mathilda/FangBoRen/search-engine-v2/external/re2/re2/walker-inl.h:111:46: warning: unused parameter ‘parent_arg’ [-Wunused-parameter]
  111 | T Regexp::Walker<T>::PostVisit(Regexp *re, T parent_arg, T pre_arg,
      |                                            ~~^~~~~~~~~~
/home/mathilda/FangBoRen/search-engine-v2/external/re2/re2/walker-inl.h:112:35: warning: unused parameter ‘child_args’ [-Wunused-parameter]
  112 |                                T *child_args, int nchild_args) {
      |                                ~~~^~~~~~~~~~
/home/mathilda/FangBoRen/search-engine-v2/external/re2/re2/walker-inl.h:112:51: warning: unused parameter ‘nchild_args’ [-Wunused-parameter]
  112 |                                T *child_args, int nchild_args) {
      |                                               ~~~~^~~~~~~~~~~
In file included from /home/mathilda/FangBoRen/search-engine-v2/external/re2/re2/dfa.cc:46:
/home/mathilda/FangBoRen/search-engine-v2/external/re2/re2/prog.h:171:14: warning: ISO C++ prohibits anonymous structs [-Wpedantic]
  171 |       struct {        // opcode == kInstByteRange
      |              ^
/home/mathilda/FangBoRen/search-engine-v2/external/re2/re2/prog.h:445:12: warning: ISO C++ prohibits anonymous structs [-Wpedantic]
  445 |     struct {
      |            ^
/home/mathilda/FangBoRen/search-engine-v2/external/re2/re2/dfa.cc:138:26: warning: ISO C++ forbids flexible array member ‘next_’ [-Wpedantic]
  138 |     std::atomic<State *> next_[];  // Outgoing arrows from State,
      |                          ^~~~~
/home/mathilda/FangBoRen/search-engine-v2/external/re2/re2/dfa.cc: In constructor ‘re2::DFA::SearchParams::SearchParams(absl::debian2::string_view, absl::debian2::string_view, re2::DFA::RWLocker*)’:
/home/mathilda/FangBoRen/search-engine-v2/external/re2/re2/dfa.cc:236:28: warning: declaration of ‘cache_lock’ shadows a member of ‘re2::DFA::SearchParams’ [-Wshadow]
  236 |                  RWLocker *cache_lock)
      |                  ~~~~~~~~~~^~~~~~~~~~
/home/mathilda/FangBoRen/search-engine-v2/external/re2/re2/dfa.cc:256:15: note: shadowed declaration is here
  256 |     RWLocker *cache_lock;
      |               ^~~~~~~~~~
/home/mathilda/FangBoRen/search-engine-v2/external/re2/re2/dfa.cc:235:60: warning: declaration of ‘context’ shadows a member of ‘re2::DFA::SearchParams’ [-Wshadow]
  235 |     SearchParams(absl::string_view text, absl::string_view context,
      |                                          ~~~~~~~~~~~~~~~~~~^~~~~~~
/home/mathilda/FangBoRen/search-engine-v2/external/re2/re2/dfa.cc:250:23: note: shadowed declaration is here
  250 |     absl::string_view context;
      |                       ^~~~~~~
/home/mathilda/FangBoRen/search-engine-v2/external/re2/re2/dfa.cc:235:36: warning: declaration of ‘text’ shadows a member of ‘re2::DFA::SearchParams’ [-Wshadow]
  235 |     SearchParams(absl::string_view text, absl::string_view context,
      |                  ~~~~~~~~~~~~~~~~~~^~~~
/home/mathilda/FangBoRen/search-engine-v2/external/re2/re2/dfa.cc:249:23: note: shadowed declaration is here
  249 |     absl::string_view text;
      |                       ^~~~
/home/mathilda/FangBoRen/search-engine-v2/external/re2/re2/dfa.cc: In constructor ‘re2::DFA::SearchParams::SearchParams(absl::debian2::string_view, absl::debian2::string_view, re2::DFA::RWLocker*)’:
/home/mathilda/FangBoRen/search-engine-v2/external/re2/re2/dfa.cc:236:28: warning: declaration of ‘cache_lock’ shadows a member of ‘re2::DFA::SearchParams’ [-Wshadow]
  236 |                  RWLocker *cache_lock)
      |                  ~~~~~~~~~~^~~~~~~~~~
/home/mathilda/FangBoRen/search-engine-v2/external/re2/re2/dfa.cc:256:15: note: shadowed declaration is here
  256 |     RWLocker *cache_lock;
      |               ^~~~~~~~~~
/home/mathilda/FangBoRen/search-engine-v2/external/re2/re2/dfa.cc:235:60: warning: declaration of ‘context’ shadows a member of ‘re2::DFA::SearchParams’ [-Wshadow]
  235 |     SearchParams(absl::string_view text, absl::string_view context,
      |                                          ~~~~~~~~~~~~~~~~~~^~~~~~~
/home/mathilda/FangBoRen/search-engine-v2/external/re2/re2/dfa.cc:250:23: note: shadowed declaration is here
  250 |     absl::string_view context;
      |                       ^~~~~~~
/home/mathilda/FangBoRen/search-engine-v2/external/re2/re2/dfa.cc:235:36: warning: declaration of ‘text’ shadows a member of ‘re2::DFA::SearchParams’ [-Wshadow]
  235 |     SearchParams(absl::string_view text, absl::string_view context,
      |                  ~~~~~~~~~~~~~~~~~~^~~~
/home/mathilda/FangBoRen/search-engine-v2/external/re2/re2/dfa.cc:249:23: note: shadowed declaration is here
  249 |     absl::string_view text;
      |                       ^~~~
/home/mathilda/FangBoRen/search-engine-v2/external/re2/re2/dfa.cc: In constructor ‘re2::DFA::SearchParams::SearchParams(absl::debian2::string_view, absl::debian2::string_view, re2::DFA::RWLocker*)’:
/home/mathilda/FangBoRen/search-engine-v2/external/re2/re2/dfa.cc:236:28: warning: declaration of ‘cache_lock’ shadows a member of ‘re2::DFA::SearchParams’ [-Wshadow]
  236 |                  RWLocker *cache_lock)
      |                  ~~~~~~~~~~^~~~~~~~~~
/home/mathilda/FangBoRen/search-engine-v2/external/re2/re2/dfa.cc:256:15: note: shadowed declaration is here
  256 |     RWLocker *cache_lock;
      |               ^~~~~~~~~~
/home/mathilda/FangBoRen/search-engine-v2/external/re2/re2/dfa.cc:235:60: warning: declaration of ‘context’ shadows a member of ‘re2::DFA::SearchParams’ [-Wshadow]
  235 |     SearchParams(absl::string_view text, absl::string_view context,
      |                                          ~~~~~~~~~~~~~~~~~~^~~~~~~
/home/mathilda/FangBoRen/search-engine-v2/external/re2/re2/dfa.cc:250:23: note: shadowed declaration is here
  250 |     absl::string_view context;
      |                       ^~~~~~~
/home/mathilda/FangBoRen/search-engine-v2/external/re2/re2/dfa.cc:235:36: warning: declaration of ‘text’ shadows a member of ‘re2::DFA::SearchParams’ [-Wshadow]
  235 |     SearchParams(absl::string_view text, absl::string_view context,
      |                  ~~~~~~~~~~~~~~~~~~^~~~
/home/mathilda/FangBoRen/search-engine-v2/external/re2/re2/dfa.cc:249:23: note: shadowed declaration is here
  249 |     absl::string_view text;
      |                       ^~~~
Elapsed time: 2 s. (time), 0.000443 s. (clock)
[  9%] Building CXX object external/googlebenchmark/src/CMakeFiles/benchmark.dir/check.cc.o
Elapsed time: 2 s. (time), 0.000415 s. (clock)
[ 10%] Building CXX object external/googlebenchmark/src/CMakeFiles/benchmark.dir/colorprint.cc.o
In file included from /home/mathilda/FangBoRen/search-engine-v2/external/re2/re2/prog.h:24,
                 from /home/mathilda/FangBoRen/search-engine-v2/external/re2/re2/dfa.cc:46:
/home/mathilda/FangBoRen/search-engine-v2/external/re2/re2/sparse_set.h: In instantiation of ‘void re2::SparseSetT<Value>::MaybeInitializeMemory(int, int) [with Value = void]’:
/home/mathilda/FangBoRen/search-engine-v2/external/re2/re2/sparse_set.h:222:3:   required from ‘re2::SparseSetT<Value>::SparseSetT(int) [with Value = void]’
/home/mathilda/FangBoRen/search-engine-v2/external/re2/re2/dfa.cc:369:28:   required from here
/home/mathilda/FangBoRen/search-engine-v2/external/re2/re2/sparse_set.h:156:34: warning: unused parameter ‘min’ [-Wunused-parameter]
  156 |   void MaybeInitializeMemory(int min, int max) {
      |                              ~~~~^~~
/home/mathilda/FangBoRen/search-engine-v2/external/re2/re2/sparse_set.h:156:43: warning: unused parameter ‘max’ [-Wunused-parameter]
  156 |   void MaybeInitializeMemory(int min, int max) {
      |                                       ~~~~^~~
Elapsed time: 0 s. (time), 0.000438 s. (clock)
[ 11%] Building CXX object external/spdlog/CMakeFiles/spdlog.dir/src/file_sinks.cpp.o
Elapsed time: 2 s. (time), 0.001546 s. (clock)
Elapsed time: 2 s. (time), 0.0006 s. (clock)
[ 12%] Building CXX object external/re2/CMakeFiles/re2.dir/re2/mimics_pcre.cc.o
[ 13%] Building CXX object external/spdlog/CMakeFiles/spdlog.dir/src/async.cpp.o
Elapsed time: 0 s. (time), 0.000601 s. (clock)
[ 13%] Building CXX object external/spdlog/CMakeFiles/spdlog.dir/src/cfg.cpp.o
Elapsed time: 2 s. (time), 0.000406 s. (clock)
[ 14%] Building CXX object external/spdlog/CMakeFiles/spdlog.dir/src/bundled_fmtlib_format.cpp.o
In file included from /home/mathilda/FangBoRen/search-engine-v2/external/re2/re2/mimics_pcre.cc:25:
/home/mathilda/FangBoRen/search-engine-v2/external/re2/re2/regexp.h:601:12: warning: ISO C++ prohibits anonymous structs [-Wpedantic]
  601 |     struct {  // Repeat
      |            ^
/home/mathilda/FangBoRen/search-engine-v2/external/re2/re2/regexp.h:605:12: warning: ISO C++ prohibits anonymous structs [-Wpedantic]
  605 |     struct {  // Capture
      |            ^
/home/mathilda/FangBoRen/search-engine-v2/external/re2/re2/regexp.h:609:12: warning: ISO C++ prohibits anonymous structs [-Wpedantic]
  609 |     struct {  // LiteralString
      |            ^
/home/mathilda/FangBoRen/search-engine-v2/external/re2/re2/regexp.h:613:12: warning: ISO C++ prohibits anonymous structs [-Wpedantic]
  613 |     struct {  // CharClass
      |            ^
Elapsed time: 2 s. (time), 0.000554 s. (clock)
[ 14%] Building CXX object external/googlebenchmark/src/CMakeFiles/benchmark.dir/commandlineflags.cc.o
In file included from /home/mathilda/FangBoRen/search-engine-v2/external/re2/re2/mimics_pcre.cc:26:
/home/mathilda/FangBoRen/search-engine-v2/external/re2/re2/walker-inl.h: In constructor ‘re2::WalkState<T>::WalkState(re2::Regexp*, T)’:
/home/mathilda/FangBoRen/search-engine-v2/external/re2/re2/walker-inl.h:124:21: warning: declaration of ‘re’ shadows a member of ‘re2::WalkState<T>’ [-Wshadow]
  124 |   WalkState(Regexp *re, T parent)
      |             ~~~~~~~~^~
/home/mathilda/FangBoRen/search-engine-v2/external/re2/re2/walker-inl.h:127:11: note: shadowed declaration is here
  127 |   Regexp *re;  // The regexp
      |           ^~
/home/mathilda/FangBoRen/search-engine-v2/external/re2/re2/mimics_pcre.cc: In member function ‘virtual bool re2::PCREWalker::ShortVisit(re2::Regexp*, bool)’:
/home/mathilda/FangBoRen/search-engine-v2/external/re2/re2/mimics_pcre.cc:44:35: warning: unused parameter ‘re’ [-Wunused-parameter]
   44 |   virtual bool ShortVisit(Regexp *re, bool a) {
      |                           ~~~~~~~~^~
/home/mathilda/FangBoRen/search-engine-v2/external/re2/re2/mimics_pcre.cc: In member function ‘virtual bool re2::PCREWalker::PostVisit(re2::Regexp*, bool, bool, bool*, int)’:
/home/mathilda/FangBoRen/search-engine-v2/external/re2/re2/mimics_pcre.cc:60:45: warning: unused parameter ‘parent_arg’ [-Wunused-parameter]
   60 | bool PCREWalker::PostVisit(Regexp *re, bool parent_arg, bool pre_arg,
      |                                        ~~~~~^~~~~~~~~~
/home/mathilda/FangBoRen/search-engine-v2/external/re2/re2/mimics_pcre.cc:60:62: warning: unused parameter ‘pre_arg’ [-Wunused-parameter]
   60 | bool PCREWalker::PostVisit(Regexp *re, bool parent_arg, bool pre_arg,
      |                                                         ~~~~~^~~~~~~
/home/mathilda/FangBoRen/search-engine-v2/external/re2/re2/mimics_pcre.cc: In member function ‘virtual bool re2::EmptyStringWalker::ShortVisit(re2::Regexp*, bool)’:
/home/mathilda/FangBoRen/search-engine-v2/external/re2/re2/mimics_pcre.cc:122:35: warning: unused parameter ‘re’ [-Wunused-parameter]
  122 |   virtual bool ShortVisit(Regexp *re, bool a) {
      |                           ~~~~~~~~^~
/home/mathilda/FangBoRen/search-engine-v2/external/re2/re2/mimics_pcre.cc: In member function ‘virtual bool re2::EmptyStringWalker::PostVisit(re2::Regexp*, bool, bool, bool*, int)’:
/home/mathilda/FangBoRen/search-engine-v2/external/re2/re2/mimics_pcre.cc:139:52: warning: unused parameter ‘parent_arg’ [-Wunused-parameter]
  139 | bool EmptyStringWalker::PostVisit(Regexp *re, bool parent_arg, bool pre_arg,
      |                                               ~~~~~^~~~~~~~~~
/home/mathilda/FangBoRen/search-engine-v2/external/re2/re2/mimics_pcre.cc:139:69: warning: unused parameter ‘pre_arg’ [-Wunused-parameter]
  139 | bool EmptyStringWalker::PostVisit(Regexp *re, bool parent_arg, bool pre_arg,
      |                                                                ~~~~~^~~~~~~
In file included from /home/mathilda/FangBoRen/search-engine-v2/external/re2/re2/mimics_pcre.cc:26:
/home/mathilda/FangBoRen/search-engine-v2/external/re2/re2/walker-inl.h: In instantiation of ‘re2::WalkState<T>::WalkState(re2::Regexp*, T) [with T = bool]’:
/home/mathilda/FangBoRen/search-engine-v2/external/re2/re2/walker-inl.h:168:15:   required from ‘T re2::Regexp::Walker<T>::WalkInternal(re2::Regexp*, T, bool) [with T = bool]’
/home/mathilda/FangBoRen/search-engine-v2/external/re2/re2/walker-inl.h:236:10:   required from ‘T re2::Regexp::Walker<T>::Walk(re2::Regexp*, T) [with T = bool]’
/home/mathilda/FangBoRen/search-engine-v2/external/re2/re2/mimics_pcre.cc:105:16:   required from here
/home/mathilda/FangBoRen/search-engine-v2/external/re2/re2/walker-inl.h:124:21: warning: declaration of ‘re’ shadows a member of ‘re2::WalkState<bool>’ [-Wshadow]
  124 |   WalkState(Regexp *re, T parent)
      |             ~~~~~~~~^~
/home/mathilda/FangBoRen/search-engine-v2/external/re2/re2/walker-inl.h:127:11: note: shadowed declaration is here
  127 |   Regexp *re;  // The regexp
      |           ^~
/home/mathilda/FangBoRen/search-engine-v2/external/re2/re2/walker-inl.h:124:21: warning: declaration of ‘re’ shadows a member of ‘re2::WalkState<bool>’ [-Wshadow]
  124 |   WalkState(Regexp *re, T parent)
      |             ~~~~~~~~^~
/home/mathilda/FangBoRen/search-engine-v2/external/re2/re2/walker-inl.h:127:11: note: shadowed declaration is here
  127 |   Regexp *re;  // The regexp
      |           ^~
/home/mathilda/FangBoRen/search-engine-v2/external/re2/re2/walker-inl.h:124:21: warning: declaration of ‘re’ shadows a member of ‘re2::WalkState<bool>’ [-Wshadow]
  124 |   WalkState(Regexp *re, T parent)
      |             ~~~~~~~~^~
/home/mathilda/FangBoRen/search-engine-v2/external/re2/re2/walker-inl.h:127:11: note: shadowed declaration is here
  127 |   Regexp *re;  // The regexp
      |           ^~
/home/mathilda/FangBoRen/search-engine-v2/external/re2/re2/walker-inl.h: In instantiation of ‘T re2::Regexp::Walker<T>::PreVisit(re2::Regexp*, T, bool*) [with T = bool]’:
/home/mathilda/FangBoRen/search-engine-v2/external/re2/re2/walker-inl.h:183:22:   required from ‘T re2::Regexp::Walker<T>::WalkInternal(re2::Regexp*, T, bool) [with T = bool]’
/home/mathilda/FangBoRen/search-engine-v2/external/re2/re2/walker-inl.h:236:10:   required from ‘T re2::Regexp::Walker<T>::Walk(re2::Regexp*, T) [with T = bool]’
/home/mathilda/FangBoRen/search-engine-v2/external/re2/re2/mimics_pcre.cc:105:16:   required from here
/home/mathilda/FangBoRen/search-engine-v2/external/re2/re2/walker-inl.h:106:39: warning: unused parameter ‘re’ [-Wunused-parameter]
  106 | T Regexp::Walker<T>::PreVisit(Regexp *re, T parent_arg, bool *stop) {
      |                               ~~~~~~~~^~
/home/mathilda/FangBoRen/search-engine-v2/external/re2/re2/walker-inl.h:106:63: warning: unused parameter ‘stop’ [-Wunused-parameter]
  106 | T Regexp::Walker<T>::PreVisit(Regexp *re, T parent_arg, bool *stop) {
      |                                                         ~~~~~~^~~~
/home/mathilda/FangBoRen/search-engine-v2/external/re2/re2/walker-inl.h: In instantiation of ‘T re2::Regexp::Walker<T>::PostVisit(re2::Regexp*, T, T, T*, int) [with T = bool]’:
/home/mathilda/FangBoRen/search-engine-v2/external/re2/re2/walker-inl.h:210:13:   required from ‘T re2::Regexp::Walker<T>::WalkInternal(re2::Regexp*, T, bool) [with T = bool]’
/home/mathilda/FangBoRen/search-engine-v2/external/re2/re2/walker-inl.h:236:10:   required from ‘T re2::Regexp::Walker<T>::Walk(re2::Regexp*, T) [with T = bool]’
/home/mathilda/FangBoRen/search-engine-v2/external/re2/re2/mimics_pcre.cc:105:16:   required from here
/home/mathilda/FangBoRen/search-engine-v2/external/re2/re2/walker-inl.h:111:40: warning: unused parameter ‘re’ [-Wunused-parameter]
  111 | T Regexp::Walker<T>::PostVisit(Regexp *re, T parent_arg, T pre_arg,
      |                                ~~~~~~~~^~
/home/mathilda/FangBoRen/search-engine-v2/external/re2/re2/walker-inl.h:111:46: warning: unused parameter ‘parent_arg’ [-Wunused-parameter]
  111 | T Regexp::Walker<T>::PostVisit(Regexp *re, T parent_arg, T pre_arg,
      |                                            ~~^~~~~~~~~~
/home/mathilda/FangBoRen/search-engine-v2/external/re2/re2/walker-inl.h:112:35: warning: unused parameter ‘child_args’ [-Wunused-parameter]
  112 |                                T *child_args, int nchild_args) {
      |                                ~~~^~~~~~~~~~
/home/mathilda/FangBoRen/search-engine-v2/external/re2/re2/walker-inl.h:112:51: warning: unused parameter ‘nchild_args’ [-Wunused-parameter]
  112 |                                T *child_args, int nchild_args) {
      |                                               ~~~~^~~~~~~~~~~
Elapsed time: 1 s. (time), 0.001206 s. (clock)
[ 14%] Building CXX object external/re2/CMakeFiles/re2.dir/re2/nfa.cc.o
Elapsed time: 3 s. (time), 0.001203 s. (clock)
[ 15%] Building CXX object external/re2/CMakeFiles/re2.dir/re2/onepass.cc.o
Elapsed time: 2 s. (time), 0.000536 s. (clock)
[ 15%] Building CXX object external/re2/CMakeFiles/re2.dir/re2/parse.cc.o
Elapsed time: 1 s. (time), 0.000578 s. (clock)
[ 16%] Building CXX object external/googlebenchmark/src/CMakeFiles/benchmark.dir/complexity.cc.o
Elapsed time: 2 s. (time), 0.000584 s. (clock)
[ 17%] Building CXX object external/googlebenchmark/src/CMakeFiles/benchmark.dir/console_reporter.cc.o
Elapsed time: 4 s. (time), 0.000412 s. (clock)
[ 17%] Building CXX object external/googlebenchmark/src/CMakeFiles/benchmark.dir/counter.cc.o
In file included from /home/mathilda/FangBoRen/search-engine-v2/external/re2/re2/nfa.cc:38:
/home/mathilda/FangBoRen/search-engine-v2/external/re2/re2/prog.h:171:14: warning: ISO C++ prohibits anonymous structs [-Wpedantic]
  171 |       struct {        // opcode == kInstByteRange
      |              ^
/home/mathilda/FangBoRen/search-engine-v2/external/re2/re2/prog.h:445:12: warning: ISO C++ prohibits anonymous structs [-Wpedantic]
  445 |     struct {
      |            ^
In file included from /home/mathilda/FangBoRen/search-engine-v2/external/re2/re2/onepass.cc:65:
/home/mathilda/FangBoRen/search-engine-v2/external/re2/re2/prog.h:171:14: warning: ISO C++ prohibits anonymous structs [-Wpedantic]
  171 |       struct {        // opcode == kInstByteRange
      |              ^
/home/mathilda/FangBoRen/search-engine-v2/external/re2/re2/prog.h:445:12: warning: ISO C++ prohibits anonymous structs [-Wpedantic]
  445 |     struct {
      |            ^
/home/mathilda/FangBoRen/search-engine-v2/external/re2/re2/onepass.cc:149:12: warning: ISO C++ forbids flexible array member ‘action’ [-Wpedantic]
  149 |   uint32_t action[];
      |            ^~~~~~
/home/mathilda/FangBoRen/search-engine-v2/external/re2/re2/onepass.cc: In member function ‘bool re2::Prog::IsOnePass()’:
/home/mathilda/FangBoRen/search-engine-v2/external/re2/re2/onepass.cc:416:11: warning: declaration of ‘id’ shadows a previous local [-Wshadow]
  416 |       int id = stack[--nstack].id;
      |           ^~
/home/mathilda/FangBoRen/search-engine-v2/external/re2/re2/onepass.cc:401:9: note: shadowed declaration is here
  401 |     int id = *it;
      |         ^~
In file included from /home/mathilda/FangBoRen/search-engine-v2/external/re2/re2/nfa.cc:39:
/home/mathilda/FangBoRen/search-engine-v2/external/re2/re2/regexp.h:601:12: warning: ISO C++ prohibits anonymous structs [-Wpedantic]
  601 |     struct {  // Repeat
      |            ^
/home/mathilda/FangBoRen/search-engine-v2/external/re2/re2/regexp.h:605:12: warning: ISO C++ prohibits anonymous structs [-Wpedantic]
  605 |     struct {  // Capture
      |            ^
/home/mathilda/FangBoRen/search-engine-v2/external/re2/re2/regexp.h:609:12: warning: ISO C++ prohibits anonymous structs [-Wpedantic]
  609 |     struct {  // LiteralString
      |            ^
/home/mathilda/FangBoRen/search-engine-v2/external/re2/re2/regexp.h:613:12: warning: ISO C++ prohibits anonymous structs [-Wpedantic]
  613 |     struct {  // CharClass
      |            ^
In file included from /home/mathilda/FangBoRen/search-engine-v2/external/re2/re2/prog.h:24,
                 from /home/mathilda/FangBoRen/search-engine-v2/external/re2/re2/onepass.cc:65:
/home/mathilda/FangBoRen/search-engine-v2/external/re2/re2/sparse_set.h: In instantiation of ‘void re2::SparseSetT<Value>::MaybeInitializeMemory(int, int) [with Value = void]’:
/home/mathilda/FangBoRen/search-engine-v2/external/re2/re2/sparse_set.h:222:3:   required from ‘re2::SparseSetT<Value>::SparseSetT(int) [with Value = void]’
/home/mathilda/FangBoRen/search-engine-v2/external/re2/re2/onepass.cc:395:21:   required from here
/home/mathilda/FangBoRen/search-engine-v2/external/re2/re2/sparse_set.h:156:34: warning: unused parameter ‘min’ [-Wunused-parameter]
  156 |   void MaybeInitializeMemory(int min, int max) {
      |                              ~~~~^~~
/home/mathilda/FangBoRen/search-engine-v2/external/re2/re2/sparse_set.h:156:43: warning: unused parameter ‘max’ [-Wunused-parameter]
  156 |   void MaybeInitializeMemory(int min, int max) {
      |                                       ~~~~^~~
In file included from /home/mathilda/FangBoRen/search-engine-v2/external/re2/re2/parse.cc:32:
/home/mathilda/FangBoRen/search-engine-v2/external/re2/re2/regexp.h:601:12: warning: ISO C++ prohibits anonymous structs [-Wpedantic]
  601 |     struct {  // Repeat
      |            ^
/home/mathilda/FangBoRen/search-engine-v2/external/re2/re2/regexp.h:605:12: warning: ISO C++ prohibits anonymous structs [-Wpedantic]
  605 |     struct {  // Capture
      |            ^
/home/mathilda/FangBoRen/search-engine-v2/external/re2/re2/regexp.h:609:12: warning: ISO C++ prohibits anonymous structs [-Wpedantic]
  609 |     struct {  // LiteralString
      |            ^
/home/mathilda/FangBoRen/search-engine-v2/external/re2/re2/regexp.h:613:12: warning: ISO C++ prohibits anonymous structs [-Wpedantic]
  613 |     struct {  // CharClass
      |            ^
In file included from /home/mathilda/FangBoRen/search-engine-v2/external/re2/re2/parse.cc:35:
/home/mathilda/FangBoRen/search-engine-v2/external/re2/re2/walker-inl.h: In constructor ‘re2::WalkState<T>::WalkState(re2::Regexp*, T)’:
/home/mathilda/FangBoRen/search-engine-v2/external/re2/re2/walker-inl.h:124:21: warning: declaration of ‘re’ shadows a member of ‘re2::WalkState<T>’ [-Wshadow]
  124 |   WalkState(Regexp *re, T parent)
      |             ~~~~~~~~^~
/home/mathilda/FangBoRen/search-engine-v2/external/re2/re2/walker-inl.h:127:11: note: shadowed declaration is here
  127 |   Regexp *re;  // The regexp
      |           ^~
In file included from /home/mathilda/FangBoRen/search-engine-v2/external/re2/re2/prog.h:23,
                 from /home/mathilda/FangBoRen/search-engine-v2/external/re2/re2/nfa.cc:38:
/home/mathilda/FangBoRen/search-engine-v2/external/re2/re2/sparse_array.h: In instantiation of ‘void re2::SparseArray<Value>::MaybeInitializeMemory(int, int) [with Value = re2::NFA::Thread*]’:
/home/mathilda/FangBoRen/search-engine-v2/external/re2/re2/sparse_array.h:319:5:   required from ‘void re2::SparseArray<Value>::resize(int) [with Value = re2::NFA::Thread*]’
/home/mathilda/FangBoRen/search-engine-v2/external/re2/re2/nfa.cc:141:13:   required from here
/home/mathilda/FangBoRen/search-engine-v2/external/re2/re2/sparse_array.h:231:34: warning: unused parameter ‘min’ [-Wunused-parameter]
  231 |   void MaybeInitializeMemory(int min, int max) {
      |                              ~~~~^~~
/home/mathilda/FangBoRen/search-engine-v2/external/re2/re2/sparse_array.h:231:43: warning: unused parameter ‘max’ [-Wunused-parameter]
  231 |   void MaybeInitializeMemory(int min, int max) {
      |                                       ~~~~^~~
In file included from /home/mathilda/FangBoRen/search-engine-v2/external/re2/re2/prog.h:24,
                 from /home/mathilda/FangBoRen/search-engine-v2/external/re2/re2/nfa.cc:38:
/home/mathilda/FangBoRen/search-engine-v2/external/re2/re2/sparse_set.h: In instantiation of ‘void re2::SparseSetT<Value>::MaybeInitializeMemory(int, int) [with Value = void]’:
/home/mathilda/FangBoRen/search-engine-v2/external/re2/re2/sparse_set.h:222:3:   required from ‘re2::SparseSetT<Value>::SparseSetT(int) [with Value = void]’
/home/mathilda/FangBoRen/search-engine-v2/external/re2/re2/nfa.cc:631:29:   required from here
/home/mathilda/FangBoRen/search-engine-v2/external/re2/re2/sparse_set.h:156:34: warning: unused parameter ‘min’ [-Wunused-parameter]
  156 |   void MaybeInitializeMemory(int min, int max) {
      |                              ~~~~^~~
/home/mathilda/FangBoRen/search-engine-v2/external/re2/re2/sparse_set.h:156:43: warning: unused parameter ‘max’ [-Wunused-parameter]
  156 |   void MaybeInitializeMemory(int min, int max) {
      |                                       ~~~~^~~
Elapsed time: 3 s. (time), 0.000564 s. (clock)
/home/mathilda/FangBoRen/search-engine-v2/external/re2/re2/parse.cc: In member function ‘virtual int re2::RepetitionWalker::PreVisit(re2::Regexp*, int, bool*)’:
/home/mathilda/FangBoRen/search-engine-v2/external/re2/re2/parse.cc:536:66: warning: unused parameter ‘stop’ [-Wunused-parameter]
  536 | int RepetitionWalker::PreVisit(Regexp *re, int parent_arg, bool *stop) {
      |                                                            ~~~~~~^~~~
/home/mathilda/FangBoRen/search-engine-v2/external/re2/re2/parse.cc: In member function ‘virtual int re2::RepetitionWalker::PostVisit(re2::Regexp*, int, int, int*, int)’:
/home/mathilda/FangBoRen/search-engine-v2/external/re2/re2/parse.cc:550:41: warning: unused parameter ‘re’ [-Wunused-parameter]
  550 | int RepetitionWalker::PostVisit(Regexp *re, int parent_arg, int pre_arg,
      |                                 ~~~~~~~~^~
/home/mathilda/FangBoRen/search-engine-v2/external/re2/re2/parse.cc:550:49: warning: unused parameter ‘parent_arg’ [-Wunused-parameter]
  550 | int RepetitionWalker::PostVisit(Regexp *re, int parent_arg, int pre_arg,
      |                                             ~~~~^~~~~~~~~~
/home/mathilda/FangBoRen/search-engine-v2/external/re2/re2/parse.cc: In member function ‘virtual int re2::RepetitionWalker::ShortVisit(re2::Regexp*, int)’:
/home/mathilda/FangBoRen/search-engine-v2/external/re2/re2/parse.cc:561:42: warning: unused parameter ‘re’ [-Wunused-parameter]
  561 | int RepetitionWalker::ShortVisit(Regexp *re, int parent_arg) {
      |                                  ~~~~~~~~^~
/home/mathilda/FangBoRen/search-engine-v2/external/re2/re2/parse.cc:561:50: warning: unused parameter ‘parent_arg’ [-Wunused-parameter]
  561 | int RepetitionWalker::ShortVisit(Regexp *re, int parent_arg) {
      |                                              ~~~~^~~~~~~~~~
/home/mathilda/FangBoRen/search-engine-v2/external/re2/re2/parse.cc: In constructor ‘re2::Splice::Splice(re2::Regexp*, re2::Regexp**, int)’:
/home/mathilda/FangBoRen/search-engine-v2/external/re2/re2/parse.cc:867:44: warning: declaration of ‘nsub’ shadows a member of ‘re2::Splice’ [-Wshadow]
  867 |   Splice(Regexp *prefix, Regexp **sub, int nsub)
      |                                        ~~~~^~~~
/home/mathilda/FangBoRen/search-engine-v2/external/re2/re2/parse.cc:872:7: note: shadowed declaration is here
  872 |   int nsub;
      |       ^~~~
/home/mathilda/FangBoRen/search-engine-v2/external/re2/re2/parse.cc:867:35: warning: declaration of ‘sub’ shadows a member of ‘re2::Splice’ [-Wshadow]
  867 |   Splice(Regexp *prefix, Regexp **sub, int nsub)
      |                          ~~~~~~~~~^~~
/home/mathilda/FangBoRen/search-engine-v2/external/re2/re2/parse.cc:871:12: note: shadowed declaration is here
  871 |   Regexp **sub;
      |            ^~~
/home/mathilda/FangBoRen/search-engine-v2/external/re2/re2/parse.cc:867:18: warning: declaration of ‘prefix’ shadows a member of ‘re2::Splice’ [-Wshadow]
  867 |   Splice(Regexp *prefix, Regexp **sub, int nsub)
      |          ~~~~~~~~^~~~~~
/home/mathilda/FangBoRen/search-engine-v2/external/re2/re2/parse.cc:870:11: note: shadowed declaration is here
  870 |   Regexp *prefix;
      |           ^~~~~~
/home/mathilda/FangBoRen/search-engine-v2/external/re2/re2/parse.cc: In constructor ‘re2::Splice::Splice(re2::Regexp*, re2::Regexp**, int)’:
/home/mathilda/FangBoRen/search-engine-v2/external/re2/re2/parse.cc:867:44: warning: declaration of ‘nsub’ shadows a member of ‘re2::Splice’ [-Wshadow]
  867 |   Splice(Regexp *prefix, Regexp **sub, int nsub)
      |                                        ~~~~^~~~
/home/mathilda/FangBoRen/search-engine-v2/external/re2/re2/parse.cc:872:7: note: shadowed declaration is here
  872 |   int nsub;
      |       ^~~~
/home/mathilda/FangBoRen/search-engine-v2/external/re2/re2/parse.cc:867:35: warning: declaration of ‘sub’ shadows a member of ‘re2::Splice’ [-Wshadow]
  867 |   Splice(Regexp *prefix, Regexp **sub, int nsub)
      |                          ~~~~~~~~~^~~
/home/mathilda/FangBoRen/search-engine-v2/external/re2/re2/parse.cc:871:12: note: shadowed declaration is here
  871 |   Regexp **sub;
      |            ^~~
/home/mathilda/FangBoRen/search-engine-v2/external/re2/re2/parse.cc:867:18: warning: declaration of ‘prefix’ shadows a member of ‘re2::Splice’ [-Wshadow]
  867 |   Splice(Regexp *prefix, Regexp **sub, int nsub)
      |          ~~~~~~~~^~~~~~
/home/mathilda/FangBoRen/search-engine-v2/external/re2/re2/parse.cc:870:11: note: shadowed declaration is here
  870 |   Regexp *prefix;
      |           ^~~~~~
/home/mathilda/FangBoRen/search-engine-v2/external/re2/re2/parse.cc: In constructor ‘re2::Splice::Splice(re2::Regexp*, re2::Regexp**, int)’:
/home/mathilda/FangBoRen/search-engine-v2/external/re2/re2/parse.cc:867:44: warning: declaration of ‘nsub’ shadows a member of ‘re2::Splice’ [-Wshadow]
  867 |   Splice(Regexp *prefix, Regexp **sub, int nsub)
      |                                        ~~~~^~~~
/home/mathilda/FangBoRen/search-engine-v2/external/re2/re2/parse.cc:872:7: note: shadowed declaration is here
  872 |   int nsub;
      |       ^~~~
/home/mathilda/FangBoRen/search-engine-v2/external/re2/re2/parse.cc:867:35: warning: declaration of ‘sub’ shadows a member of ‘re2::Splice’ [-Wshadow]
  867 |   Splice(Regexp *prefix, Regexp **sub, int nsub)
      |                          ~~~~~~~~~^~~
/home/mathilda/FangBoRen/search-engine-v2/external/re2/re2/parse.cc:871:12: note: shadowed declaration is here
  871 |   Regexp **sub;
      |            ^~~
/home/mathilda/FangBoRen/search-engine-v2/external/re2/re2/parse.cc:867:18: warning: declaration of ‘prefix’ shadows a member of ‘re2::Splice’ [-Wshadow]
  867 |   Splice(Regexp *prefix, Regexp **sub, int nsub)
      |          ~~~~~~~~^~~~~~
/home/mathilda/FangBoRen/search-engine-v2/external/re2/re2/parse.cc:870:11: note: shadowed declaration is here
  870 |   Regexp *prefix;
      |           ^~~~~~
[ 18%] Building CXX object external/googlebenchmark/src/CMakeFiles/benchmark.dir/csv_reporter.cc.o
/home/mathilda/FangBoRen/search-engine-v2/external/re2/re2/parse.cc: In constructor ‘re2::Frame::Frame(re2::Regexp**, int)’:
/home/mathilda/FangBoRen/search-engine-v2/external/re2/re2/parse.cc:881:27: warning: declaration of ‘nsub’ shadows a member of ‘re2::Frame’ [-Wshadow]
  881 |   Frame(Regexp **sub, int nsub) : sub(sub), nsub(nsub), round(0) {}
      |                       ~~~~^~~~
/home/mathilda/FangBoRen/search-engine-v2/external/re2/re2/parse.cc:884:7: note: shadowed declaration is here
  884 |   int nsub;
      |       ^~~~
/home/mathilda/FangBoRen/search-engine-v2/external/re2/re2/parse.cc:881:18: warning: declaration of ‘sub’ shadows a member of ‘re2::Frame’ [-Wshadow]
  881 |   Frame(Regexp **sub, int nsub) : sub(sub), nsub(nsub), round(0) {}
      |         ~~~~~~~~~^~~
/home/mathilda/FangBoRen/search-engine-v2/external/re2/re2/parse.cc:883:12: note: shadowed declaration is here
  883 |   Regexp **sub;
      |            ^~~
/home/mathilda/FangBoRen/search-engine-v2/external/re2/re2/parse.cc: In constructor ‘re2::Frame::Frame(re2::Regexp**, int)’:
/home/mathilda/FangBoRen/search-engine-v2/external/re2/re2/parse.cc:881:27: warning: declaration of ‘nsub’ shadows a member of ‘re2::Frame’ [-Wshadow]
  881 |   Frame(Regexp **sub, int nsub) : sub(sub), nsub(nsub), round(0) {}
      |                       ~~~~^~~~
/home/mathilda/FangBoRen/search-engine-v2/external/re2/re2/parse.cc:884:7: note: shadowed declaration is here
  884 |   int nsub;
      |       ^~~~
/home/mathilda/FangBoRen/search-engine-v2/external/re2/re2/parse.cc:881:18: warning: declaration of ‘sub’ shadows a member of ‘re2::Frame’ [-Wshadow]
  881 |   Frame(Regexp **sub, int nsub) : sub(sub), nsub(nsub), round(0) {}
      |         ~~~~~~~~~^~~
/home/mathilda/FangBoRen/search-engine-v2/external/re2/re2/parse.cc:883:12: note: shadowed declaration is here
  883 |   Regexp **sub;
      |            ^~~
/home/mathilda/FangBoRen/search-engine-v2/external/re2/re2/parse.cc: In constructor ‘re2::Frame::Frame(re2::Regexp**, int)’:
/home/mathilda/FangBoRen/search-engine-v2/external/re2/re2/parse.cc:881:27: warning: declaration of ‘nsub’ shadows a member of ‘re2::Frame’ [-Wshadow]
  881 |   Frame(Regexp **sub, int nsub) : sub(sub), nsub(nsub), round(0) {}
      |                       ~~~~^~~~
/home/mathilda/FangBoRen/search-engine-v2/external/re2/re2/parse.cc:884:7: note: shadowed declaration is here
  884 |   int nsub;
      |       ^~~~
/home/mathilda/FangBoRen/search-engine-v2/external/re2/re2/parse.cc:881:18: warning: declaration of ‘sub’ shadows a member of ‘re2::Frame’ [-Wshadow]
  881 |   Frame(Regexp **sub, int nsub) : sub(sub), nsub(nsub), round(0) {}
      |         ~~~~~~~~~^~~
/home/mathilda/FangBoRen/search-engine-v2/external/re2/re2/parse.cc:883:12: note: shadowed declaration is here
  883 |   Regexp **sub;
      |            ^~~
/home/mathilda/FangBoRen/search-engine-v2/external/re2/re2/parse.cc: In static member function ‘static int re2::Regexp::FactorAlternation(re2::Regexp**, int, re2::Regexp::ParseFlags)’:
/home/mathilda/FangBoRen/search-engine-v2/external/re2/re2/parse.cc:918:11: warning: declaration of ‘auto& sub’ shadows a parameter [-Wshadow]
  918 |     auto &sub = stk.back().sub;
      |           ^~~
/home/mathilda/FangBoRen/search-engine-v2/external/re2/re2/parse.cc:913:40: note: shadowed declaration is here
  913 | int Regexp::FactorAlternation(Regexp **sub, int nsub, ParseFlags flags) {
      |                               ~~~~~~~~~^~~
/home/mathilda/FangBoRen/search-engine-v2/external/re2/re2/parse.cc:919:11: warning: declaration of ‘auto& nsub’ shadows a parameter [-Wshadow]
  919 |     auto &nsub = stk.back().nsub;
      |           ^~~~
/home/mathilda/FangBoRen/search-engine-v2/external/re2/re2/parse.cc:913:49: note: shadowed declaration is here
  913 | int Regexp::FactorAlternation(Regexp **sub, int nsub, ParseFlags flags) {
      |                                             ~~~~^~~~
/home/mathilda/FangBoRen/search-engine-v2/external/re2/re2/parse.cc: In static member function ‘static void re2::FactorAlternationImpl::Round1(re2::Regexp**, int, re2::Regexp::ParseFlags, std::vector<re2::Splice>*)’:
/home/mathilda/FangBoRen/search-engine-v2/external/re2/re2/parse.cc:1008:55: warning: unused parameter ‘flags’ [-Wunused-parameter]
 1008 |                                    Regexp::ParseFlags flags,
      |                                    ~~~~~~~~~~~~~~~~~~~^~~~~
/home/mathilda/FangBoRen/search-engine-v2/external/re2/re2/parse.cc: In static member function ‘static void re2::FactorAlternationImpl::Round2(re2::Regexp**, int, re2::Regexp::ParseFlags, std::vector<re2::Splice>*)’:
/home/mathilda/FangBoRen/search-engine-v2/external/re2/re2/parse.cc:1060:55: warning: unused parameter ‘flags’ [-Wunused-parameter]
 1060 |                                    Regexp::ParseFlags flags,
      |                                    ~~~~~~~~~~~~~~~~~~~^~~~~
In file included from /home/mathilda/FangBoRen/search-engine-v2/external/re2/re2/parse.cc:35:
/home/mathilda/FangBoRen/search-engine-v2/external/re2/re2/walker-inl.h: In instantiation of ‘re2::WalkState<T>::WalkState(re2::Regexp*, T) [with T = int]’:
/home/mathilda/FangBoRen/search-engine-v2/external/re2/re2/walker-inl.h:168:15:   required from ‘T re2::Regexp::Walker<T>::WalkInternal(re2::Regexp*, T, bool) [with T = int]’
/home/mathilda/FangBoRen/search-engine-v2/external/re2/re2/walker-inl.h:236:10:   required from ‘T re2::Regexp::Walker<T>::Walk(re2::Regexp*, T) [with T = int]’
/home/mathilda/FangBoRen/search-engine-v2/external/re2/re2/parse.cc:596:15:   required from here
/home/mathilda/FangBoRen/search-engine-v2/external/re2/re2/walker-inl.h:124:21: warning: declaration of ‘re’ shadows a member of ‘re2::WalkState<int>’ [-Wshadow]
  124 |   WalkState(Regexp *re, T parent)
      |             ~~~~~~~~^~
/home/mathilda/FangBoRen/search-engine-v2/external/re2/re2/walker-inl.h:127:11: note: shadowed declaration is here
  127 |   Regexp *re;  // The regexp
      |           ^~
/home/mathilda/FangBoRen/search-engine-v2/external/re2/re2/walker-inl.h:124:21: warning: declaration of ‘re’ shadows a member of ‘re2::WalkState<int>’ [-Wshadow]
  124 |   WalkState(Regexp *re, T parent)
      |             ~~~~~~~~^~
/home/mathilda/FangBoRen/search-engine-v2/external/re2/re2/walker-inl.h:127:11: note: shadowed declaration is here
  127 |   Regexp *re;  // The regexp
      |           ^~
/home/mathilda/FangBoRen/search-engine-v2/external/re2/re2/walker-inl.h:124:21: warning: declaration of ‘re’ shadows a member of ‘re2::WalkState<int>’ [-Wshadow]
  124 |   WalkState(Regexp *re, T parent)
      |             ~~~~~~~~^~
/home/mathilda/FangBoRen/search-engine-v2/external/re2/re2/walker-inl.h:127:11: note: shadowed declaration is here
  127 |   Regexp *re;  // The regexp
      |           ^~
/home/mathilda/FangBoRen/search-engine-v2/external/re2/re2/walker-inl.h: In instantiation of ‘T re2::Regexp::Walker<T>::PreVisit(re2::Regexp*, T, bool*) [with T = int]’:
/home/mathilda/FangBoRen/search-engine-v2/external/re2/re2/walker-inl.h:183:22:   required from ‘T re2::Regexp::Walker<T>::WalkInternal(re2::Regexp*, T, bool) [with T = int]’
/home/mathilda/FangBoRen/search-engine-v2/external/re2/re2/walker-inl.h:236:10:   required from ‘T re2::Regexp::Walker<T>::Walk(re2::Regexp*, T) [with T = int]’
/home/mathilda/FangBoRen/search-engine-v2/external/re2/re2/parse.cc:596:15:   required from here
/home/mathilda/FangBoRen/search-engine-v2/external/re2/re2/walker-inl.h:106:39: warning: unused parameter ‘re’ [-Wunused-parameter]
  106 | T Regexp::Walker<T>::PreVisit(Regexp *re, T parent_arg, bool *stop) {
      |                               ~~~~~~~~^~
/home/mathilda/FangBoRen/search-engine-v2/external/re2/re2/walker-inl.h:106:63: warning: unused parameter ‘stop’ [-Wunused-parameter]
  106 | T Regexp::Walker<T>::PreVisit(Regexp *re, T parent_arg, bool *stop) {
      |                                                         ~~~~~~^~~~
/home/mathilda/FangBoRen/search-engine-v2/external/re2/re2/walker-inl.h: In instantiation of ‘T re2::Regexp::Walker<T>::PostVisit(re2::Regexp*, T, T, T*, int) [with T = int]’:
/home/mathilda/FangBoRen/search-engine-v2/external/re2/re2/walker-inl.h:210:13:   required from ‘T re2::Regexp::Walker<T>::WalkInternal(re2::Regexp*, T, bool) [with T = int]’
/home/mathilda/FangBoRen/search-engine-v2/external/re2/re2/walker-inl.h:236:10:   required from ‘T re2::Regexp::Walker<T>::Walk(re2::Regexp*, T) [with T = int]’
/home/mathilda/FangBoRen/search-engine-v2/external/re2/re2/parse.cc:596:15:   required from here
/home/mathilda/FangBoRen/search-engine-v2/external/re2/re2/walker-inl.h:111:40: warning: unused parameter ‘re’ [-Wunused-parameter]
  111 | T Regexp::Walker<T>::PostVisit(Regexp *re, T parent_arg, T pre_arg,
      |                                ~~~~~~~~^~
/home/mathilda/FangBoRen/search-engine-v2/external/re2/re2/walker-inl.h:111:46: warning: unused parameter ‘parent_arg’ [-Wunused-parameter]
  111 | T Regexp::Walker<T>::PostVisit(Regexp *re, T parent_arg, T pre_arg,
      |                                            ~~^~~~~~~~~~
/home/mathilda/FangBoRen/search-engine-v2/external/re2/re2/walker-inl.h:112:35: warning: unused parameter ‘child_args’ [-Wunused-parameter]
  112 |                                T *child_args, int nchild_args) {
      |                                ~~~^~~~~~~~~~
/home/mathilda/FangBoRen/search-engine-v2/external/re2/re2/walker-inl.h:112:51: warning: unused parameter ‘nchild_args’ [-Wunused-parameter]
  112 |                                T *child_args, int nchild_args) {
      |                                               ~~~~^~~~~~~~~~~
Elapsed time: 1 s. (time), 0.000537 s. (clock)
[ 18%] Building CXX object external/googlebenchmark/src/CMakeFiles/benchmark.dir/json_reporter.cc.o
Elapsed time: 1 s. (time), 0.000621 s. (clock)
[ 19%] Building CXX object external/googlebenchmark/src/CMakeFiles/benchmark.dir/perf_counters.cc.o
Elapsed time: 2 s. (time), 0.000863 s. (clock)
[ 20%] Building CXX object external/re2/CMakeFiles/re2.dir/re2/perl_groups.cc.o
Elapsed time: 0 s. (time), 0.000465 s. (clock)
[ 20%] Building CXX object external/re2/CMakeFiles/re2.dir/re2/prefilter.cc.o
Elapsed time: 1 s. (time), 0.000442 s. (clock)
[ 20%] Building CXX object external/googlebenchmark/src/CMakeFiles/benchmark.dir/reporter.cc.o
Elapsed time: 2 s. (time), 0.001217 s. (clock)
[ 21%] Building CXX object external/re2/CMakeFiles/re2.dir/re2/prefilter_tree.cc.o
Elapsed time: 1 s. (time), 0.001892 s. (clock)
[ 21%] Building CXX object external/re2/CMakeFiles/re2.dir/re2/prog.cc.o
Elapsed time: 2 s. (time), 0.00057 s. (clock)
[ 22%] Building CXX object external/re2/CMakeFiles/re2.dir/re2/re2.cc.o
Elapsed time: 1 s. (time), 0.000581 s. (clock)
[ 23%] Building CXX object external/googlebenchmark/src/CMakeFiles/benchmark.dir/statistics.cc.o
Elapsed time: 1 s. (time), 0.000647 s. (clock)
[ 24%] Building CXX object external/googlebenchmark/src/CMakeFiles/benchmark.dir/string_util.cc.o
Elapsed time: 1 s. (time), 0.00039 s. (clock)
[ 24%] Building CXX object external/googlebenchmark/src/CMakeFiles/benchmark.dir/sysinfo.cc.o
Elapsed time: 1 s. (time), 0.000406 s. (clock)
[ 25%] Building CXX object external/googlebenchmark/src/CMakeFiles/benchmark.dir/timers.cc.o
In file included from /home/mathilda/FangBoRen/search-engine-v2/external/re2/re2/prog.cc:8:
/home/mathilda/FangBoRen/search-engine-v2/external/re2/re2/prog.h:171:14: warning: ISO C++ prohibits anonymous structs [-Wpedantic]
  171 |       struct {        // opcode == kInstByteRange
      |              ^
/home/mathilda/FangBoRen/search-engine-v2/external/re2/re2/prog.h:445:12: warning: ISO C++ prohibits anonymous structs [-Wpedantic]
  445 |     struct {
      |            ^
In file included from /home/mathilda/FangBoRen/search-engine-v2/external/re2/re2/walker-inl.h:19,
                 from /home/mathilda/FangBoRen/search-engine-v2/external/re2/re2/prefilter.cc:17:
/home/mathilda/FangBoRen/search-engine-v2/external/re2/re2/regexp.h:601:12: warning: ISO C++ prohibits anonymous structs [-Wpedantic]
  601 |     struct {  // Repeat
      |            ^
/home/mathilda/FangBoRen/search-engine-v2/external/re2/re2/regexp.h:605:12: warning: ISO C++ prohibits anonymous structs [-Wpedantic]
  605 |     struct {  // Capture
      |            ^
/home/mathilda/FangBoRen/search-engine-v2/external/re2/re2/regexp.h:609:12: warning: ISO C++ prohibits anonymous structs [-Wpedantic]
  609 |     struct {  // LiteralString
      |            ^
/home/mathilda/FangBoRen/search-engine-v2/external/re2/re2/regexp.h:613:12: warning: ISO C++ prohibits anonymous structs [-Wpedantic]
  613 |     struct {  // CharClass
      |            ^
In file included from /home/mathilda/FangBoRen/search-engine-v2/external/re2/re2/prefilter.cc:17:
/home/mathilda/FangBoRen/search-engine-v2/external/re2/re2/walker-inl.h: In constructor ‘re2::WalkState<T>::WalkState(re2::Regexp*, T)’:
/home/mathilda/FangBoRen/search-engine-v2/external/re2/re2/walker-inl.h:124:21: warning: declaration of ‘re’ shadows a member of ‘re2::WalkState<T>’ [-Wshadow]
  124 |   WalkState(Regexp *re, T parent)
      |             ~~~~~~~~^~
/home/mathilda/FangBoRen/search-engine-v2/external/re2/re2/walker-inl.h:127:11: note: shadowed declaration is here
  127 |   Regexp *re;  // The regexp
      |           ^~
/home/mathilda/FangBoRen/search-engine-v2/external/re2/re2/prefilter.cc: In member function ‘virtual re2::Prefilter::Info* re2::Prefilter::Info::Walker::ShortVisit(re2::Regexp*, re2::Prefilter::Info*)’:
/home/mathilda/FangBoRen/search-engine-v2/external/re2/re2/prefilter.cc:490:13: warning: unused parameter ‘re’ [-Wunused-parameter]
  490 |     Regexp *re, Prefilter::Info *parent_arg) {
      |     ~~~~~~~~^~
/home/mathilda/FangBoRen/search-engine-v2/external/re2/re2/prefilter.cc:490:34: warning: unused parameter ‘parent_arg’ [-Wunused-parameter]
  490 |     Regexp *re, Prefilter::Info *parent_arg) {
      |                 ~~~~~~~~~~~~~~~~~^~~~~~~~~~
/home/mathilda/FangBoRen/search-engine-v2/external/re2/re2/prefilter.cc: In member function ‘virtual re2::Prefilter::Info* re2::Prefilter::Info::Walker::PostVisit(re2::Regexp*, re2::Prefilter::Info*, re2::Prefilter::Info*, re2::Prefilter::Info**, int)’:
/home/mathilda/FangBoRen/search-engine-v2/external/re2/re2/prefilter.cc:497:34: warning: unused parameter ‘parent_arg’ [-Wunused-parameter]
  497 |     Regexp *re, Prefilter::Info *parent_arg, Prefilter::Info *pre_arg,
      |                 ~~~~~~~~~~~~~~~~~^~~~~~~~~~
/home/mathilda/FangBoRen/search-engine-v2/external/re2/re2/prefilter.cc:497:63: warning: unused parameter ‘pre_arg’ [-Wunused-parameter]
  497 |     Regexp *re, Prefilter::Info *parent_arg, Prefilter::Info *pre_arg,
      |                                              ~~~~~~~~~~~~~~~~~^~~~~~~
In file included from /home/mathilda/FangBoRen/search-engine-v2/external/re2/re2/prefilter.cc:17:
/home/mathilda/FangBoRen/search-engine-v2/external/re2/re2/walker-inl.h: In instantiation of ‘re2::WalkState<T>::WalkState(re2::Regexp*, T) [with T = re2::Prefilter::Info*]’:
/home/mathilda/FangBoRen/search-engine-v2/external/re2/re2/walker-inl.h:168:15:   required from ‘T re2::Regexp::Walker<T>::WalkInternal(re2::Regexp*, T, bool) [with T = re2::Prefilter::Info*]’
/home/mathilda/FangBoRen/search-engine-v2/external/re2/re2/walker-inl.h:242:10:   required from ‘T re2::Regexp::Walker<T>::WalkExponential(re2::Regexp*, T, int) [with T = re2::Prefilter::Info*]’
/home/mathilda/FangBoRen/search-engine-v2/external/re2/re2/prefilter.cc:479:44:   required from here
/home/mathilda/FangBoRen/search-engine-v2/external/re2/re2/walker-inl.h:124:21: warning: declaration of ‘re’ shadows a member of ‘re2::WalkState<re2::Prefilter::Info*>’ [-Wshadow]
  124 |   WalkState(Regexp *re, T parent)
      |             ~~~~~~~~^~
/home/mathilda/FangBoRen/search-engine-v2/external/re2/re2/walker-inl.h:127:11: note: shadowed declaration is here
  127 |   Regexp *re;  // The regexp
      |           ^~
/home/mathilda/FangBoRen/search-engine-v2/external/re2/re2/walker-inl.h:124:21: warning: declaration of ‘re’ shadows a member of ‘re2::WalkState<re2::Prefilter::Info*>’ [-Wshadow]
  124 |   WalkState(Regexp *re, T parent)
      |             ~~~~~~~~^~
/home/mathilda/FangBoRen/search-engine-v2/external/re2/re2/walker-inl.h:127:11: note: shadowed declaration is here
  127 |   Regexp *re;  // The regexp
      |           ^~
/home/mathilda/FangBoRen/search-engine-v2/external/re2/re2/walker-inl.h:124:21: warning: declaration of ‘re’ shadows a member of ‘re2::WalkState<re2::Prefilter::Info*>’ [-Wshadow]
  124 |   WalkState(Regexp *re, T parent)
      |             ~~~~~~~~^~
/home/mathilda/FangBoRen/search-engine-v2/external/re2/re2/walker-inl.h:127:11: note: shadowed declaration is here
  127 |   Regexp *re;  // The regexp
      |           ^~
/home/mathilda/FangBoRen/search-engine-v2/external/re2/re2/walker-inl.h: In instantiation of ‘T re2::Regexp::Walker<T>::PreVisit(re2::Regexp*, T, bool*) [with T = re2::Prefilter::Info*]’:
/home/mathilda/FangBoRen/search-engine-v2/external/re2/re2/walker-inl.h:183:22:   required from ‘T re2::Regexp::Walker<T>::WalkInternal(re2::Regexp*, T, bool) [with T = re2::Prefilter::Info*]’
/home/mathilda/FangBoRen/search-engine-v2/external/re2/re2/walker-inl.h:242:10:   required from ‘T re2::Regexp::Walker<T>::WalkExponential(re2::Regexp*, T, int) [with T = re2::Prefilter::Info*]’
/home/mathilda/FangBoRen/search-engine-v2/external/re2/re2/prefilter.cc:479:44:   required from here
/home/mathilda/FangBoRen/search-engine-v2/external/re2/re2/walker-inl.h:106:39: warning: unused parameter ‘re’ [-Wunused-parameter]
  106 | T Regexp::Walker<T>::PreVisit(Regexp *re, T parent_arg, bool *stop) {
      |                               ~~~~~~~~^~
/home/mathilda/FangBoRen/search-engine-v2/external/re2/re2/walker-inl.h:106:63: warning: unused parameter ‘stop’ [-Wunused-parameter]
  106 | T Regexp::Walker<T>::PreVisit(Regexp *re, T parent_arg, bool *stop) {
      |                                                         ~~~~~~^~~~
/home/mathilda/FangBoRen/search-engine-v2/external/re2/re2/walker-inl.h: In instantiation of ‘T re2::Regexp::Walker<T>::PostVisit(re2::Regexp*, T, T, T*, int) [with T = re2::Prefilter::Info*]’:
/home/mathilda/FangBoRen/search-engine-v2/external/re2/re2/walker-inl.h:210:13:   required from ‘T re2::Regexp::Walker<T>::WalkInternal(re2::Regexp*, T, bool) [with T = re2::Prefilter::Info*]’
/home/mathilda/FangBoRen/search-engine-v2/external/re2/re2/walker-inl.h:242:10:   required from ‘T re2::Regexp::Walker<T>::WalkExponential(re2::Regexp*, T, int) [with T = re2::Prefilter::Info*]’
/home/mathilda/FangBoRen/search-engine-v2/external/re2/re2/prefilter.cc:479:44:   required from here
/home/mathilda/FangBoRen/search-engine-v2/external/re2/re2/walker-inl.h:111:40: warning: unused parameter ‘re’ [-Wunused-parameter]
  111 | T Regexp::Walker<T>::PostVisit(Regexp *re, T parent_arg, T pre_arg,
      |                                ~~~~~~~~^~
/home/mathilda/FangBoRen/search-engine-v2/external/re2/re2/walker-inl.h:111:46: warning: unused parameter ‘parent_arg’ [-Wunused-parameter]
  111 | T Regexp::Walker<T>::PostVisit(Regexp *re, T parent_arg, T pre_arg,
      |                                            ~~^~~~~~~~~~
/home/mathilda/FangBoRen/search-engine-v2/external/re2/re2/walker-inl.h:112:35: warning: unused parameter ‘child_args’ [-Wunused-parameter]
  112 |                                T *child_args, int nchild_args) {
      |                                ~~~^~~~~~~~~~
/home/mathilda/FangBoRen/search-engine-v2/external/re2/re2/walker-inl.h:112:51: warning: unused parameter ‘nchild_args’ [-Wunused-parameter]
  112 |                                T *child_args, int nchild_args) {
      |                                               ~~~~^~~~~~~~~~~
/home/mathilda/FangBoRen/search-engine-v2/external/re2/re2/prog.cc: In member function ‘void re2::Prog::Inst::InitNop(uint32_t)’:
/home/mathilda/FangBoRen/search-engine-v2/external/re2/re2/prog.cc:64:35: warning: unused parameter ‘out’ [-Wunused-parameter]
   64 | void Prog::Inst::InitNop(uint32_t out) {
      |                          ~~~~~~~~~^~~
Elapsed time: 6 s. (time), 0.000432 s. (clock)
[ 26%] Linking CXX static library ../../../lib/libgtest.a
In file included from /home/mathilda/FangBoRen/search-engine-v2/external/re2/re2/prog.h:24,
                 from /home/mathilda/FangBoRen/search-engine-v2/external/re2/re2/prog.cc:8:
/home/mathilda/FangBoRen/search-engine-v2/external/re2/re2/sparse_set.h: In instantiation of ‘void re2::SparseSetT<Value>::MaybeInitializeMemory(int, int) [with Value = void]’:
/home/mathilda/FangBoRen/search-engine-v2/external/re2/re2/sparse_set.h:222:3:   required from ‘re2::SparseSetT<Value>::SparseSetT(int) [with Value = void]’
/home/mathilda/FangBoRen/search-engine-v2/external/re2/re2/prog.cc:165:16:   required from here
/home/mathilda/FangBoRen/search-engine-v2/external/re2/re2/sparse_set.h:156:34: warning: unused parameter ‘min’ [-Wunused-parameter]
  156 |   void MaybeInitializeMemory(int min, int max) {
      |                              ~~~~^~~
/home/mathilda/FangBoRen/search-engine-v2/external/re2/re2/sparse_set.h:156:43: warning: unused parameter ‘max’ [-Wunused-parameter]
  156 |   void MaybeInitializeMemory(int min, int max) {
      |                                       ~~~~^~~
In file included from /home/mathilda/FangBoRen/search-engine-v2/external/re2/re2/prog.h:23,
                 from /home/mathilda/FangBoRen/search-engine-v2/external/re2/re2/prog.cc:8:
/home/mathilda/FangBoRen/search-engine-v2/external/re2/re2/sparse_array.h: In instantiation of ‘void re2::SparseArray<Value>::MaybeInitializeMemory(int, int) [with Value = int]’:
/home/mathilda/FangBoRen/search-engine-v2/external/re2/re2/sparse_array.h:350:3:   required from ‘re2::SparseArray<Value>::SparseArray(int) [with Value = int]’
/home/mathilda/FangBoRen/search-engine-v2/external/re2/re2/prog.cc:547:34:   required from here
/home/mathilda/FangBoRen/search-engine-v2/external/re2/re2/sparse_array.h:231:34: warning: unused parameter ‘min’ [-Wunused-parameter]
  231 |   void MaybeInitializeMemory(int min, int max) {
      |                              ~~~~^~~
/home/mathilda/FangBoRen/search-engine-v2/external/re2/re2/sparse_array.h:231:43: warning: unused parameter ‘max’ [-Wunused-parameter]
  231 |   void MaybeInitializeMemory(int min, int max) {
      |                                       ~~~~^~~
Elapsed time: 1 s. (time), 0.000698 s. (clock)
In file included from /home/mathilda/FangBoRen/search-engine-v2/external/re2/re2/re2.cc:32:
/home/mathilda/FangBoRen/search-engine-v2/external/re2/re2/prog.h:171:14: warning: ISO C++ prohibits anonymous structs [-Wpedantic]
  171 |       struct {        // opcode == kInstByteRange
      |              ^
/home/mathilda/FangBoRen/search-engine-v2/external/re2/re2/prog.h:445:12: warning: ISO C++ prohibits anonymous structs [-Wpedantic]
  445 |     struct {
      |            ^
Elapsed time: 0 s. (time), 0.000561 s. (clock)
In file included from /home/mathilda/FangBoRen/search-engine-v2/external/re2/re2/re2.cc:33:
/home/mathilda/FangBoRen/search-engine-v2/external/re2/re2/regexp.h:601:12: warning: ISO C++ prohibits anonymous structs [-Wpedantic]
  601 |     struct {  // Repeat
      |            ^
/home/mathilda/FangBoRen/search-engine-v2/external/re2/re2/regexp.h:605:12: warning: ISO C++ prohibits anonymous structs [-Wpedantic]
  605 |     struct {  // Capture
      |            ^
/home/mathilda/FangBoRen/search-engine-v2/external/re2/re2/regexp.h:609:12: warning: ISO C++ prohibits anonymous structs [-Wpedantic]
  609 |     struct {  // LiteralString
      |            ^
/home/mathilda/FangBoRen/search-engine-v2/external/re2/re2/regexp.h:613:12: warning: ISO C++ prohibits anonymous structs [-Wpedantic]
  613 |     struct {  // CharClass
      |            ^
[ 26%] Built target gtest
[ 27%] Building CXX object external/re2/CMakeFiles/re2.dir/re2/regexp.cc.o
/home/mathilda/FangBoRen/search-engine-v2/external/re2/re2/re2.cc: In function ‘bool re2::re2_internal::Parse(const char*, size_t, T*) [with T = void; size_t = long unsigned int]’:
/home/mathilda/FangBoRen/search-engine-v2/external/re2/re2/re2.cc:983:24: warning: unused parameter ‘str’ [-Wunused-parameter]
  983 | bool Parse(const char *str, size_t n, void *dest) {
      |            ~~~~~~~~~~~~^~~
/home/mathilda/FangBoRen/search-engine-v2/external/re2/re2/re2.cc:983:36: warning: unused parameter ‘n’ [-Wunused-parameter]
  983 | bool Parse(const char *str, size_t n, void *dest) {
      |                             ~~~~~~~^
Elapsed time: 1 s. (time), 0.000507 s. (clock)
Elapsed time: 2 s. (time), 0.001133 s. (clock)
[ 27%] Building CXX object external/re2/CMakeFiles/re2.dir/re2/set.cc.o
[ 28%] Building CXX object external/re2/CMakeFiles/re2.dir/re2/simplify.cc.o
Elapsed time: 1 s. (time), 0.000504 s. (clock)
[ 28%] Building CXX object external/re2/CMakeFiles/re2.dir/re2/tostring.cc.o
In file included from /home/mathilda/FangBoRen/search-engine-v2/external/re2/re2/prog.h:23,
                 from /home/mathilda/FangBoRen/search-engine-v2/external/re2/re2/re2.cc:32:
/home/mathilda/FangBoRen/search-engine-v2/external/re2/re2/sparse_array.h: In instantiation of ‘void re2::SparseArray<Value>::MaybeInitializeMemory(int, int) [with Value = int]’:
/home/mathilda/FangBoRen/search-engine-v2/external/re2/re2/sparse_array.h:350:3:   required from ‘re2::SparseArray<Value>::SparseArray(int) [with Value = int]’
/home/mathilda/FangBoRen/search-engine-v2/external/re2/re2/re2.cc:324:39:   required from here
/home/mathilda/FangBoRen/search-engine-v2/external/re2/re2/sparse_array.h:231:34: warning: unused parameter ‘min’ [-Wunused-parameter]
  231 |   void MaybeInitializeMemory(int min, int max) {
      |                              ~~~~^~~
/home/mathilda/FangBoRen/search-engine-v2/external/re2/re2/sparse_array.h:231:43: warning: unused parameter ‘max’ [-Wunused-parameter]
  231 |   void MaybeInitializeMemory(int min, int max) {
      |                                       ~~~~^~~
Elapsed time: 1 s. (time), 0.000529 s. (clock)
[ 29%] Building CXX object external/re2/CMakeFiles/re2.dir/re2/unicode_casefold.cc.o
Elapsed time: 0 s. (time), 0.000459 s. (clock)
In file included from /home/mathilda/FangBoRen/search-engine-v2/external/re2/re2/prefilter_tree.h:24,
                 from /home/mathilda/FangBoRen/search-engine-v2/external/re2/re2/prefilter_tree.cc:5:
/home/mathilda/FangBoRen/search-engine-v2/external/re2/re2/sparse_array.h: In instantiation of ‘void re2::SparseArray<Value>::MaybeInitializeMemory(int, int) [with Value = int]’:
/home/mathilda/FangBoRen/search-engine-v2/external/re2/re2/sparse_array.h:350:3:   required from ‘re2::SparseArray<Value>::SparseArray(int) [with Value = int]’
/home/mathilda/FangBoRen/search-engine-v2/external/re2/re2/prefilter_tree.cc:266:63:   required from here
/home/mathilda/FangBoRen/search-engine-v2/external/re2/re2/sparse_array.h:231:34: warning: unused parameter ‘min’ [-Wunused-parameter]
  231 |   void MaybeInitializeMemory(int min, int max) {
      |                              ~~~~^~~
/home/mathilda/FangBoRen/search-engine-v2/external/re2/re2/sparse_array.h:231:43: warning: unused parameter ‘max’ [-Wunused-parameter]
  231 |   void MaybeInitializeMemory(int min, int max) {
      |                                       ~~~~^~~
[ 29%] Building CXX object external/re2/CMakeFiles/re2.dir/re2/unicode_groups.cc.o
Elapsed time: 0 s. (time), 0.00055 s. (clock)
[ 30%] Building CXX object external/re2/CMakeFiles/re2.dir/util/rune.cc.o
Elapsed time: 0 s. (time), 0.000554 s. (clock)
[ 31%] Building CXX object external/re2/CMakeFiles/re2.dir/util/strutil.cc.o
Elapsed time: 1 s. (time), 0.00066 s. (clock)
[ 31%] Linking CXX static library libbenchmark.a
In file included from /home/mathilda/FangBoRen/search-engine-v2/external/re2/re2/regexp.cc:8:
/home/mathilda/FangBoRen/search-engine-v2/external/re2/re2/regexp.h:601:12: warning: ISO C++ prohibits anonymous structs [-Wpedantic]
  601 |     struct {  // Repeat
      |            ^
/home/mathilda/FangBoRen/search-engine-v2/external/re2/re2/regexp.h:605:12: warning: ISO C++ prohibits anonymous structs [-Wpedantic]
  605 |     struct {  // Capture
      |            ^
/home/mathilda/FangBoRen/search-engine-v2/external/re2/re2/regexp.h:609:12: warning: ISO C++ prohibits anonymous structs [-Wpedantic]
  609 |     struct {  // LiteralString
      |            ^
/home/mathilda/FangBoRen/search-engine-v2/external/re2/re2/regexp.h:613:12: warning: ISO C++ prohibits anonymous structs [-Wpedantic]
  613 |     struct {  // CharClass
      |            ^
Elapsed time: 0 s. (time), 0.000457 s. (clock)
[ 32%] Building CXX object external/googletest/googlemock/CMakeFiles/gmock.dir/src/gmock-all.cc.o
Elapsed time: 7 s. (time), 0.000471 s. (clock)
[ 32%] Linking CXX static library libspdlogd.a
Elapsed time: 1 s. (time), 0.00043 s. (clock)
Elapsed time: 3 s. (time), 0.001155 s. (clock)
Elapsed time: 3 s. (time), 0.000928 s. (clock)
[ 32%] Building CXX object external/googletest/googletest/CMakeFiles/gtest_main.dir/src/gtest_main.cc.o
In file included from /home/mathilda/FangBoRen/search-engine-v2/external/re2/re2/simplify.cc:13:
/home/mathilda/FangBoRen/search-engine-v2/external/re2/re2/regexp.h:601:12: warning: ISO C++ prohibits anonymous structs [-Wpedantic]
  601 |     struct {  // Repeat
      |            ^
/home/mathilda/FangBoRen/search-engine-v2/external/re2/re2/regexp.h:605:12: warning: ISO C++ prohibits anonymous structs [-Wpedantic]
  605 |     struct {  // Capture
      |            ^
/home/mathilda/FangBoRen/search-engine-v2/external/re2/re2/regexp.h:609:12: warning: ISO C++ prohibits anonymous structs [-Wpedantic]
  609 |     struct {  // LiteralString
      |            ^
/home/mathilda/FangBoRen/search-engine-v2/external/re2/re2/regexp.h:613:12: warning: ISO C++ prohibits anonymous structs [-Wpedantic]
  613 |     struct {  // CharClass
      |            ^
In file included from /home/mathilda/FangBoRen/search-engine-v2/external/re2/re2/simplify.cc:14:
/home/mathilda/FangBoRen/search-engine-v2/external/re2/re2/walker-inl.h: In constructor ‘re2::WalkState<T>::WalkState(re2::Regexp*, T)’:
/home/mathilda/FangBoRen/search-engine-v2/external/re2/re2/walker-inl.h:124:21: warning: declaration of ‘re’ shadows a member of ‘re2::WalkState<T>’ [-Wshadow]
  124 |   WalkState(Regexp *re, T parent)
      |             ~~~~~~~~^~
/home/mathilda/FangBoRen/search-engine-v2/external/re2/re2/walker-inl.h:127:11: note: shadowed declaration is here
  127 |   Regexp *re;  // The regexp
      |           ^~
In file included from /home/mathilda/FangBoRen/search-engine-v2/external/re2/re2/set.cc:14:
/home/mathilda/FangBoRen/search-engine-v2/external/re2/re2/prog.h:171:14: warning: ISO C++ prohibits anonymous structs [-Wpedantic]
  171 |       struct {        // opcode == kInstByteRange
      |              ^
/home/mathilda/FangBoRen/search-engine-v2/external/re2/re2/prog.h:445:12: warning: ISO C++ prohibits anonymous structs [-Wpedantic]
  445 |     struct {
      |            ^
/home/mathilda/FangBoRen/search-engine-v2/external/re2/re2/simplify.cc: In member function ‘virtual re2::Regexp* re2::CoalesceWalker::ShortVisit(re2::Regexp*, re2::Regexp*)’:
/home/mathilda/FangBoRen/search-engine-v2/external/re2/re2/simplify.cc:213:56: warning: unused parameter ‘parent_arg’ [-Wunused-parameter]
  213 | Regexp *CoalesceWalker::ShortVisit(Regexp *re, Regexp *parent_arg) {
      |                                                ~~~~~~~~^~~~~~~~~~
Elapsed time: 0 s. (time), 0.000604 s. (clock)
/home/mathilda/FangBoRen/search-engine-v2/external/re2/re2/simplify.cc: In member function ‘virtual re2::Regexp* re2::CoalesceWalker::PostVisit(re2::Regexp*, re2::Regexp*, re2::Regexp*, re2::Regexp**, int)’:
/home/mathilda/FangBoRen/search-engine-v2/external/re2/re2/simplify.cc:221:55: warning: unused parameter ‘parent_arg’ [-Wunused-parameter]
  221 | Regexp *CoalesceWalker::PostVisit(Regexp *re, Regexp *parent_arg,
      |                                               ~~~~~~~~^~~~~~~~~~
/home/mathilda/FangBoRen/search-engine-v2/external/re2/re2/simplify.cc:222:43: warning: unused parameter ‘pre_arg’ [-Wunused-parameter]
  222 |                                   Regexp *pre_arg, Regexp **child_args,
      |                                   ~~~~~~~~^~~~~~~
/home/mathilda/FangBoRen/search-engine-v2/external/re2/re2/simplify.cc:223:39: warning: unused parameter ‘nchild_args’ [-Wunused-parameter]
  223 |                                   int nchild_args) {
      |                                   ~~~~^~~~~~~~~~~
/home/mathilda/FangBoRen/search-engine-v2/external/re2/re2/simplify.cc: In member function ‘virtual re2::Regexp* re2::SimplifyWalker::ShortVisit(re2::Regexp*, re2::Regexp*)’:
/home/mathilda/FangBoRen/search-engine-v2/external/re2/re2/simplify.cc:417:56: warning: unused parameter ‘parent_arg’ [-Wunused-parameter]
  417 | Regexp *SimplifyWalker::ShortVisit(Regexp *re, Regexp *parent_arg) {
      |                                                ~~~~~~~~^~~~~~~~~~
/home/mathilda/FangBoRen/search-engine-v2/external/re2/re2/simplify.cc: In member function ‘virtual re2::Regexp* re2::SimplifyWalker::PreVisit(re2::Regexp*, re2::Regexp*, bool*)’:
/home/mathilda/FangBoRen/search-engine-v2/external/re2/re2/simplify.cc:425:54: warning: unused parameter ‘parent_arg’ [-Wunused-parameter]
  425 | Regexp *SimplifyWalker::PreVisit(Regexp *re, Regexp *parent_arg, bool *stop) {
      |                                              ~~~~~~~~^~~~~~~~~~
/home/mathilda/FangBoRen/search-engine-v2/external/re2/re2/simplify.cc: In member function ‘virtual re2::Regexp* re2::SimplifyWalker::PostVisit(re2::Regexp*, re2::Regexp*, re2::Regexp*, re2::Regexp**, int)’:
/home/mathilda/FangBoRen/search-engine-v2/external/re2/re2/simplify.cc:433:55: warning: unused parameter ‘parent_arg’ [-Wunused-parameter]
  433 | Regexp *SimplifyWalker::PostVisit(Regexp *re, Regexp *parent_arg,
      |                                               ~~~~~~~~^~~~~~~~~~
/home/mathilda/FangBoRen/search-engine-v2/external/re2/re2/simplify.cc:434:43: warning: unused parameter ‘pre_arg’ [-Wunused-parameter]
  434 |                                   Regexp *pre_arg, Regexp **child_args,
      |                                   ~~~~~~~~^~~~~~~
/home/mathilda/FangBoRen/search-engine-v2/external/re2/re2/simplify.cc:435:39: warning: unused parameter ‘nchild_args’ [-Wunused-parameter]
  435 |                                   int nchild_args) {
      |                                   ~~~~^~~~~~~~~~~
[ 32%] Built target benchmark
Elapsed time: 0 s. (time), 0.000532 s. (clock)
[ 32%] Building CXX object external/googlebenchmark/test/CMakeFiles/output_test_helper.dir/output_test_helper.cc.o
[ 33%] Building CXX object external/googlebenchmark/src/CMakeFiles/benchmark_main.dir/benchmark_main.cc.o
In file included from /home/mathilda/FangBoRen/search-engine-v2/external/re2/re2/set.cc:16:
/home/mathilda/FangBoRen/search-engine-v2/external/re2/re2/regexp.h:601:12: warning: ISO C++ prohibits anonymous structs [-Wpedantic]
  601 |     struct {  // Repeat
      |            ^
/home/mathilda/FangBoRen/search-engine-v2/external/re2/re2/regexp.h:605:12: warning: ISO C++ prohibits anonymous structs [-Wpedantic]
  605 |     struct {  // Capture
      |            ^
/home/mathilda/FangBoRen/search-engine-v2/external/re2/re2/regexp.h:609:12: warning: ISO C++ prohibits anonymous structs [-Wpedantic]
  609 |     struct {  // LiteralString
      |            ^
/home/mathilda/FangBoRen/search-engine-v2/external/re2/re2/regexp.h:613:12: warning: ISO C++ prohibits anonymous structs [-Wpedantic]
  613 |     struct {  // CharClass
      |            ^
In file included from /home/mathilda/FangBoRen/search-engine-v2/external/re2/re2/simplify.cc:14:
/home/mathilda/FangBoRen/search-engine-v2/external/re2/re2/walker-inl.h: In instantiation of ‘re2::WalkState<T>::WalkState(re2::Regexp*, T) [with T = re2::Regexp*]’:
/home/mathilda/FangBoRen/search-engine-v2/external/re2/re2/walker-inl.h:168:15:   required from ‘T re2::Regexp::Walker<T>::WalkInternal(re2::Regexp*, T, bool) [with T = re2::Regexp*]’
/home/mathilda/FangBoRen/search-engine-v2/external/re2/re2/walker-inl.h:236:10:   required from ‘T re2::Regexp::Walker<T>::Walk(re2::Regexp*, T) [with T = re2::Regexp*]’
/home/mathilda/FangBoRen/search-engine-v2/external/re2/re2/simplify.cc:175:24:   required from here
/home/mathilda/FangBoRen/search-engine-v2/external/re2/re2/walker-inl.h:124:21: warning: declaration of ‘re’ shadows a member of ‘re2::WalkState<re2::Regexp*>’ [-Wshadow]
  124 |   WalkState(Regexp *re, T parent)
      |             ~~~~~~~~^~
/home/mathilda/FangBoRen/search-engine-v2/external/re2/re2/walker-inl.h:127:11: note: shadowed declaration is here
  127 |   Regexp *re;  // The regexp
      |           ^~
/home/mathilda/FangBoRen/search-engine-v2/external/re2/re2/walker-inl.h:124:21: warning: declaration of ‘re’ shadows a member of ‘re2::WalkState<re2::Regexp*>’ [-Wshadow]
  124 |   WalkState(Regexp *re, T parent)
      |             ~~~~~~~~^~
/home/mathilda/FangBoRen/search-engine-v2/external/re2/re2/walker-inl.h:127:11: note: shadowed declaration is here
  127 |   Regexp *re;  // The regexp
      |           ^~
/home/mathilda/FangBoRen/search-engine-v2/external/re2/re2/walker-inl.h:124:21: warning: declaration of ‘re’ shadows a member of ‘re2::WalkState<re2::Regexp*>’ [-Wshadow]
  124 |   WalkState(Regexp *re, T parent)
      |             ~~~~~~~~^~
/home/mathilda/FangBoRen/search-engine-v2/external/re2/re2/walker-inl.h:127:11: note: shadowed declaration is here
  127 |   Regexp *re;  // The regexp
      |           ^~
/home/mathilda/FangBoRen/search-engine-v2/external/re2/re2/walker-inl.h: In instantiation of ‘T re2::Regexp::Walker<T>::PreVisit(re2::Regexp*, T, bool*) [with T = re2::Regexp*]’:
/home/mathilda/FangBoRen/search-engine-v2/external/re2/re2/walker-inl.h:183:22:   required from ‘T re2::Regexp::Walker<T>::WalkInternal(re2::Regexp*, T, bool) [with T = re2::Regexp*]’
/home/mathilda/FangBoRen/search-engine-v2/external/re2/re2/walker-inl.h:236:10:   required from ‘T re2::Regexp::Walker<T>::Walk(re2::Regexp*, T) [with T = re2::Regexp*]’
/home/mathilda/FangBoRen/search-engine-v2/external/re2/re2/simplify.cc:175:24:   required from here
/home/mathilda/FangBoRen/search-engine-v2/external/re2/re2/walker-inl.h:106:39: warning: unused parameter ‘re’ [-Wunused-parameter]
  106 | T Regexp::Walker<T>::PreVisit(Regexp *re, T parent_arg, bool *stop) {
      |                               ~~~~~~~~^~
/home/mathilda/FangBoRen/search-engine-v2/external/re2/re2/walker-inl.h:106:63: warning: unused parameter ‘stop’ [-Wunused-parameter]
  106 | T Regexp::Walker<T>::PreVisit(Regexp *re, T parent_arg, bool *stop) {
      |                                                         ~~~~~~^~~~
/home/mathilda/FangBoRen/search-engine-v2/external/re2/re2/walker-inl.h: In instantiation of ‘T re2::Regexp::Walker<T>::PostVisit(re2::Regexp*, T, T, T*, int) [with T = re2::Regexp*]’:
/home/mathilda/FangBoRen/search-engine-v2/external/re2/re2/walker-inl.h:210:13:   required from ‘T re2::Regexp::Walker<T>::WalkInternal(re2::Regexp*, T, bool) [with T = re2::Regexp*]’
/home/mathilda/FangBoRen/search-engine-v2/external/re2/re2/walker-inl.h:236:10:   required from ‘T re2::Regexp::Walker<T>::Walk(re2::Regexp*, T) [with T = re2::Regexp*]’
/home/mathilda/FangBoRen/search-engine-v2/external/re2/re2/simplify.cc:175:24:   required from here
/home/mathilda/FangBoRen/search-engine-v2/external/re2/re2/walker-inl.h:111:40: warning: unused parameter ‘re’ [-Wunused-parameter]
  111 | T Regexp::Walker<T>::PostVisit(Regexp *re, T parent_arg, T pre_arg,
      |                                ~~~~~~~~^~
/home/mathilda/FangBoRen/search-engine-v2/external/re2/re2/walker-inl.h:111:46: warning: unused parameter ‘parent_arg’ [-Wunused-parameter]
  111 | T Regexp::Walker<T>::PostVisit(Regexp *re, T parent_arg, T pre_arg,
      |                                            ~~^~~~~~~~~~
/home/mathilda/FangBoRen/search-engine-v2/external/re2/re2/walker-inl.h:112:35: warning: unused parameter ‘child_args’ [-Wunused-parameter]
  112 |                                T *child_args, int nchild_args) {
      |                                ~~~^~~~~~~~~~
/home/mathilda/FangBoRen/search-engine-v2/external/re2/re2/walker-inl.h:112:51: warning: unused parameter ‘nchild_args’ [-Wunused-parameter]
  112 |                                T *child_args, int nchild_args) {
      |                                               ~~~~^~~~~~~~~~~
Elapsed time: 0 s. (time), 0.000678 s. (clock)
[ 33%] Built target spdlog
In file included from /home/mathilda/FangBoRen/search-engine-v2/external/re2/re2/prog.h:24,
                 from /home/mathilda/FangBoRen/search-engine-v2/external/re2/re2/set.cc:14:
/home/mathilda/FangBoRen/search-engine-v2/external/re2/re2/sparse_set.h: In instantiation of ‘void re2::SparseSetT<Value>::MaybeInitializeMemory(int, int) [with Value = void]’:
/home/mathilda/FangBoRen/search-engine-v2/external/re2/re2/sparse_set.h:222:3:   required from ‘re2::SparseSetT<Value>::SparseSetT(int) [with Value = void]’
/home/mathilda/FangBoRen/search-engine-v2/external/re2/re2/set.cc:132:38:   required from here
/home/mathilda/FangBoRen/search-engine-v2/external/re2/re2/sparse_set.h:156:34: warning: unused parameter ‘min’ [-Wunused-parameter]
  156 |   void MaybeInitializeMemory(int min, int max) {
      |                              ~~~~^~~
/home/mathilda/FangBoRen/search-engine-v2/external/re2/re2/sparse_set.h:156:43: warning: unused parameter ‘max’ [-Wunused-parameter]
  156 |   void MaybeInitializeMemory(int min, int max) {
      |                                       ~~~~^~~
[ 34%] Building CXX object external/googlebenchmark/test/CMakeFiles/benchmark_test.dir/benchmark_test.cc.o
In file included from /home/mathilda/FangBoRen/search-engine-v2/external/re2/re2/tostring.cc:13:
/home/mathilda/FangBoRen/search-engine-v2/external/re2/re2/regexp.h:601:12: warning: ISO C++ prohibits anonymous structs [-Wpedantic]
  601 |     struct {  // Repeat
      |            ^
/home/mathilda/FangBoRen/search-engine-v2/external/re2/re2/regexp.h:605:12: warning: ISO C++ prohibits anonymous structs [-Wpedantic]
  605 |     struct {  // Capture
      |            ^
/home/mathilda/FangBoRen/search-engine-v2/external/re2/re2/regexp.h:609:12: warning: ISO C++ prohibits anonymous structs [-Wpedantic]
  609 |     struct {  // LiteralString
      |            ^
/home/mathilda/FangBoRen/search-engine-v2/external/re2/re2/regexp.h:613:12: warning: ISO C++ prohibits anonymous structs [-Wpedantic]
  613 |     struct {  // CharClass
      |            ^
In file included from /home/mathilda/FangBoRen/search-engine-v2/external/re2/re2/tostring.cc:14:
/home/mathilda/FangBoRen/search-engine-v2/external/re2/re2/walker-inl.h: In constructor ‘re2::WalkState<T>::WalkState(re2::Regexp*, T)’:
/home/mathilda/FangBoRen/search-engine-v2/external/re2/re2/walker-inl.h:124:21: warning: declaration of ‘re’ shadows a member of ‘re2::WalkState<T>’ [-Wshadow]
  124 |   WalkState(Regexp *re, T parent)
      |             ~~~~~~~~^~
/home/mathilda/FangBoRen/search-engine-v2/external/re2/re2/walker-inl.h:127:11: note: shadowed declaration is here
  127 |   Regexp *re;  // The regexp
      |           ^~
/home/mathilda/FangBoRen/search-engine-v2/external/re2/re2/tostring.cc: In member function ‘virtual int re2::ToStringWalker::ShortVisit(re2::Regexp*, int)’:
/home/mathilda/FangBoRen/search-engine-v2/external/re2/re2/tostring.cc:44:34: warning: unused parameter ‘re’ [-Wunused-parameter]
   44 |   virtual int ShortVisit(Regexp *re, int parent_arg) { return 0; }
      |                          ~~~~~~~~^~
/home/mathilda/FangBoRen/search-engine-v2/external/re2/re2/tostring.cc:44:42: warning: unused parameter ‘parent_arg’ [-Wunused-parameter]
   44 |   virtual int ShortVisit(Regexp *re, int parent_arg) { return 0; }
      |                                      ~~~~^~~~~~~~~~
/home/mathilda/FangBoRen/search-engine-v2/external/re2/re2/tostring.cc: In member function ‘virtual int re2::ToStringWalker::PreVisit(re2::Regexp*, int, bool*)’:
/home/mathilda/FangBoRen/search-engine-v2/external/re2/re2/tostring.cc:65:64: warning: unused parameter ‘stop’ [-Wunused-parameter]
   65 | int ToStringWalker::PreVisit(Regexp *re, int parent_arg, bool *stop) {
      |                                                          ~~~~~~^~~~
/home/mathilda/FangBoRen/search-engine-v2/external/re2/re2/tostring.cc: In member function ‘virtual int re2::ToStringWalker::PostVisit(re2::Regexp*, int, int, int*, int)’:
/home/mathilda/FangBoRen/search-engine-v2/external/re2/re2/tostring.cc:140:63: warning: unused parameter ‘pre_arg’ [-Wunused-parameter]
  140 | int ToStringWalker::PostVisit(Regexp *re, int parent_arg, int pre_arg,
      |                                                           ~~~~^~~~~~~
/home/mathilda/FangBoRen/search-engine-v2/external/re2/re2/tostring.cc:141:36: warning: unused parameter ‘child_args’ [-Wunused-parameter]
  141 |                               int *child_args, int nchild_args) {
      |                               ~~~~~^~~~~~~~~~
/home/mathilda/FangBoRen/search-engine-v2/external/re2/re2/tostring.cc:141:52: warning: unused parameter ‘nchild_args’ [-Wunused-parameter]
  141 |                               int *child_args, int nchild_args) {
      |                                                ~~~~^~~~~~~~~~~
In file included from /home/mathilda/FangBoRen/search-engine-v2/external/re2/re2/tostring.cc:14:
/home/mathilda/FangBoRen/search-engine-v2/external/re2/re2/walker-inl.h: In instantiation of ‘re2::WalkState<T>::WalkState(re2::Regexp*, T) [with T = int]’:
/home/mathilda/FangBoRen/search-engine-v2/external/re2/re2/walker-inl.h:168:15:   required from ‘T re2::Regexp::Walker<T>::WalkInternal(re2::Regexp*, T, bool) [with T = int]’
/home/mathilda/FangBoRen/search-engine-v2/external/re2/re2/walker-inl.h:242:10:   required from ‘T re2::Regexp::Walker<T>::WalkExponential(re2::Regexp*, T, int) [with T = int]’
/home/mathilda/FangBoRen/search-engine-v2/external/re2/re2/tostring.cc:56:20:   required from here
/home/mathilda/FangBoRen/search-engine-v2/external/re2/re2/walker-inl.h:124:21: warning: declaration of ‘re’ shadows a member of ‘re2::WalkState<int>’ [-Wshadow]
  124 |   WalkState(Regexp *re, T parent)
      |             ~~~~~~~~^~
/home/mathilda/FangBoRen/search-engine-v2/external/re2/re2/walker-inl.h:127:11: note: shadowed declaration is here
  127 |   Regexp *re;  // The regexp
      |           ^~
/home/mathilda/FangBoRen/search-engine-v2/external/re2/re2/walker-inl.h:124:21: warning: declaration of ‘re’ shadows a member of ‘re2::WalkState<int>’ [-Wshadow]
  124 |   WalkState(Regexp *re, T parent)
      |             ~~~~~~~~^~
/home/mathilda/FangBoRen/search-engine-v2/external/re2/re2/walker-inl.h:127:11: note: shadowed declaration is here
  127 |   Regexp *re;  // The regexp
      |           ^~
/home/mathilda/FangBoRen/search-engine-v2/external/re2/re2/walker-inl.h:124:21: warning: declaration of ‘re’ shadows a member of ‘re2::WalkState<int>’ [-Wshadow]
  124 |   WalkState(Regexp *re, T parent)
      |             ~~~~~~~~^~
/home/mathilda/FangBoRen/search-engine-v2/external/re2/re2/walker-inl.h:127:11: note: shadowed declaration is here
  127 |   Regexp *re;  // The regexp
      |           ^~
/home/mathilda/FangBoRen/search-engine-v2/external/re2/re2/walker-inl.h: In instantiation of ‘T re2::Regexp::Walker<T>::PreVisit(re2::Regexp*, T, bool*) [with T = int]’:
/home/mathilda/FangBoRen/search-engine-v2/external/re2/re2/walker-inl.h:183:22:   required from ‘T re2::Regexp::Walker<T>::WalkInternal(re2::Regexp*, T, bool) [with T = int]’
/home/mathilda/FangBoRen/search-engine-v2/external/re2/re2/walker-inl.h:242:10:   required from ‘T re2::Regexp::Walker<T>::WalkExponential(re2::Regexp*, T, int) [with T = int]’
/home/mathilda/FangBoRen/search-engine-v2/external/re2/re2/tostring.cc:56:20:   required from here
/home/mathilda/FangBoRen/search-engine-v2/external/re2/re2/walker-inl.h:106:39: warning: unused parameter ‘re’ [-Wunused-parameter]
  106 | T Regexp::Walker<T>::PreVisit(Regexp *re, T parent_arg, bool *stop) {
      |                               ~~~~~~~~^~
/home/mathilda/FangBoRen/search-engine-v2/external/re2/re2/walker-inl.h:106:63: warning: unused parameter ‘stop’ [-Wunused-parameter]
  106 | T Regexp::Walker<T>::PreVisit(Regexp *re, T parent_arg, bool *stop) {
      |                                                         ~~~~~~^~~~
/home/mathilda/FangBoRen/search-engine-v2/external/re2/re2/walker-inl.h: In instantiation of ‘T re2::Regexp::Walker<T>::PostVisit(re2::Regexp*, T, T, T*, int) [with T = int]’:
/home/mathilda/FangBoRen/search-engine-v2/external/re2/re2/walker-inl.h:210:13:   required from ‘T re2::Regexp::Walker<T>::WalkInternal(re2::Regexp*, T, bool) [with T = int]’
/home/mathilda/FangBoRen/search-engine-v2/external/re2/re2/walker-inl.h:242:10:   required from ‘T re2::Regexp::Walker<T>::WalkExponential(re2::Regexp*, T, int) [with T = int]’
/home/mathilda/FangBoRen/search-engine-v2/external/re2/re2/tostring.cc:56:20:   required from here
/home/mathilda/FangBoRen/search-engine-v2/external/re2/re2/walker-inl.h:111:40: warning: unused parameter ‘re’ [-Wunused-parameter]
  111 | T Regexp::Walker<T>::PostVisit(Regexp *re, T parent_arg, T pre_arg,
      |                                ~~~~~~~~^~
/home/mathilda/FangBoRen/search-engine-v2/external/re2/re2/walker-inl.h:111:46: warning: unused parameter ‘parent_arg’ [-Wunused-parameter]
  111 | T Regexp::Walker<T>::PostVisit(Regexp *re, T parent_arg, T pre_arg,
      |                                            ~~^~~~~~~~~~
/home/mathilda/FangBoRen/search-engine-v2/external/re2/re2/walker-inl.h:112:35: warning: unused parameter ‘child_args’ [-Wunused-parameter]
  112 |                                T *child_args, int nchild_args) {
      |                                ~~~^~~~~~~~~~
/home/mathilda/FangBoRen/search-engine-v2/external/re2/re2/walker-inl.h:112:51: warning: unused parameter ‘nchild_args’ [-Wunused-parameter]
  112 |                                T *child_args, int nchild_args) {
      |                                               ~~~~^~~~~~~~~~~
Elapsed time: 1 s. (time), 0.001133 s. (clock)
[ 35%] Building CXX object external/googlebenchmark/test/CMakeFiles/spec_arg_test.dir/spec_arg_test.cc.o
In file included from /home/mathilda/FangBoRen/search-engine-v2/external/re2/re2/regexp.cc:24:
/home/mathilda/FangBoRen/search-engine-v2/external/re2/re2/walker-inl.h: In constructor ‘re2::WalkState<T>::WalkState(re2::Regexp*, T)’:
/home/mathilda/FangBoRen/search-engine-v2/external/re2/re2/walker-inl.h:124:21: warning: declaration of ‘re’ shadows a member of ‘re2::WalkState<T>’ [-Wshadow]
  124 |   WalkState(Regexp *re, T parent)
      |             ~~~~~~~~^~
/home/mathilda/FangBoRen/search-engine-v2/external/re2/re2/walker-inl.h:127:11: note: shadowed declaration is here
  127 |   Regexp *re;  // The regexp
      |           ^~
/home/mathilda/FangBoRen/search-engine-v2/external/re2/re2/regexp.cc: In member function ‘virtual re2::Ignored re2::NumCapturesWalker::PreVisit(re2::Regexp*, re2::Ignored, bool*)’:
/home/mathilda/FangBoRen/search-engine-v2/external/re2/re2/regexp.cc:531:63: warning: unused parameter ‘stop’ [-Wunused-parameter]
  531 |   virtual Ignored PreVisit(Regexp *re, Ignored ignored, bool *stop) {
      |                                                         ~~~~~~^~~~
/home/mathilda/FangBoRen/search-engine-v2/external/re2/re2/regexp.cc: In member function ‘virtual re2::Ignored re2::NumCapturesWalker::ShortVisit(re2::Regexp*, re2::Ignored)’:
/home/mathilda/FangBoRen/search-engine-v2/external/re2/re2/regexp.cc:536:38: warning: unused parameter ‘re’ [-Wunused-parameter]
  536 |   virtual Ignored ShortVisit(Regexp *re, Ignored ignored) {
      |                              ~~~~~~~~^~
Elapsed time: 0 s. (time), 0.00055 s. (clock)
/home/mathilda/FangBoRen/search-engine-v2/external/re2/re2/regexp.cc: In member function ‘virtual re2::Ignored re2::NamedCapturesWalker::PreVisit(re2::Regexp*, re2::Ignored, bool*)’:
/home/mathilda/FangBoRen/search-engine-v2/external/re2/re2/regexp.cc:569:63: warning: unused parameter ‘stop’ [-Wunused-parameter]
  569 |   virtual Ignored PreVisit(Regexp *re, Ignored ignored, bool *stop) {
      |                                                         ~~~~~~^~~~
/home/mathilda/FangBoRen/search-engine-v2/external/re2/re2/regexp.cc: In member function ‘virtual re2::Ignored re2::NamedCapturesWalker::ShortVisit(re2::Regexp*, re2::Ignored)’:
/home/mathilda/FangBoRen/search-engine-v2/external/re2/re2/regexp.cc:582:38: warning: unused parameter ‘re’ [-Wunused-parameter]
  582 |   virtual Ignored ShortVisit(Regexp *re, Ignored ignored) {
      |                              ~~~~~~~~^~
Elapsed time: 3 s. (time), 0.000766 s. (clock)
[ 36%] Linking CXX static library libbenchmark_main.a
/home/mathilda/FangBoRen/search-engine-v2/external/re2/re2/regexp.cc: In member function ‘virtual re2::Ignored re2::CaptureNamesWalker::PreVisit(re2::Regexp*, re2::Ignored, bool*)’:
/home/mathilda/FangBoRen/search-engine-v2/external/re2/re2/regexp.cc:615:63: warning: unused parameter ‘stop’ [-Wunused-parameter]
  615 |   virtual Ignored PreVisit(Regexp *re, Ignored ignored, bool *stop) {
      |                                                         ~~~~~~^~~~
/home/mathilda/FangBoRen/search-engine-v2/external/re2/re2/regexp.cc: In member function ‘virtual re2::Ignored re2::CaptureNamesWalker::ShortVisit(re2::Regexp*, re2::Ignored)’:
/home/mathilda/FangBoRen/search-engine-v2/external/re2/re2/regexp.cc:625:38: warning: unused parameter ‘re’ [-Wunused-parameter]
  625 |   virtual Ignored ShortVisit(Regexp *re, Ignored ignored) {
      |                              ~~~~~~~~^~
[ 37%] Building CXX object external/googlebenchmark/test/CMakeFiles/spec_arg_verbosity_test.dir/spec_arg_verbosity_test.cc.o
Elapsed time: 1 s. (time), 0.001053 s. (clock)
Elapsed time: 0 s. (time), 0.000586 s. (clock)
[ 38%] Building CXX object external/googlebenchmark/test/CMakeFiles/benchmark_setup_teardown_test.dir/benchmark_setup_teardown_test.cc.o
Elapsed time: 0 s. (time), 0.000436 s. (clock)
Elapsed time: 1 s. (time), 0.000891 s. (clock)
[ 38%] Built target benchmark_main
[ 38%] Building CXX object external/googlebenchmark/test/CMakeFiles/benchmark_min_time_flag_time_test.dir/benchmark_min_time_flag_time_test.cc.o
[ 39%] Building CXX object external/googlebenchmark/test/CMakeFiles/filter_test.dir/filter_test.cc.o
In file included from /home/mathilda/FangBoRen/search-engine-v2/external/re2/re2/regexp.cc:24:
/home/mathilda/FangBoRen/search-engine-v2/external/re2/re2/walker-inl.h: In instantiation of ‘re2::WalkState<T>::WalkState(re2::Regexp*, T) [with T = int]’:
/home/mathilda/FangBoRen/search-engine-v2/external/re2/re2/walker-inl.h:168:15:   required from ‘T re2::Regexp::Walker<T>::WalkInternal(re2::Regexp*, T, bool) [with T = int]’
/home/mathilda/FangBoRen/search-engine-v2/external/re2/re2/walker-inl.h:236:10:   required from ‘T re2::Regexp::Walker<T>::Walk(re2::Regexp*, T) [with T = int]’
/home/mathilda/FangBoRen/search-engine-v2/external/re2/re2/regexp.cc:553:9:   required from here
/home/mathilda/FangBoRen/search-engine-v2/external/re2/re2/walker-inl.h:124:21: warning: declaration of ‘re’ shadows a member of ‘re2::WalkState<int>’ [-Wshadow]
  124 |   WalkState(Regexp *re, T parent)
      |             ~~~~~~~~^~
/home/mathilda/FangBoRen/search-engine-v2/external/re2/re2/walker-inl.h:127:11: note: shadowed declaration is here
  127 |   Regexp *re;  // The regexp
      |           ^~
/home/mathilda/FangBoRen/search-engine-v2/external/re2/re2/walker-inl.h:124:21: warning: declaration of ‘re’ shadows a member of ‘re2::WalkState<int>’ [-Wshadow]
  124 |   WalkState(Regexp *re, T parent)
      |             ~~~~~~~~^~
/home/mathilda/FangBoRen/search-engine-v2/external/re2/re2/walker-inl.h:127:11: note: shadowed declaration is here
  127 |   Regexp *re;  // The regexp
      |           ^~
/home/mathilda/FangBoRen/search-engine-v2/external/re2/re2/walker-inl.h:124:21: warning: declaration of ‘re’ shadows a member of ‘re2::WalkState<int>’ [-Wshadow]
  124 |   WalkState(Regexp *re, T parent)
      |             ~~~~~~~~^~
/home/mathilda/FangBoRen/search-engine-v2/external/re2/re2/walker-inl.h:127:11: note: shadowed declaration is here
  127 |   Regexp *re;  // The regexp
      |           ^~
/home/mathilda/FangBoRen/search-engine-v2/external/re2/re2/walker-inl.h: In instantiation of ‘T re2::Regexp::Walker<T>::PreVisit(re2::Regexp*, T, bool*) [with T = int]’:
/home/mathilda/FangBoRen/search-engine-v2/external/re2/re2/walker-inl.h:183:22:   required from ‘T re2::Regexp::Walker<T>::WalkInternal(re2::Regexp*, T, bool) [with T = int]’
/home/mathilda/FangBoRen/search-engine-v2/external/re2/re2/walker-inl.h:236:10:   required from ‘T re2::Regexp::Walker<T>::Walk(re2::Regexp*, T) [with T = int]’
/home/mathilda/FangBoRen/search-engine-v2/external/re2/re2/regexp.cc:553:9:   required from here
/home/mathilda/FangBoRen/search-engine-v2/external/re2/re2/walker-inl.h:106:39: warning: unused parameter ‘re’ [-Wunused-parameter]
  106 | T Regexp::Walker<T>::PreVisit(Regexp *re, T parent_arg, bool *stop) {
      |                               ~~~~~~~~^~
/home/mathilda/FangBoRen/search-engine-v2/external/re2/re2/walker-inl.h:106:63: warning: unused parameter ‘stop’ [-Wunused-parameter]
  106 | T Regexp::Walker<T>::PreVisit(Regexp *re, T parent_arg, bool *stop) {
      |                                                         ~~~~~~^~~~
/home/mathilda/FangBoRen/search-engine-v2/external/re2/re2/walker-inl.h: In instantiation of ‘T re2::Regexp::Walker<T>::PostVisit(re2::Regexp*, T, T, T*, int) [with T = int]’:
/home/mathilda/FangBoRen/search-engine-v2/external/re2/re2/walker-inl.h:210:13:   required from ‘T re2::Regexp::Walker<T>::WalkInternal(re2::Regexp*, T, bool) [with T = int]’
/home/mathilda/FangBoRen/search-engine-v2/external/re2/re2/walker-inl.h:236:10:   required from ‘T re2::Regexp::Walker<T>::Walk(re2::Regexp*, T) [with T = int]’
/home/mathilda/FangBoRen/search-engine-v2/external/re2/re2/regexp.cc:553:9:   required from here
/home/mathilda/FangBoRen/search-engine-v2/external/re2/re2/walker-inl.h:111:40: warning: unused parameter ‘re’ [-Wunused-parameter]
  111 | T Regexp::Walker<T>::PostVisit(Regexp *re, T parent_arg, T pre_arg,
      |                                ~~~~~~~~^~
/home/mathilda/FangBoRen/search-engine-v2/external/re2/re2/walker-inl.h:111:46: warning: unused parameter ‘parent_arg’ [-Wunused-parameter]
  111 | T Regexp::Walker<T>::PostVisit(Regexp *re, T parent_arg, T pre_arg,
      |                                            ~~^~~~~~~~~~
/home/mathilda/FangBoRen/search-engine-v2/external/re2/re2/walker-inl.h:112:35: warning: unused parameter ‘child_args’ [-Wunused-parameter]
  112 |                                T *child_args, int nchild_args) {
      |                                ~~~^~~~~~~~~~
/home/mathilda/FangBoRen/search-engine-v2/external/re2/re2/walker-inl.h:112:51: warning: unused parameter ‘nchild_args’ [-Wunused-parameter]
  112 |                                T *child_args, int nchild_args) {
      |                                               ~~~~^~~~~~~~~~~
Elapsed time: 1 s. (time), 0.000593 s. (clock)
[ 39%] Linking CXX executable spec_arg_test
Elapsed time: 1 s. (time), 0.000483 s. (clock)
[ 39%] Linking CXX executable spec_arg_verbosity_test
Elapsed time: 1 s. (time), 0.00055 s. (clock)
[ 39%] Linking CXX executable benchmark_setup_teardown_test
Elapsed time: 1 s. (time), 0.000573 s. (clock)
[ 40%] Linking CXX executable benchmark_min_time_flag_time_test
Elapsed time: 1 s. (time), 0.000512 s. (clock)
[ 40%] Linking CXX executable filter_test
Elapsed time: 1 s. (time), 0.000469 s. (clock)
[ 41%] Linking CXX static library ../../../lib/libgtest_main.a
Elapsed time: 0 s. (time), 0.00062 s. (clock)
Elapsed time: 1 s. (time), 0.00043 s. (clock)
[ 41%] Linking CXX executable benchmark_test
Elapsed time: 0 s. (time), 0.000629 s. (clock)
[ 41%] Built target gtest_main
[ 41%] Building CXX object external/googlebenchmark/test/CMakeFiles/benchmark_min_time_flag_iters_test.dir/benchmark_min_time_flag_iters_test.cc.o
Elapsed time: 0 s. (time), 0.000589 s. (clock)
[ 41%] Built target spec_arg_test
[ 41%] Building CXX object external/googlebenchmark/test/CMakeFiles/options_test.dir/options_test.cc.o
Elapsed time: 1 s. (time), 0.000557 s. (clock)
[ 41%] Built target spec_arg_verbosity_test
[ 41%] Building CXX object external/googlebenchmark/test/CMakeFiles/basic_test.dir/basic_test.cc.o
Elapsed time: 1 s. (time), 0.000575 s. (clock)
[ 41%] Built target benchmark_setup_teardown_test
Elapsed time: 3 s. (time), 0.001659 s. (clock)
[ 42%] Building CXX object external/googlebenchmark/test/CMakeFiles/diagnostics_test.dir/diagnostics_test.cc.o
[ 42%] Linking CXX static library libre2.a
Elapsed time: 0 s. (time), 0.000605 s. (clock)
Elapsed time: 1 s. (time), 0.000469 s. (clock)
[ 42%] Built target benchmark_min_time_flag_time_test
[ 42%] Building CXX object external/googlebenchmark/test/CMakeFiles/skip_with_error_test.dir/skip_with_error_test.cc.o
Elapsed time: 1 s. (time), 0.000549 s. (clock)
[ 42%] Built target filter_test
[ 42%] Building CXX object external/googlebenchmark/test/CMakeFiles/donotoptimize_test.dir/donotoptimize_test.cc.o
Elapsed time: 0 s. (time), 0.000516 s. (clock)
[ 42%] Built target re2
[ 43%] Building CXX object external/googlebenchmark/test/CMakeFiles/fixture_test.dir/fixture_test.cc.o
Elapsed time: 1 s. (time), 0.00058 s. (clock)
[ 43%] Built target benchmark_test
[ 44%] Building CXX object external/googlebenchmark/test/CMakeFiles/register_benchmark_test.dir/register_benchmark_test.cc.o
Elapsed time: 1 s. (time), 0.000523 s. (clock)
[ 45%] Linking CXX executable benchmark_min_time_flag_iters_test
Elapsed time: 0 s. (time), 0.000619 s. (clock)
[ 46%] Linking CXX executable basic_test
Elapsed time: 1 s. (time), 0.000559 s. (clock)
[ 47%] Linking CXX executable options_test
Elapsed time: 0 s. (time), 0.000691 s. (clock)
[ 48%] Linking CXX executable diagnostics_test
Elapsed time: 1 s. (time), 0.000657 s. (clock)
[ 49%] Linking CXX executable donotoptimize_test
Elapsed time: 1 s. (time), 0.000636 s. (clock)
[ 49%] Linking CXX executable fixture_test
Elapsed time: 1 s. (time), 0.000616 s. (clock)
[ 49%] Built target benchmark_min_time_flag_iters_test
[ 50%] Building CXX object external/googlebenchmark/test/CMakeFiles/map_test.dir/map_test.cc.o
Elapsed time: 1 s. (time), 0.000566 s. (clock)
Elapsed time: 1 s. (time), 0.000498 s. (clock)
[ 50%] Built target basic_test
[ 50%] Built target options_test
[ 51%] Building CXX object external/googlebenchmark/test/CMakeFiles/multiple_ranges_test.dir/multiple_ranges_test.cc.o
[ 51%] Building CXX object external/googlebenchmark/test/CMakeFiles/args_product_test.dir/args_product_test.cc.o
Elapsed time: 1 s. (time), 0.000576 s. (clock)
[ 52%] Linking CXX executable skip_with_error_test
Elapsed time: 1 s. (time), 0.001037 s. (clock)
[ 52%] Built target diagnostics_test
[ 53%] Building CXX object external/googlebenchmark/test/CMakeFiles/link_main_test.dir/link_main_test.cc.o
Elapsed time: 4 s. (time), 0.00059 s. (clock)
[ 53%] Linking CXX static library ../../../lib/libgmock.a
Elapsed time: 0 s. (time), 0.000616 s. (clock)
[ 53%] Built target donotoptimize_test
Elapsed time: 1 s. (time), 0.000541 s. (clock)
Elapsed time: 0 s. (time), 0.000512 s. (clock)
[ 54%] Building CXX object external/googlebenchmark/test/CMakeFiles/cxx03_test.dir/cxx03_test.cc.o
[ 54%] Linking CXX executable register_benchmark_test
Elapsed time: 0 s. (time), 0.00049 s. (clock)
[ 54%] Built target gmock
[ 55%] Building CXX object external/tinyxml2/src/CMakeFiles/tinyxml2-static.dir/tinyxml2.cpp.o
Elapsed time: 0 s. (time), 0.00081 s. (clock)
[ 55%] Built target fixture_test
[ 55%] Building CXX object lib/exampleLib/test/CMakeFiles/exampleTest.dir/exampleTest.cc.o
Elapsed time: 1 s. (time), 0.000611 s. (clock)
[ 55%] Linking CXX executable cxx03_test
Elapsed time: 1 s. (time), 0.000752 s. (clock)
[ 55%] Built target skip_with_error_test
[ 55%] Building CXX object lib/keyword_recom_preprocess/src/CMakeFiles/dictProducer-static.dir/DictProducer.cc.o
Elapsed time: 1 s. (time), 0.000592 s. (clock)
Elapsed time: 1 s. (time), 0.000444 s. (clock)
[ 55%] Linking CXX executable link_main_test
[ 55%] Linking CXX executable map_test
Elapsed time: 1 s. (time), 0.000688 s. (clock)
[ 55%] Linking CXX static library libtinyxml2-static.a
Elapsed time: 1 s. (time), 0.000628 s. (clock)
[ 55%] Built target register_benchmark_test
Elapsed time: 0 s. (time), 0.000434 s. (clock)
[ 55%] Building CXX object app/CMakeFiles/client.dir/client.cc.o
Elapsed time: 0 s. (time), 0.000329 s. (clock)
[ 55%] Built target tinyxml2-static
[ 56%] Building CXX object external/googletest/googlemock/CMakeFiles/gmock_main.dir/src/gmock_main.cc.o
Elapsed time: 1 s. (time), 0.000551 s. (clock)
[ 57%] Linking CXX executable args_product_test
Elapsed time: 1 s. (time), 0.000511 s. (clock)
[ 58%] Linking CXX executable multiple_ranges_test
Elapsed time: 0 s. (time), 0.000536 s. (clock)
[ 58%] Built target cxx03_test
Elapsed time: 0 s. (time), 0.00062 s. (clock)
[ 59%] Building CXX object lib/create_search_index/src/CMakeFiles/PageLibPreprocessor-static.dir/PageLibPreprocessor.cc.o
Elapsed time: 0 s. (time), 0.000398 s. (clock)
[ 59%] Built target link_main_test
[ 59%] Built target map_test
Elapsed time: 1 s. (time), 0.000493 s. (clock)
Elapsed time: 1 s. (time), 0.000485 s. (clock)
[ 59%] Built target multiple_ranges_test
[ 59%] Built target args_product_test
Elapsed time: 5 s. (time), 0.000509 s. (clock)
[ 60%] Linking CXX static library liboutput_test_helper.a
Elapsed time: 0 s. (time), 0.000435 s. (clock)
In file included from /home/mathilda/FangBoRen/search-engine-v2/header_only_include/cppjieba/Trie.hpp:7,
                 from /home/mathilda/FangBoRen/search-engine-v2/header_only_include/cppjieba/HMMModel.hpp:4,
                 from /home/mathilda/FangBoRen/search-engine-v2/header_only_include/cppjieba/HMMSegment.hpp:10,
                 from /home/mathilda/FangBoRen/search-engine-v2/header_only_include/cppjieba/MixSegment.hpp:6,
                 from /home/mathilda/FangBoRen/search-engine-v2/header_only_include/cppjieba/KeywordExtractor.hpp:7,
                 from /home/mathilda/FangBoRen/search-engine-v2/header_only_include/cppjieba/Jieba.hpp:4,
                 from /home/mathilda/FangBoRen/search-engine-v2/lib/keyword_recom_preprocess/src/../include/keyword_recom_preprocess/DictProducer.h:20,
                 from /home/mathilda/FangBoRen/search-engine-v2/lib/keyword_recom_preprocess/src/DictProducer.cc:1:
/home/mathilda/FangBoRen/search-engine-v2/header_only_include/cppjieba/Unicode.hpp: In constructor ‘cppjieba::Word::Word(const string&, uint32_t, uint32_t, uint32_t)’:
/home/mathilda/FangBoRen/search-engine-v2/header_only_include/cppjieba/Unicode.hpp:27:17: warning: declaration of ‘unicode_length’ shadows a member of ‘cppjieba::Word’ [-Wshadow]
   27 |        uint32_t unicode_length)
      |        ~~~~~~~~~^~~~~~~~~~~~~~
/home/mathilda/FangBoRen/search-engine-v2/header_only_include/cppjieba/Unicode.hpp:24:12: note: shadowed declaration is here
   24 |   uint32_t unicode_length;
      |            ^~~~~~~~~~~~~~
/home/mathilda/FangBoRen/search-engine-v2/header_only_include/cppjieba/Unicode.hpp:26:46: warning: declaration of ‘unicode_offset’ shadows a member of ‘cppjieba::Word’ [-Wshadow]
   26 |   Word(const string &w, uint32_t o, uint32_t unicode_offset,
      |                                     ~~~~~~~~~^~~~~~~~~~~~~~
/home/mathilda/FangBoRen/search-engine-v2/header_only_include/cppjieba/Unicode.hpp:23:12: note: shadowed declaration is here
   23 |   uint32_t unicode_offset;
      |            ^~~~~~~~~~~~~~
/home/mathilda/FangBoRen/search-engine-v2/header_only_include/cppjieba/Unicode.hpp: In constructor ‘cppjieba::Word::Word(const string&, uint32_t, uint32_t, uint32_t)’:
/home/mathilda/FangBoRen/search-engine-v2/header_only_include/cppjieba/Unicode.hpp:27:17: warning: declaration of ‘unicode_length’ shadows a member of ‘cppjieba::Word’ [-Wshadow]
   27 |        uint32_t unicode_length)
      |        ~~~~~~~~~^~~~~~~~~~~~~~
/home/mathilda/FangBoRen/search-engine-v2/header_only_include/cppjieba/Unicode.hpp:24:12: note: shadowed declaration is here
   24 |   uint32_t unicode_length;
      |            ^~~~~~~~~~~~~~
/home/mathilda/FangBoRen/search-engine-v2/header_only_include/cppjieba/Unicode.hpp:26:46: warning: declaration of ‘unicode_offset’ shadows a member of ‘cppjieba::Word’ [-Wshadow]
   26 |   Word(const string &w, uint32_t o, uint32_t unicode_offset,
      |                                     ~~~~~~~~~^~~~~~~~~~~~~~
/home/mathilda/FangBoRen/search-engine-v2/header_only_include/cppjieba/Unicode.hpp:23:12: note: shadowed declaration is here
   23 |   uint32_t unicode_offset;
      |            ^~~~~~~~~~~~~~
/home/mathilda/FangBoRen/search-engine-v2/header_only_include/cppjieba/Unicode.hpp: In constructor ‘cppjieba::Word::Word(const string&, uint32_t, uint32_t, uint32_t)’:
/home/mathilda/FangBoRen/search-engine-v2/header_only_include/cppjieba/Unicode.hpp:27:17: warning: declaration of ‘unicode_length’ shadows a member of ‘cppjieba::Word’ [-Wshadow]
   27 |        uint32_t unicode_length)
      |        ~~~~~~~~~^~~~~~~~~~~~~~
/home/mathilda/FangBoRen/search-engine-v2/header_only_include/cppjieba/Unicode.hpp:24:12: note: shadowed declaration is here
   24 |   uint32_t unicode_length;
      |            ^~~~~~~~~~~~~~
/home/mathilda/FangBoRen/search-engine-v2/header_only_include/cppjieba/Unicode.hpp:26:46: warning: declaration of ‘unicode_offset’ shadows a member of ‘cppjieba::Word’ [-Wshadow]
   26 |   Word(const string &w, uint32_t o, uint32_t unicode_offset,
      |                                     ~~~~~~~~~^~~~~~~~~~~~~~
/home/mathilda/FangBoRen/search-engine-v2/header_only_include/cppjieba/Unicode.hpp:23:12: note: shadowed declaration is here
   23 |   uint32_t unicode_offset;
      |            ^~~~~~~~~~~~~~
/home/mathilda/FangBoRen/search-engine-v2/header_only_include/cppjieba/Unicode.hpp: In constructor ‘cppjieba::RuneStr::RuneStr(cppjieba::Rune, uint32_t, uint32_t, uint32_t, uint32_t)’:
/home/mathilda/FangBoRen/search-engine-v2/header_only_include/cppjieba/Unicode.hpp:50:20: warning: declaration of ‘unicode_length’ shadows a member of ‘cppjieba::RuneStr’ [-Wshadow]
   50 |           uint32_t unicode_length)
      |           ~~~~~~~~~^~~~~~~~~~~~~~
/home/mathilda/FangBoRen/search-engine-v2/header_only_include/cppjieba/Unicode.hpp:44:12: note: shadowed declaration is here
   44 |   uint32_t unicode_length;
      |            ^~~~~~~~~~~~~~
/home/mathilda/FangBoRen/search-engine-v2/header_only_include/cppjieba/Unicode.hpp:49:52: warning: declaration of ‘unicode_offset’ shadows a member of ‘cppjieba::RuneStr’ [-Wshadow]
   49 |   RuneStr(Rune r, uint32_t o, uint32_t l, uint32_t unicode_offset,
      |                                           ~~~~~~~~~^~~~~~~~~~~~~~
/home/mathilda/FangBoRen/search-engine-v2/header_only_include/cppjieba/Unicode.hpp:43:12: note: shadowed declaration is here
   43 |   uint32_t unicode_offset;
      |            ^~~~~~~~~~~~~~
/home/mathilda/FangBoRen/search-engine-v2/header_only_include/cppjieba/Unicode.hpp: In constructor ‘cppjieba::RuneStr::RuneStr(cppjieba::Rune, uint32_t, uint32_t, uint32_t, uint32_t)’:
/home/mathilda/FangBoRen/search-engine-v2/header_only_include/cppjieba/Unicode.hpp:50:20: warning: declaration of ‘unicode_length’ shadows a member of ‘cppjieba::RuneStr’ [-Wshadow]
   50 |           uint32_t unicode_length)
      |           ~~~~~~~~~^~~~~~~~~~~~~~
/home/mathilda/FangBoRen/search-engine-v2/header_only_include/cppjieba/Unicode.hpp:44:12: note: shadowed declaration is here
   44 |   uint32_t unicode_length;
      |            ^~~~~~~~~~~~~~
/home/mathilda/FangBoRen/search-engine-v2/header_only_include/cppjieba/Unicode.hpp:49:52: warning: declaration of ‘unicode_offset’ shadows a member of ‘cppjieba::RuneStr’ [-Wshadow]
   49 |   RuneStr(Rune r, uint32_t o, uint32_t l, uint32_t unicode_offset,
      |                                           ~~~~~~~~~^~~~~~~~~~~~~~
/home/mathilda/FangBoRen/search-engine-v2/header_only_include/cppjieba/Unicode.hpp:43:12: note: shadowed declaration is here
   43 |   uint32_t unicode_offset;
      |            ^~~~~~~~~~~~~~
/home/mathilda/FangBoRen/search-engine-v2/header_only_include/cppjieba/Unicode.hpp: In constructor ‘cppjieba::RuneStr::RuneStr(cppjieba::Rune, uint32_t, uint32_t, uint32_t, uint32_t)’:
/home/mathilda/FangBoRen/search-engine-v2/header_only_include/cppjieba/Unicode.hpp:50:20: warning: declaration of ‘unicode_length’ shadows a member of ‘cppjieba::RuneStr’ [-Wshadow]
   50 |           uint32_t unicode_length)
      |           ~~~~~~~~~^~~~~~~~~~~~~~
/home/mathilda/FangBoRen/search-engine-v2/header_only_include/cppjieba/Unicode.hpp:44:12: note: shadowed declaration is here
   44 |   uint32_t unicode_length;
      |            ^~~~~~~~~~~~~~
/home/mathilda/FangBoRen/search-engine-v2/header_only_include/cppjieba/Unicode.hpp:49:52: warning: declaration of ‘unicode_offset’ shadows a member of ‘cppjieba::RuneStr’ [-Wshadow]
   49 |   RuneStr(Rune r, uint32_t o, uint32_t l, uint32_t unicode_offset,
      |                                           ~~~~~~~~~^~~~~~~~~~~~~~
/home/mathilda/FangBoRen/search-engine-v2/header_only_include/cppjieba/Unicode.hpp:43:12: note: shadowed declaration is here
   43 |   uint32_t unicode_offset;
      |            ^~~~~~~~~~~~~~
Elapsed time: 0 s. (time), 0.000425 s. (clock)
[ 60%] Built target output_test_helper
[ 61%] Building CXX object external/googlebenchmark/test/CMakeFiles/perf_counters_test.dir/perf_counters_test.cc.o
[ 61%] Building CXX object external/googlebenchmark/test/CMakeFiles/templated_fixture_test.dir/templated_fixture_test.cc.o
[ 62%] Building CXX object external/googlebenchmark/test/CMakeFiles/repetitions_test.dir/repetitions_test.cc.o
[ 63%] Building CXX object external/googlebenchmark/test/CMakeFiles/user_counters_test.dir/user_counters_test.cc.o
[ 64%] Building CXX object external/googlebenchmark/test/CMakeFiles/reporter_output_test.dir/reporter_output_test.cc.o
In file included from /home/mathilda/FangBoRen/search-engine-v2/header_only_include/cppjieba/HMMSegment.hpp:10,
                 from /home/mathilda/FangBoRen/search-engine-v2/header_only_include/cppjieba/MixSegment.hpp:6,
                 from /home/mathilda/FangBoRen/search-engine-v2/header_only_include/cppjieba/KeywordExtractor.hpp:7,
                 from /home/mathilda/FangBoRen/search-engine-v2/header_only_include/cppjieba/Jieba.hpp:4,
                 from /home/mathilda/FangBoRen/search-engine-v2/lib/keyword_recom_preprocess/src/../include/keyword_recom_preprocess/DictProducer.h:20,
                 from /home/mathilda/FangBoRen/search-engine-v2/lib/keyword_recom_preprocess/src/DictProducer.cc:1:
/home/mathilda/FangBoRen/search-engine-v2/header_only_include/cppjieba/HMMModel.hpp: In member function ‘void cppjieba::HMMModel::LoadModel(const string&)’:
/home/mathilda/FangBoRen/search-engine-v2/header_only_include/cppjieba/HMMModel.hpp:35:5: error: ‘XCHECK’ was not declared in this scope
   35 |     XCHECK(ifile.is_open()) << "open " << filePath << " failed";
      |     ^~~~~~
/home/mathilda/FangBoRen/search-engine-v2/header_only_include/cppjieba/HMMModel.hpp:35:5: note: the macro ‘XCHECK’ had not yet been defined
In file included from /home/mathilda/FangBoRen/search-engine-v2/header_only_include/cppjieba/PreFilter.hpp:5,
                 from /home/mathilda/FangBoRen/search-engine-v2/header_only_include/cppjieba/SegmentBase.hpp:6,
                 from /home/mathilda/FangBoRen/search-engine-v2/header_only_include/cppjieba/HMMSegment.hpp:11,
                 from /home/mathilda/FangBoRen/search-engine-v2/header_only_include/cppjieba/MixSegment.hpp:6,
                 from /home/mathilda/FangBoRen/search-engine-v2/header_only_include/cppjieba/KeywordExtractor.hpp:7,
                 from /home/mathilda/FangBoRen/search-engine-v2/header_only_include/cppjieba/Jieba.hpp:4,
                 from /home/mathilda/FangBoRen/search-engine-v2/lib/keyword_recom_preprocess/src/../include/keyword_recom_preprocess/DictProducer.h:20,
                 from /home/mathilda/FangBoRen/search-engine-v2/lib/keyword_recom_preprocess/src/DictProducer.cc:1:
/home/mathilda/FangBoRen/search-engine-v2/header_only_include/limonp/Logging.hpp:19: note: it was later defined here
   19 | #define XCHECK(exp) \
      | 
In file included from /home/mathilda/FangBoRen/search-engine-v2/header_only_include/cppjieba/HMMSegment.hpp:10,
                 from /home/mathilda/FangBoRen/search-engine-v2/header_only_include/cppjieba/MixSegment.hpp:6,
                 from /home/mathilda/FangBoRen/search-engine-v2/header_only_include/cppjieba/KeywordExtractor.hpp:7,
                 from /home/mathilda/FangBoRen/search-engine-v2/header_only_include/cppjieba/Jieba.hpp:4,
                 from /home/mathilda/FangBoRen/search-engine-v2/lib/keyword_recom_preprocess/src/../include/keyword_recom_preprocess/DictProducer.h:20,
                 from /home/mathilda/FangBoRen/search-engine-v2/lib/keyword_recom_preprocess/src/DictProducer.cc:1:
/home/mathilda/FangBoRen/search-engine-v2/header_only_include/cppjieba/HMMModel.hpp: In member function ‘bool cppjieba::HMMModel::LoadEmitProb(const string&, cppjieba::EmitProbMap&)’:
/home/mathilda/FangBoRen/search-engine-v2/header_only_include/cppjieba/HMMModel.hpp:103:14: error: ‘ERROR’ was not declared in this scope
  103 |         XLOG(ERROR) << "emitProb illegal.";
      |              ^~~~~
/home/mathilda/FangBoRen/search-engine-v2/header_only_include/cppjieba/HMMModel.hpp:103:9: error: ‘XLOG’ was not declared in this scope
  103 |         XLOG(ERROR) << "emitProb illegal.";
      |         ^~~~
/home/mathilda/FangBoRen/search-engine-v2/header_only_include/cppjieba/HMMModel.hpp:103:9: note: the macro ‘XLOG’ had not yet been defined
In file included from /home/mathilda/FangBoRen/search-engine-v2/header_only_include/cppjieba/PreFilter.hpp:5,
                 from /home/mathilda/FangBoRen/search-engine-v2/header_only_include/cppjieba/SegmentBase.hpp:6,
                 from /home/mathilda/FangBoRen/search-engine-v2/header_only_include/cppjieba/HMMSegment.hpp:11,
                 from /home/mathilda/FangBoRen/search-engine-v2/header_only_include/cppjieba/MixSegment.hpp:6,
                 from /home/mathilda/FangBoRen/search-engine-v2/header_only_include/cppjieba/KeywordExtractor.hpp:7,
                 from /home/mathilda/FangBoRen/search-engine-v2/header_only_include/cppjieba/Jieba.hpp:4,
                 from /home/mathilda/FangBoRen/search-engine-v2/lib/keyword_recom_preprocess/src/../include/keyword_recom_preprocess/DictProducer.h:20,
                 from /home/mathilda/FangBoRen/search-engine-v2/lib/keyword_recom_preprocess/src/DictProducer.cc:1:
/home/mathilda/FangBoRen/search-engine-v2/header_only_include/limonp/Logging.hpp:17: note: it was later defined here
   17 | #define XLOG(level) \
      | 
In file included from /home/mathilda/FangBoRen/search-engine-v2/header_only_include/cppjieba/HMMSegment.hpp:10,
                 from /home/mathilda/FangBoRen/search-engine-v2/header_only_include/cppjieba/MixSegment.hpp:6,
                 from /home/mathilda/FangBoRen/search-engine-v2/header_only_include/cppjieba/KeywordExtractor.hpp:7,
                 from /home/mathilda/FangBoRen/search-engine-v2/header_only_include/cppjieba/Jieba.hpp:4,
                 from /home/mathilda/FangBoRen/search-engine-v2/lib/keyword_recom_preprocess/src/../include/keyword_recom_preprocess/DictProducer.h:20,
                 from /home/mathilda/FangBoRen/search-engine-v2/lib/keyword_recom_preprocess/src/DictProducer.cc:1:
/home/mathilda/FangBoRen/search-engine-v2/header_only_include/cppjieba/HMMModel.hpp:107:14: error: ‘ERROR’ was not declared in this scope
  107 |         XLOG(ERROR) << "TransCode failed.";
      |              ^~~~~
/home/mathilda/FangBoRen/search-engine-v2/header_only_include/cppjieba/HMMModel.hpp:107:9: error: ‘XLOG’ was not declared in this scope
  107 |         XLOG(ERROR) << "TransCode failed.";
      |         ^~~~
/home/mathilda/FangBoRen/search-engine-v2/header_only_include/cppjieba/HMMModel.hpp:107:9: note: the macro ‘XLOG’ had not yet been defined
In file included from /home/mathilda/FangBoRen/search-engine-v2/header_only_include/cppjieba/PreFilter.hpp:5,
                 from /home/mathilda/FangBoRen/search-engine-v2/header_only_include/cppjieba/SegmentBase.hpp:6,
                 from /home/mathilda/FangBoRen/search-engine-v2/header_only_include/cppjieba/HMMSegment.hpp:11,
                 from /home/mathilda/FangBoRen/search-engine-v2/header_only_include/cppjieba/MixSegment.hpp:6,
                 from /home/mathilda/FangBoRen/search-engine-v2/header_only_include/cppjieba/KeywordExtractor.hpp:7,
                 from /home/mathilda/FangBoRen/search-engine-v2/header_only_include/cppjieba/Jieba.hpp:4,
                 from /home/mathilda/FangBoRen/search-engine-v2/lib/keyword_recom_preprocess/src/../include/keyword_recom_preprocess/DictProducer.h:20,
                 from /home/mathilda/FangBoRen/search-engine-v2/lib/keyword_recom_preprocess/src/DictProducer.cc:1:
/home/mathilda/FangBoRen/search-engine-v2/header_only_include/limonp/Logging.hpp:17: note: it was later defined here
   17 | #define XLOG(level) \
      | 
In file included from /home/mathilda/FangBoRen/search-engine-v2/header_only_include/cppjieba/MixSegment.hpp:6,
                 from /home/mathilda/FangBoRen/search-engine-v2/header_only_include/cppjieba/KeywordExtractor.hpp:7,
                 from /home/mathilda/FangBoRen/search-engine-v2/header_only_include/cppjieba/Jieba.hpp:4,
                 from /home/mathilda/FangBoRen/search-engine-v2/lib/keyword_recom_preprocess/src/../include/keyword_recom_preprocess/DictProducer.h:20,
                 from /home/mathilda/FangBoRen/search-engine-v2/lib/keyword_recom_preprocess/src/DictProducer.cc:1:
/home/mathilda/FangBoRen/search-engine-v2/header_only_include/cppjieba/HMMSegment.hpp: In member function ‘void cppjieba::HMMSegment::Viterbi(limonp::LocalVector<cppjieba::RuneStr>::const_iterator, limonp::LocalVector<cppjieba::RuneStr>::const_iterator, std::vector<long unsigned int>&) const’:
/home/mathilda/FangBoRen/search-engine-v2/header_only_include/cppjieba/HMMSegment.hpp:153:68: error: ‘MIN_DOUBLE’ was not declared in this scope
  153 |           model_->GetEmitProb(model_->emitProbVec[y], begin->rune, MIN_DOUBLE);
      |                                                                    ^~~~~~~~~~
/home/mathilda/FangBoRen/search-engine-v2/header_only_include/cppjieba/HMMSegment.hpp:162:23: error: ‘MIN_DOUBLE’ was not declared in this scope
  162 |         weight[now] = MIN_DOUBLE;
      |                       ^~~~~~~~~~
In file included from /home/mathilda/FangBoRen/search-engine-v2/header_only_include/cppjieba/MixSegment.hpp:7,
                 from /home/mathilda/FangBoRen/search-engine-v2/header_only_include/cppjieba/KeywordExtractor.hpp:7,
                 from /home/mathilda/FangBoRen/search-engine-v2/header_only_include/cppjieba/Jieba.hpp:4,
                 from /home/mathilda/FangBoRen/search-engine-v2/lib/keyword_recom_preprocess/src/../include/keyword_recom_preprocess/DictProducer.h:20,
                 from /home/mathilda/FangBoRen/search-engine-v2/lib/keyword_recom_preprocess/src/DictProducer.cc:1:
/home/mathilda/FangBoRen/search-engine-v2/header_only_include/cppjieba/MPSegment.hpp: In member function ‘void cppjieba::MPSegment::CutByDag(limonp::LocalVector<cppjieba::RuneStr>::const_iterator, limonp::LocalVector<cppjieba::RuneStr>::const_iterator, const std::vector<cppjieba::Dag>&, std::vector<cppjieba::WordRange>&) const’:
/home/mathilda/FangBoRen/search-engine-v2/header_only_include/cppjieba/MPSegment.hpp:106:46: warning: unused parameter ‘end’ [-Wunused-parameter]
  106 |                 RuneStrArray::const_iterator end, const vector<Dag> &dags,
      |                 ~~~~~~~~~~~~~~~~~~~~~~~~~~~~~^~~
In file included from /home/mathilda/FangBoRen/search-engine-v2/header_only_include/cppjieba/Unicode.hpp:11,
                 from /home/mathilda/FangBoRen/search-engine-v2/header_only_include/cppjieba/Trie.hpp:7,
                 from /home/mathilda/FangBoRen/search-engine-v2/header_only_include/cppjieba/HMMModel.hpp:4,
                 from /home/mathilda/FangBoRen/search-engine-v2/header_only_include/cppjieba/HMMSegment.hpp:10,
                 from /home/mathilda/FangBoRen/search-engine-v2/header_only_include/cppjieba/MixSegment.hpp:6,
                 from /home/mathilda/FangBoRen/search-engine-v2/header_only_include/cppjieba/KeywordExtractor.hpp:7,
                 from /home/mathilda/FangBoRen/search-engine-v2/header_only_include/cppjieba/Jieba.hpp:4,
                 from /home/mathilda/FangBoRen/search-engine-v2/lib/keyword_recom_preprocess/src/../include/keyword_recom_preprocess/DictProducer.h:20,
                 from /home/mathilda/FangBoRen/search-engine-v2/lib/keyword_recom_preprocess/src/DictProducer.cc:1:
/home/mathilda/FangBoRen/search-engine-v2/header_only_include/limonp/LocalVector.hpp: In instantiation of ‘void limonp::LocalVector<T>::reserve(size_t) [with T = std::pair<long unsigned int, const cppjieba::DictUnit*>; size_t = long unsigned int]’:
/home/mathilda/FangBoRen/search-engine-v2/header_only_include/limonp/LocalVector.hpp:85:7:   required from ‘void limonp::LocalVector<T>::push_back(const T&) [with T = std::pair<long unsigned int, const cppjieba::DictUnit*>]’
/home/mathilda/FangBoRen/search-engine-v2/header_only_include/cppjieba/Trie.hpp:101:31:   required from here
/home/mathilda/FangBoRen/search-engine-v2/header_only_include/limonp/LocalVector.hpp:97:11: warning: ‘void* memcpy(void*, const void*, size_t)’ writing to an object of type ‘struct std::pair<long unsigned int, const cppjieba::DictUnit*>’ with no trivial copy-assignment; use copy-assignment or copy-initialization instead [-Wclass-memaccess]
   97 |     memcpy(ptr_, old, sizeof(T) * capacity_);
      |     ~~~~~~^~~~~~~~~~~~~~~~~~~~~~~~~~~~~~~~~~
In file included from /usr/include/c++/11/bits/stl_algobase.h:64,
                 from /usr/include/c++/11/bits/char_traits.h:39,
                 from /usr/include/c++/11/ios:40,
                 from /usr/include/c++/11/ostream:38,
                 from /usr/include/c++/11/iostream:39,
                 from /home/mathilda/FangBoRen/search-engine-v2/lib/keyword_recom_preprocess/src/../include/keyword_recom_preprocess/DictProducer.h:4,
                 from /home/mathilda/FangBoRen/search-engine-v2/lib/keyword_recom_preprocess/src/DictProducer.cc:1:
/usr/include/c++/11/bits/stl_pair.h:211:12: note: ‘struct std::pair<long unsigned int, const cppjieba::DictUnit*>’ declared here
  211 |     struct pair
      |            ^~~~
In file included from /home/mathilda/FangBoRen/search-engine-v2/header_only_include/cppjieba/Trie.hpp:7,
                 from /home/mathilda/FangBoRen/search-engine-v2/header_only_include/cppjieba/HMMModel.hpp:4,
                 from /home/mathilda/FangBoRen/search-engine-v2/header_only_include/cppjieba/HMMSegment.hpp:10,
                 from /home/mathilda/FangBoRen/search-engine-v2/header_only_include/cppjieba/MixSegment.hpp:6,
                 from /home/mathilda/FangBoRen/search-engine-v2/header_only_include/cppjieba/KeywordExtractor.hpp:7,
                 from /home/mathilda/FangBoRen/search-engine-v2/header_only_include/simhash/Simhasher.hpp:4,
                 from /home/mathilda/FangBoRen/search-engine-v2/lib/create_search_index/src/../include/create_search_index/PageLibPreprocessor.h:13,
                 from /home/mathilda/FangBoRen/search-engine-v2/lib/create_search_index/src/PageLibPreprocessor.cc:1:
/home/mathilda/FangBoRen/search-engine-v2/header_only_include/cppjieba/Unicode.hpp: In constructor ‘cppjieba::Word::Word(const string&, uint32_t, uint32_t, uint32_t)’:
/home/mathilda/FangBoRen/search-engine-v2/header_only_include/cppjieba/Unicode.hpp:27:17: warning: declaration of ‘unicode_length’ shadows a member of ‘cppjieba::Word’ [-Wshadow]
   27 |        uint32_t unicode_length)
      |        ~~~~~~~~~^~~~~~~~~~~~~~
/home/mathilda/FangBoRen/search-engine-v2/header_only_include/cppjieba/Unicode.hpp:24:12: note: shadowed declaration is here
   24 |   uint32_t unicode_length;
      |            ^~~~~~~~~~~~~~
/home/mathilda/FangBoRen/search-engine-v2/header_only_include/cppjieba/Unicode.hpp:26:46: warning: declaration of ‘unicode_offset’ shadows a member of ‘cppjieba::Word’ [-Wshadow]
   26 |   Word(const string &w, uint32_t o, uint32_t unicode_offset,
      |                                     ~~~~~~~~~^~~~~~~~~~~~~~
/home/mathilda/FangBoRen/search-engine-v2/header_only_include/cppjieba/Unicode.hpp:23:12: note: shadowed declaration is here
   23 |   uint32_t unicode_offset;
      |            ^~~~~~~~~~~~~~
/home/mathilda/FangBoRen/search-engine-v2/header_only_include/cppjieba/Unicode.hpp: In constructor ‘cppjieba::Word::Word(const string&, uint32_t, uint32_t, uint32_t)’:
/home/mathilda/FangBoRen/search-engine-v2/header_only_include/cppjieba/Unicode.hpp:27:17: warning: declaration of ‘unicode_length’ shadows a member of ‘cppjieba::Word’ [-Wshadow]
   27 |        uint32_t unicode_length)
      |        ~~~~~~~~~^~~~~~~~~~~~~~
/home/mathilda/FangBoRen/search-engine-v2/header_only_include/cppjieba/Unicode.hpp:24:12: note: shadowed declaration is here
   24 |   uint32_t unicode_length;
      |            ^~~~~~~~~~~~~~
/home/mathilda/FangBoRen/search-engine-v2/header_only_include/cppjieba/Unicode.hpp:26:46: warning: declaration of ‘unicode_offset’ shadows a member of ‘cppjieba::Word’ [-Wshadow]
   26 |   Word(const string &w, uint32_t o, uint32_t unicode_offset,
      |                                     ~~~~~~~~~^~~~~~~~~~~~~~
/home/mathilda/FangBoRen/search-engine-v2/header_only_include/cppjieba/Unicode.hpp:23:12: note: shadowed declaration is here
   23 |   uint32_t unicode_offset;
      |            ^~~~~~~~~~~~~~
/home/mathilda/FangBoRen/search-engine-v2/header_only_include/cppjieba/Unicode.hpp: In constructor ‘cppjieba::Word::Word(const string&, uint32_t, uint32_t, uint32_t)’:
/home/mathilda/FangBoRen/search-engine-v2/header_only_include/cppjieba/Unicode.hpp:27:17: warning: declaration of ‘unicode_length’ shadows a member of ‘cppjieba::Word’ [-Wshadow]
   27 |        uint32_t unicode_length)
      |        ~~~~~~~~~^~~~~~~~~~~~~~
/home/mathilda/FangBoRen/search-engine-v2/header_only_include/cppjieba/Unicode.hpp:24:12: note: shadowed declaration is here
   24 |   uint32_t unicode_length;
      |            ^~~~~~~~~~~~~~
/home/mathilda/FangBoRen/search-engine-v2/header_only_include/cppjieba/Unicode.hpp:26:46: warning: declaration of ‘unicode_offset’ shadows a member of ‘cppjieba::Word’ [-Wshadow]
   26 |   Word(const string &w, uint32_t o, uint32_t unicode_offset,
      |                                     ~~~~~~~~~^~~~~~~~~~~~~~
/home/mathilda/FangBoRen/search-engine-v2/header_only_include/cppjieba/Unicode.hpp:23:12: note: shadowed declaration is here
   23 |   uint32_t unicode_offset;
      |            ^~~~~~~~~~~~~~
/home/mathilda/FangBoRen/search-engine-v2/header_only_include/cppjieba/Unicode.hpp: In constructor ‘cppjieba::RuneStr::RuneStr(cppjieba::Rune, uint32_t, uint32_t, uint32_t, uint32_t)’:
/home/mathilda/FangBoRen/search-engine-v2/header_only_include/cppjieba/Unicode.hpp:50:20: warning: declaration of ‘unicode_length’ shadows a member of ‘cppjieba::RuneStr’ [-Wshadow]
   50 |           uint32_t unicode_length)
      |           ~~~~~~~~~^~~~~~~~~~~~~~
/home/mathilda/FangBoRen/search-engine-v2/header_only_include/cppjieba/Unicode.hpp:44:12: note: shadowed declaration is here
   44 |   uint32_t unicode_length;
      |            ^~~~~~~~~~~~~~
/home/mathilda/FangBoRen/search-engine-v2/header_only_include/cppjieba/Unicode.hpp:49:52: warning: declaration of ‘unicode_offset’ shadows a member of ‘cppjieba::RuneStr’ [-Wshadow]
   49 |   RuneStr(Rune r, uint32_t o, uint32_t l, uint32_t unicode_offset,
      |                                           ~~~~~~~~~^~~~~~~~~~~~~~
/home/mathilda/FangBoRen/search-engine-v2/header_only_include/cppjieba/Unicode.hpp:43:12: note: shadowed declaration is here
   43 |   uint32_t unicode_offset;
      |            ^~~~~~~~~~~~~~
/home/mathilda/FangBoRen/search-engine-v2/header_only_include/cppjieba/Unicode.hpp: In constructor ‘cppjieba::RuneStr::RuneStr(cppjieba::Rune, uint32_t, uint32_t, uint32_t, uint32_t)’:
/home/mathilda/FangBoRen/search-engine-v2/header_only_include/cppjieba/Unicode.hpp:50:20: warning: declaration of ‘unicode_length’ shadows a member of ‘cppjieba::RuneStr’ [-Wshadow]
   50 |           uint32_t unicode_length)
      |           ~~~~~~~~~^~~~~~~~~~~~~~
/home/mathilda/FangBoRen/search-engine-v2/header_only_include/cppjieba/Unicode.hpp:44:12: note: shadowed declaration is here
   44 |   uint32_t unicode_length;
      |            ^~~~~~~~~~~~~~
/home/mathilda/FangBoRen/search-engine-v2/header_only_include/cppjieba/Unicode.hpp:49:52: warning: declaration of ‘unicode_offset’ shadows a member of ‘cppjieba::RuneStr’ [-Wshadow]
   49 |   RuneStr(Rune r, uint32_t o, uint32_t l, uint32_t unicode_offset,
      |                                           ~~~~~~~~~^~~~~~~~~~~~~~
/home/mathilda/FangBoRen/search-engine-v2/header_only_include/cppjieba/Unicode.hpp:43:12: note: shadowed declaration is here
   43 |   uint32_t unicode_offset;
      |            ^~~~~~~~~~~~~~
/home/mathilda/FangBoRen/search-engine-v2/header_only_include/cppjieba/Unicode.hpp: In constructor ‘cppjieba::RuneStr::RuneStr(cppjieba::Rune, uint32_t, uint32_t, uint32_t, uint32_t)’:
/home/mathilda/FangBoRen/search-engine-v2/header_only_include/cppjieba/Unicode.hpp:50:20: warning: declaration of ‘unicode_length’ shadows a member of ‘cppjieba::RuneStr’ [-Wshadow]
   50 |           uint32_t unicode_length)
      |           ~~~~~~~~~^~~~~~~~~~~~~~
/home/mathilda/FangBoRen/search-engine-v2/header_only_include/cppjieba/Unicode.hpp:44:12: note: shadowed declaration is here
   44 |   uint32_t unicode_length;
      |            ^~~~~~~~~~~~~~
/home/mathilda/FangBoRen/search-engine-v2/header_only_include/cppjieba/Unicode.hpp:49:52: warning: declaration of ‘unicode_offset’ shadows a member of ‘cppjieba::RuneStr’ [-Wshadow]
   49 |   RuneStr(Rune r, uint32_t o, uint32_t l, uint32_t unicode_offset,
      |                                           ~~~~~~~~~^~~~~~~~~~~~~~
/home/mathilda/FangBoRen/search-engine-v2/header_only_include/cppjieba/Unicode.hpp:43:12: note: shadowed declaration is here
   43 |   uint32_t unicode_offset;
      |            ^~~~~~~~~~~~~~
Elapsed time: 0 s. (time), 0.000403 s. (clock)
[ 65%] Linking CXX executable templated_fixture_test
Elapsed time: 3 s. (time), 0.000624 s. (clock)
[ 66%] Linking CXX executable exampleTest
In file included from /home/mathilda/FangBoRen/search-engine-v2/header_only_include/cppjieba/HMMSegment.hpp:10,
                 from /home/mathilda/FangBoRen/search-engine-v2/header_only_include/cppjieba/MixSegment.hpp:6,
                 from /home/mathilda/FangBoRen/search-engine-v2/header_only_include/cppjieba/KeywordExtractor.hpp:7,
                 from /home/mathilda/FangBoRen/search-engine-v2/header_only_include/simhash/Simhasher.hpp:4,
                 from /home/mathilda/FangBoRen/search-engine-v2/lib/create_search_index/src/../include/create_search_index/PageLibPreprocessor.h:13,
                 from /home/mathilda/FangBoRen/search-engine-v2/lib/create_search_index/src/PageLibPreprocessor.cc:1:
/home/mathilda/FangBoRen/search-engine-v2/header_only_include/cppjieba/HMMModel.hpp: In member function ‘void cppjieba::HMMModel::LoadModel(const string&)’:
/home/mathilda/FangBoRen/search-engine-v2/header_only_include/cppjieba/HMMModel.hpp:35:5: error: ‘XCHECK’ was not declared in this scope
   35 |     XCHECK(ifile.is_open()) << "open " << filePath << " failed";
      |     ^~~~~~
/home/mathilda/FangBoRen/search-engine-v2/header_only_include/cppjieba/HMMModel.hpp:35:5: note: the macro ‘XCHECK’ had not yet been defined
In file included from /home/mathilda/FangBoRen/search-engine-v2/header_only_include/cppjieba/PreFilter.hpp:5,
                 from /home/mathilda/FangBoRen/search-engine-v2/header_only_include/cppjieba/SegmentBase.hpp:6,
                 from /home/mathilda/FangBoRen/search-engine-v2/header_only_include/cppjieba/HMMSegment.hpp:11,
                 from /home/mathilda/FangBoRen/search-engine-v2/header_only_include/cppjieba/MixSegment.hpp:6,
                 from /home/mathilda/FangBoRen/search-engine-v2/header_only_include/cppjieba/KeywordExtractor.hpp:7,
                 from /home/mathilda/FangBoRen/search-engine-v2/header_only_include/simhash/Simhasher.hpp:4,
                 from /home/mathilda/FangBoRen/search-engine-v2/lib/create_search_index/src/../include/create_search_index/PageLibPreprocessor.h:13,
                 from /home/mathilda/FangBoRen/search-engine-v2/lib/create_search_index/src/PageLibPreprocessor.cc:1:
/home/mathilda/FangBoRen/search-engine-v2/header_only_include/limonp/Logging.hpp:19: note: it was later defined here
   19 | #define XCHECK(exp) \
      | 
In file included from /home/mathilda/FangBoRen/search-engine-v2/header_only_include/cppjieba/HMMSegment.hpp:10,
                 from /home/mathilda/FangBoRen/search-engine-v2/header_only_include/cppjieba/MixSegment.hpp:6,
                 from /home/mathilda/FangBoRen/search-engine-v2/header_only_include/cppjieba/KeywordExtractor.hpp:7,
                 from /home/mathilda/FangBoRen/search-engine-v2/header_only_include/simhash/Simhasher.hpp:4,
                 from /home/mathilda/FangBoRen/search-engine-v2/lib/create_search_index/src/../include/create_search_index/PageLibPreprocessor.h:13,
                 from /home/mathilda/FangBoRen/search-engine-v2/lib/create_search_index/src/PageLibPreprocessor.cc:1:
/home/mathilda/FangBoRen/search-engine-v2/header_only_include/cppjieba/HMMModel.hpp: In member function ‘bool cppjieba::HMMModel::LoadEmitProb(const string&, cppjieba::EmitProbMap&)’:
/home/mathilda/FangBoRen/search-engine-v2/header_only_include/cppjieba/HMMModel.hpp:103:14: error: ‘ERROR’ was not declared in this scope
  103 |         XLOG(ERROR) << "emitProb illegal.";
      |              ^~~~~
/home/mathilda/FangBoRen/search-engine-v2/header_only_include/cppjieba/HMMModel.hpp:103:9: error: ‘XLOG’ was not declared in this scope
  103 |         XLOG(ERROR) << "emitProb illegal.";
      |         ^~~~
/home/mathilda/FangBoRen/search-engine-v2/header_only_include/cppjieba/HMMModel.hpp:103:9: note: the macro ‘XLOG’ had not yet been defined
In file included from /home/mathilda/FangBoRen/search-engine-v2/header_only_include/cppjieba/PreFilter.hpp:5,
                 from /home/mathilda/FangBoRen/search-engine-v2/header_only_include/cppjieba/SegmentBase.hpp:6,
                 from /home/mathilda/FangBoRen/search-engine-v2/header_only_include/cppjieba/HMMSegment.hpp:11,
                 from /home/mathilda/FangBoRen/search-engine-v2/header_only_include/cppjieba/MixSegment.hpp:6,
                 from /home/mathilda/FangBoRen/search-engine-v2/header_only_include/cppjieba/KeywordExtractor.hpp:7,
                 from /home/mathilda/FangBoRen/search-engine-v2/header_only_include/simhash/Simhasher.hpp:4,
                 from /home/mathilda/FangBoRen/search-engine-v2/lib/create_search_index/src/../include/create_search_index/PageLibPreprocessor.h:13,
                 from /home/mathilda/FangBoRen/search-engine-v2/lib/create_search_index/src/PageLibPreprocessor.cc:1:
/home/mathilda/FangBoRen/search-engine-v2/header_only_include/limonp/Logging.hpp:17: note: it was later defined here
   17 | #define XLOG(level) \
      | 
In file included from /home/mathilda/FangBoRen/search-engine-v2/header_only_include/cppjieba/HMMSegment.hpp:10,
                 from /home/mathilda/FangBoRen/search-engine-v2/header_only_include/cppjieba/MixSegment.hpp:6,
                 from /home/mathilda/FangBoRen/search-engine-v2/header_only_include/cppjieba/KeywordExtractor.hpp:7,
                 from /home/mathilda/FangBoRen/search-engine-v2/header_only_include/simhash/Simhasher.hpp:4,
                 from /home/mathilda/FangBoRen/search-engine-v2/lib/create_search_index/src/../include/create_search_index/PageLibPreprocessor.h:13,
                 from /home/mathilda/FangBoRen/search-engine-v2/lib/create_search_index/src/PageLibPreprocessor.cc:1:
/home/mathilda/FangBoRen/search-engine-v2/header_only_include/cppjieba/HMMModel.hpp:107:14: error: ‘ERROR’ was not declared in this scope
  107 |         XLOG(ERROR) << "TransCode failed.";
      |              ^~~~~
/home/mathilda/FangBoRen/search-engine-v2/header_only_include/cppjieba/HMMModel.hpp:107:9: error: ‘XLOG’ was not declared in this scope
  107 |         XLOG(ERROR) << "TransCode failed.";
      |         ^~~~
/home/mathilda/FangBoRen/search-engine-v2/header_only_include/cppjieba/HMMModel.hpp:107:9: note: the macro ‘XLOG’ had not yet been defined
In file included from /home/mathilda/FangBoRen/search-engine-v2/header_only_include/cppjieba/PreFilter.hpp:5,
                 from /home/mathilda/FangBoRen/search-engine-v2/header_only_include/cppjieba/SegmentBase.hpp:6,
                 from /home/mathilda/FangBoRen/search-engine-v2/header_only_include/cppjieba/HMMSegment.hpp:11,
                 from /home/mathilda/FangBoRen/search-engine-v2/header_only_include/cppjieba/MixSegment.hpp:6,
                 from /home/mathilda/FangBoRen/search-engine-v2/header_only_include/cppjieba/KeywordExtractor.hpp:7,
                 from /home/mathilda/FangBoRen/search-engine-v2/header_only_include/simhash/Simhasher.hpp:4,
                 from /home/mathilda/FangBoRen/search-engine-v2/lib/create_search_index/src/../include/create_search_index/PageLibPreprocessor.h:13,
                 from /home/mathilda/FangBoRen/search-engine-v2/lib/create_search_index/src/PageLibPreprocessor.cc:1:
/home/mathilda/FangBoRen/search-engine-v2/header_only_include/limonp/Logging.hpp:17: note: it was later defined here
   17 | #define XLOG(level) \
      | 
In file included from /home/mathilda/FangBoRen/search-engine-v2/header_only_include/cppjieba/MixSegment.hpp:6,
                 from /home/mathilda/FangBoRen/search-engine-v2/header_only_include/cppjieba/KeywordExtractor.hpp:7,
                 from /home/mathilda/FangBoRen/search-engine-v2/header_only_include/simhash/Simhasher.hpp:4,
                 from /home/mathilda/FangBoRen/search-engine-v2/lib/create_search_index/src/../include/create_search_index/PageLibPreprocessor.h:13,
                 from /home/mathilda/FangBoRen/search-engine-v2/lib/create_search_index/src/PageLibPreprocessor.cc:1:
/home/mathilda/FangBoRen/search-engine-v2/header_only_include/cppjieba/HMMSegment.hpp: In member function ‘void cppjieba::HMMSegment::Viterbi(limonp::LocalVector<cppjieba::RuneStr>::const_iterator, limonp::LocalVector<cppjieba::RuneStr>::const_iterator, std::vector<long unsigned int>&) const’:
/home/mathilda/FangBoRen/search-engine-v2/header_only_include/cppjieba/HMMSegment.hpp:153:68: error: ‘MIN_DOUBLE’ was not declared in this scope
  153 |           model_->GetEmitProb(model_->emitProbVec[y], begin->rune, MIN_DOUBLE);
      |                                                                    ^~~~~~~~~~
/home/mathilda/FangBoRen/search-engine-v2/header_only_include/cppjieba/HMMSegment.hpp:162:23: error: ‘MIN_DOUBLE’ was not declared in this scope
  162 |         weight[now] = MIN_DOUBLE;
      |                       ^~~~~~~~~~
Elapsed time: 2 s. (time), 0.000477 s. (clock)
[ 67%] Linking CXX static library ../../../lib/libgmock_main.a
In file included from /home/mathilda/FangBoRen/search-engine-v2/header_only_include/cppjieba/Unicode.hpp:11,
                 from /home/mathilda/FangBoRen/search-engine-v2/header_only_include/cppjieba/Trie.hpp:7,
                 from /home/mathilda/FangBoRen/search-engine-v2/header_only_include/cppjieba/HMMModel.hpp:4,
                 from /home/mathilda/FangBoRen/search-engine-v2/header_only_include/cppjieba/HMMSegment.hpp:10,
                 from /home/mathilda/FangBoRen/search-engine-v2/header_only_include/cppjieba/MixSegment.hpp:6,
                 from /home/mathilda/FangBoRen/search-engine-v2/header_only_include/cppjieba/KeywordExtractor.hpp:7,
                 from /home/mathilda/FangBoRen/search-engine-v2/header_only_include/cppjieba/Jieba.hpp:4,
                 from /home/mathilda/FangBoRen/search-engine-v2/lib/keyword_recom_preprocess/src/../include/keyword_recom_preprocess/DictProducer.h:20,
                 from /home/mathilda/FangBoRen/search-engine-v2/lib/keyword_recom_preprocess/src/DictProducer.cc:1:
/home/mathilda/FangBoRen/search-engine-v2/header_only_include/limonp/LocalVector.hpp: In instantiation of ‘limonp::LocalVector<T>& limonp::LocalVector<T>::operator=(const limonp::LocalVector<T>&) [with T = std::pair<long unsigned int, const cppjieba::DictUnit*>]’:
/home/mathilda/FangBoRen/search-engine-v2/header_only_include/limonp/LocalVector.hpp:35:11:   required from ‘limonp::LocalVector<T>::LocalVector(const limonp::LocalVector<T>&) [with T = std::pair<long unsigned int, const cppjieba::DictUnit*>]’
/home/mathilda/FangBoRen/search-engine-v2/header_only_include/cppjieba/Trie.hpp:30:8:   required from ‘void std::_Construct(_Tp*, _Args&& ...) [with _Tp = cppjieba::Dag; _Args = {const cppjieba::Dag&}]’
/usr/include/c++/11/bits/stl_uninitialized.h:92:18:   required from ‘static _ForwardIterator std::__uninitialized_copy<_TrivialValueTypes>::__uninit_copy(_InputIterator, _InputIterator, _ForwardIterator) [with _InputIterator = const cppjieba::Dag*; _ForwardIterator = cppjieba::Dag*; bool _TrivialValueTypes = false]’
/usr/include/c++/11/bits/stl_uninitialized.h:151:15:   required from ‘_ForwardIterator std::uninitialized_copy(_InputIterator, _InputIterator, _ForwardIterator) [with _InputIterator = const cppjieba::Dag*; _ForwardIterator = cppjieba::Dag*]’
/usr/include/c++/11/bits/stl_uninitialized.h:333:37:   required from ‘_ForwardIterator std::__uninitialized_copy_a(_InputIterator, _InputIterator, _ForwardIterator, std::allocator<_Tp>&) [with _InputIterator = const cppjieba::Dag*; _ForwardIterator = cppjieba::Dag*; _Tp = cppjieba::Dag]’
/usr/include/c++/11/bits/stl_uninitialized.h:355:2:   required from ‘_ForwardIterator std::__uninitialized_move_if_noexcept_a(_InputIterator, _InputIterator, _ForwardIterator, _Allocator&) [with _InputIterator = cppjieba::Dag*; _ForwardIterator = cppjieba::Dag*; _Allocator = std::allocator<cppjieba::Dag>]’
/usr/include/c++/11/bits/vector.tcc:659:48:   required from ‘void std::vector<_Tp, _Alloc>::_M_default_append(std::vector<_Tp, _Alloc>::size_type) [with _Tp = cppjieba::Dag; _Alloc = std::allocator<cppjieba::Dag>; std::vector<_Tp, _Alloc>::size_type = long unsigned int]’
/usr/include/c++/11/bits/stl_vector.h:940:4:   required from ‘void std::vector<_Tp, _Alloc>::resize(std::vector<_Tp, _Alloc>::size_type) [with _Tp = cppjieba::Dag; _Alloc = std::allocator<cppjieba::Dag>; std::vector<_Tp, _Alloc>::size_type = long unsigned int]’
/home/mathilda/FangBoRen/search-engine-v2/header_only_include/cppjieba/Trie.hpp:86:15:   required from here
/home/mathilda/FangBoRen/search-engine-v2/header_only_include/limonp/LocalVector.hpp:62:13: warning: ‘void* memcpy(void*, const void*, size_t)’ writing to an object of type ‘struct std::pair<long unsigned int, const cppjieba::DictUnit*>’ with no trivial copy-assignment; use copy-assignment or copy-initialization instead [-Wclass-memaccess]
   62 |       memcpy(buffer_, vec.buffer_, sizeof(T) * size_);
      |       ~~~~~~^~~~~~~~~~~~~~~~~~~~~~~~~~~~~~~~~~~~~~~~~
In file included from /usr/include/c++/11/bits/stl_algobase.h:64,
                 from /usr/include/c++/11/bits/char_traits.h:39,
                 from /usr/include/c++/11/ios:40,
                 from /usr/include/c++/11/ostream:38,
                 from /usr/include/c++/11/iostream:39,
                 from /home/mathilda/FangBoRen/search-engine-v2/lib/keyword_recom_preprocess/src/../include/keyword_recom_preprocess/DictProducer.h:4,
                 from /home/mathilda/FangBoRen/search-engine-v2/lib/keyword_recom_preprocess/src/DictProducer.cc:1:
/usr/include/c++/11/bits/stl_pair.h:211:12: note: ‘struct std::pair<long unsigned int, const cppjieba::DictUnit*>’ declared here
  211 |     struct pair
      |            ^~~~
In file included from /home/mathilda/FangBoRen/search-engine-v2/header_only_include/cppjieba/Unicode.hpp:11,
                 from /home/mathilda/FangBoRen/search-engine-v2/header_only_include/cppjieba/Trie.hpp:7,
                 from /home/mathilda/FangBoRen/search-engine-v2/header_only_include/cppjieba/HMMModel.hpp:4,
                 from /home/mathilda/FangBoRen/search-engine-v2/header_only_include/cppjieba/HMMSegment.hpp:10,
                 from /home/mathilda/FangBoRen/search-engine-v2/header_only_include/cppjieba/MixSegment.hpp:6,
                 from /home/mathilda/FangBoRen/search-engine-v2/header_only_include/cppjieba/KeywordExtractor.hpp:7,
                 from /home/mathilda/FangBoRen/search-engine-v2/header_only_include/cppjieba/Jieba.hpp:4,
                 from /home/mathilda/FangBoRen/search-engine-v2/lib/keyword_recom_preprocess/src/../include/keyword_recom_preprocess/DictProducer.h:20,
                 from /home/mathilda/FangBoRen/search-engine-v2/lib/keyword_recom_preprocess/src/DictProducer.cc:1:
/home/mathilda/FangBoRen/search-engine-v2/header_only_include/limonp/LocalVector.hpp:67:13: warning: ‘void* memcpy(void*, const void*, size_t)’ writing to an object of type ‘struct std::pair<long unsigned int, const cppjieba::DictUnit*>’ with no trivial copy-assignment; use copy-assignment or copy-initialization instead [-Wclass-memaccess]
   67 |       memcpy(ptr_, vec.ptr_, vec.size() * sizeof(T));
      |       ~~~~~~^~~~~~~~~~~~~~~~~~~~~~~~~~~~~~~~~~~~~~~~
In file included from /usr/include/c++/11/bits/stl_algobase.h:64,
                 from /usr/include/c++/11/bits/char_traits.h:39,
                 from /usr/include/c++/11/ios:40,
                 from /usr/include/c++/11/ostream:38,
                 from /usr/include/c++/11/iostream:39,
                 from /home/mathilda/FangBoRen/search-engine-v2/lib/keyword_recom_preprocess/src/../include/keyword_recom_preprocess/DictProducer.h:4,
                 from /home/mathilda/FangBoRen/search-engine-v2/lib/keyword_recom_preprocess/src/DictProducer.cc:1:
/usr/include/c++/11/bits/stl_pair.h:211:12: note: ‘struct std::pair<long unsigned int, const cppjieba::DictUnit*>’ declared here
  211 |     struct pair
      |            ^~~~
In file included from /home/mathilda/FangBoRen/search-engine-v2/header_only_include/cppjieba/MixSegment.hpp:7,
                 from /home/mathilda/FangBoRen/search-engine-v2/header_only_include/cppjieba/KeywordExtractor.hpp:7,
                 from /home/mathilda/FangBoRen/search-engine-v2/header_only_include/simhash/Simhasher.hpp:4,
                 from /home/mathilda/FangBoRen/search-engine-v2/lib/create_search_index/src/../include/create_search_index/PageLibPreprocessor.h:13,
                 from /home/mathilda/FangBoRen/search-engine-v2/lib/create_search_index/src/PageLibPreprocessor.cc:1:
/home/mathilda/FangBoRen/search-engine-v2/header_only_include/cppjieba/MPSegment.hpp: In member function ‘void cppjieba::MPSegment::CutByDag(limonp::LocalVector<cppjieba::RuneStr>::const_iterator, limonp::LocalVector<cppjieba::RuneStr>::const_iterator, const std::vector<cppjieba::Dag>&, std::vector<cppjieba::WordRange>&) const’:
/home/mathilda/FangBoRen/search-engine-v2/header_only_include/cppjieba/MPSegment.hpp:106:46: warning: unused parameter ‘end’ [-Wunused-parameter]
  106 |                 RuneStrArray::const_iterator end, const vector<Dag> &dags,
      |                 ~~~~~~~~~~~~~~~~~~~~~~~~~~~~~^~~
Elapsed time: 0 s. (time), 0.000416 s. (clock)
Elapsed time: 0 s. (time), 0.000427 s. (clock)
[ 67%] Built target gmock_main
In file included from /home/mathilda/FangBoRen/search-engine-v2/lib/create_search_index/src/../include/create_search_index/PageLibPreprocessor.h:13,
                 from /home/mathilda/FangBoRen/search-engine-v2/lib/create_search_index/src/PageLibPreprocessor.cc:1:
/home/mathilda/FangBoRen/search-engine-v2/header_only_include/simhash/Simhasher.hpp: In static member function ‘static uint64_t simhash::Simhasher::make_from_predefined_keywords(const std::vector<std::pair<std::__cxx11::basic_string<char>, double> >&)’:
/home/mathilda/FangBoRen/search-engine-v2/header_only_include/simhash/Simhasher.hpp:83:39: warning: comparison of integer expressions of different signedness: ‘int32_t’ {aka ‘int’} and ‘std::vector<std::pair<std::__cxx11::basic_string<char>, double> >::size_type’ {aka ‘long unsigned int’} [-Wsign-compare]
   83 |                 for (int32_t i = 0; i < keywords.size(); ++i) {
      |                                     ~~^~~~~~~~~~~~~~~~~
[ 67%] Building CXX object external/googlebenchmark/test/CMakeFiles/internal_threading_test.dir/internal_threading_test.cc.o
Elapsed time: 0 s. (time), 0.000587 s. (clock)
Elapsed time: 2 s. (time), 0.001703 s. (clock)
[ 67%] Built target exampleTest
Elapsed time: 0 s. (time), 0.000425 s. (clock)
[ 67%] Built target templated_fixture_test
Elapsed time: 1 s. (time), 0.000461 s. (clock)
[ 67%] Linking CXX executable repetitions_test
Elapsed time: 2 s. (time), 0.000397 s. (clock)
[ 67%] Linking CXX executable perf_counters_test
Elapsed time: 2 s. (time), 0.000525 s. (clock)
[ 67%] Linking CXX executable user_counters_test
In file included from /home/mathilda/FangBoRen/search-engine-v2/header_only_include/cppjieba/Unicode.hpp:11,
                 from /home/mathilda/FangBoRen/search-engine-v2/header_only_include/cppjieba/Trie.hpp:7,
                 from /home/mathilda/FangBoRen/search-engine-v2/header_only_include/cppjieba/HMMModel.hpp:4,
                 from /home/mathilda/FangBoRen/search-engine-v2/header_only_include/cppjieba/HMMSegment.hpp:10,
                 from /home/mathilda/FangBoRen/search-engine-v2/header_only_include/cppjieba/MixSegment.hpp:6,
                 from /home/mathilda/FangBoRen/search-engine-v2/header_only_include/cppjieba/KeywordExtractor.hpp:7,
                 from /home/mathilda/FangBoRen/search-engine-v2/header_only_include/simhash/Simhasher.hpp:4,
                 from /home/mathilda/FangBoRen/search-engine-v2/lib/create_search_index/src/../include/create_search_index/PageLibPreprocessor.h:13,
                 from /home/mathilda/FangBoRen/search-engine-v2/lib/create_search_index/src/PageLibPreprocessor.cc:1:
/home/mathilda/FangBoRen/search-engine-v2/header_only_include/limonp/LocalVector.hpp: In instantiation of ‘void limonp::LocalVector<T>::reserve(size_t) [with T = std::pair<long unsigned int, const cppjieba::DictUnit*>; size_t = long unsigned int]’:
/home/mathilda/FangBoRen/search-engine-v2/header_only_include/limonp/LocalVector.hpp:85:7:   required from ‘void limonp::LocalVector<T>::push_back(const T&) [with T = std::pair<long unsigned int, const cppjieba::DictUnit*>]’
/home/mathilda/FangBoRen/search-engine-v2/header_only_include/cppjieba/Trie.hpp:101:31:   required from here
/home/mathilda/FangBoRen/search-engine-v2/header_only_include/limonp/LocalVector.hpp:97:11: warning: ‘void* memcpy(void*, const void*, size_t)’ writing to an object of type ‘struct std::pair<long unsigned int, const cppjieba::DictUnit*>’ with no trivial copy-assignment; use copy-assignment or copy-initialization instead [-Wclass-memaccess]
   97 |     memcpy(ptr_, old, sizeof(T) * capacity_);
      |     ~~~~~~^~~~~~~~~~~~~~~~~~~~~~~~~~~~~~~~~~
In file included from /usr/include/c++/11/bits/stl_algobase.h:64,
                 from /usr/include/c++/11/bits/char_traits.h:39,
                 from /usr/include/c++/11/string:40,
                 from /home/mathilda/FangBoRen/search-engine-v2/lib/create_search_index/src/../include/create_search_index/PageLibPreprocessor.h:5,
                 from /home/mathilda/FangBoRen/search-engine-v2/lib/create_search_index/src/PageLibPreprocessor.cc:1:
/usr/include/c++/11/bits/stl_pair.h:211:12: note: ‘struct std::pair<long unsigned int, const cppjieba::DictUnit*>’ declared here
  211 |     struct pair
      |            ^~~~
Elapsed time: 0 s. (time), 0.000418 s. (clock)
[ 67%] Built target repetitions_test
Elapsed time: 0 s. (time), 0.000409 s. (clock)
[ 67%] Built target perf_counters_test
Elapsed time: 2 s. (time), 0.0004 s. (clock)
[ 68%] Linking CXX executable reporter_output_test
Elapsed time: 1 s. (time), 0.000431 s. (clock)
[ 69%] Linking CXX executable internal_threading_test
Elapsed time: 0 s. (time), 0.000435 s. (clock)
[ 69%] Built target user_counters_test
Elapsed time: 1 s. (time), 0.000373 s. (clock)
[ 69%] Built target reporter_output_test
Elapsed time: 1 s. (time), 0.000492 s. (clock)
[ 69%] Built target internal_threading_test
In file included from /home/mathilda/FangBoRen/search-engine-v2/header_only_include/cppjieba/Unicode.hpp:11,
                 from /home/mathilda/FangBoRen/search-engine-v2/header_only_include/cppjieba/Trie.hpp:7,
                 from /home/mathilda/FangBoRen/search-engine-v2/header_only_include/cppjieba/HMMModel.hpp:4,
                 from /home/mathilda/FangBoRen/search-engine-v2/header_only_include/cppjieba/HMMSegment.hpp:10,
                 from /home/mathilda/FangBoRen/search-engine-v2/header_only_include/cppjieba/MixSegment.hpp:6,
                 from /home/mathilda/FangBoRen/search-engine-v2/header_only_include/cppjieba/KeywordExtractor.hpp:7,
                 from /home/mathilda/FangBoRen/search-engine-v2/header_only_include/simhash/Simhasher.hpp:4,
                 from /home/mathilda/FangBoRen/search-engine-v2/lib/create_search_index/src/../include/create_search_index/PageLibPreprocessor.h:13,
                 from /home/mathilda/FangBoRen/search-engine-v2/lib/create_search_index/src/PageLibPreprocessor.cc:1:
/home/mathilda/FangBoRen/search-engine-v2/header_only_include/limonp/LocalVector.hpp: In instantiation of ‘limonp::LocalVector<T>& limonp::LocalVector<T>::operator=(const limonp::LocalVector<T>&) [with T = std::pair<long unsigned int, const cppjieba::DictUnit*>]’:
/home/mathilda/FangBoRen/search-engine-v2/header_only_include/limonp/LocalVector.hpp:35:11:   required from ‘limonp::LocalVector<T>::LocalVector(const limonp::LocalVector<T>&) [with T = std::pair<long unsigned int, const cppjieba::DictUnit*>]’
/home/mathilda/FangBoRen/search-engine-v2/header_only_include/cppjieba/Trie.hpp:30:8:   required from ‘void std::_Construct(_Tp*, _Args&& ...) [with _Tp = cppjieba::Dag; _Args = {const cppjieba::Dag&}]’
/usr/include/c++/11/bits/stl_uninitialized.h:92:18:   required from ‘static _ForwardIterator std::__uninitialized_copy<_TrivialValueTypes>::__uninit_copy(_InputIterator, _InputIterator, _ForwardIterator) [with _InputIterator = const cppjieba::Dag*; _ForwardIterator = cppjieba::Dag*; bool _TrivialValueTypes = false]’
/usr/include/c++/11/bits/stl_uninitialized.h:151:15:   required from ‘_ForwardIterator std::uninitialized_copy(_InputIterator, _InputIterator, _ForwardIterator) [with _InputIterator = const cppjieba::Dag*; _ForwardIterator = cppjieba::Dag*]’
/usr/include/c++/11/bits/stl_uninitialized.h:333:37:   required from ‘_ForwardIterator std::__uninitialized_copy_a(_InputIterator, _InputIterator, _ForwardIterator, std::allocator<_Tp>&) [with _InputIterator = const cppjieba::Dag*; _ForwardIterator = cppjieba::Dag*; _Tp = cppjieba::Dag]’
/usr/include/c++/11/bits/stl_uninitialized.h:355:2:   required from ‘_ForwardIterator std::__uninitialized_move_if_noexcept_a(_InputIterator, _InputIterator, _ForwardIterator, _Allocator&) [with _InputIterator = cppjieba::Dag*; _ForwardIterator = cppjieba::Dag*; _Allocator = std::allocator<cppjieba::Dag>]’
/usr/include/c++/11/bits/vector.tcc:659:48:   required from ‘void std::vector<_Tp, _Alloc>::_M_default_append(std::vector<_Tp, _Alloc>::size_type) [with _Tp = cppjieba::Dag; _Alloc = std::allocator<cppjieba::Dag>; std::vector<_Tp, _Alloc>::size_type = long unsigned int]’
/usr/include/c++/11/bits/stl_vector.h:940:4:   required from ‘void std::vector<_Tp, _Alloc>::resize(std::vector<_Tp, _Alloc>::size_type) [with _Tp = cppjieba::Dag; _Alloc = std::allocator<cppjieba::Dag>; std::vector<_Tp, _Alloc>::size_type = long unsigned int]’
/home/mathilda/FangBoRen/search-engine-v2/header_only_include/cppjieba/Trie.hpp:86:15:   required from here
/home/mathilda/FangBoRen/search-engine-v2/header_only_include/limonp/LocalVector.hpp:62:13: warning: ‘void* memcpy(void*, const void*, size_t)’ writing to an object of type ‘struct std::pair<long unsigned int, const cppjieba::DictUnit*>’ with no trivial copy-assignment; use copy-assignment or copy-initialization instead [-Wclass-memaccess]
   62 |       memcpy(buffer_, vec.buffer_, sizeof(T) * size_);
      |       ~~~~~~^~~~~~~~~~~~~~~~~~~~~~~~~~~~~~~~~~~~~~~~~
In file included from /usr/include/c++/11/bits/stl_algobase.h:64,
                 from /usr/include/c++/11/bits/char_traits.h:39,
                 from /usr/include/c++/11/string:40,
                 from /home/mathilda/FangBoRen/search-engine-v2/lib/create_search_index/src/../include/create_search_index/PageLibPreprocessor.h:5,
                 from /home/mathilda/FangBoRen/search-engine-v2/lib/create_search_index/src/PageLibPreprocessor.cc:1:
/usr/include/c++/11/bits/stl_pair.h:211:12: note: ‘struct std::pair<long unsigned int, const cppjieba::DictUnit*>’ declared here
  211 |     struct pair
      |            ^~~~
In file included from /home/mathilda/FangBoRen/search-engine-v2/header_only_include/cppjieba/Unicode.hpp:11,
                 from /home/mathilda/FangBoRen/search-engine-v2/header_only_include/cppjieba/Trie.hpp:7,
                 from /home/mathilda/FangBoRen/search-engine-v2/header_only_include/cppjieba/HMMModel.hpp:4,
                 from /home/mathilda/FangBoRen/search-engine-v2/header_only_include/cppjieba/HMMSegment.hpp:10,
                 from /home/mathilda/FangBoRen/search-engine-v2/header_only_include/cppjieba/MixSegment.hpp:6,
                 from /home/mathilda/FangBoRen/search-engine-v2/header_only_include/cppjieba/KeywordExtractor.hpp:7,
                 from /home/mathilda/FangBoRen/search-engine-v2/header_only_include/simhash/Simhasher.hpp:4,
                 from /home/mathilda/FangBoRen/search-engine-v2/lib/create_search_index/src/../include/create_search_index/PageLibPreprocessor.h:13,
                 from /home/mathilda/FangBoRen/search-engine-v2/lib/create_search_index/src/PageLibPreprocessor.cc:1:
/home/mathilda/FangBoRen/search-engine-v2/header_only_include/limonp/LocalVector.hpp:67:13: warning: ‘void* memcpy(void*, const void*, size_t)’ writing to an object of type ‘struct std::pair<long unsigned int, const cppjieba::DictUnit*>’ with no trivial copy-assignment; use copy-assignment or copy-initialization instead [-Wclass-memaccess]
   67 |       memcpy(ptr_, vec.ptr_, vec.size() * sizeof(T));
      |       ~~~~~~^~~~~~~~~~~~~~~~~~~~~~~~~~~~~~~~~~~~~~~~
In file included from /usr/include/c++/11/bits/stl_algobase.h:64,
                 from /usr/include/c++/11/bits/char_traits.h:39,
                 from /usr/include/c++/11/string:40,
                 from /home/mathilda/FangBoRen/search-engine-v2/lib/create_search_index/src/../include/create_search_index/PageLibPreprocessor.h:5,
                 from /home/mathilda/FangBoRen/search-engine-v2/lib/create_search_index/src/PageLibPreprocessor.cc:1:
/usr/include/c++/11/bits/stl_pair.h:211:12: note: ‘struct std::pair<long unsigned int, const cppjieba::DictUnit*>’ declared here
  211 |     struct pair
      |            ^~~~
Elapsed time: 4 s. (time), 0.000446 s. (clock)
[ 70%] Linking CXX executable client
In file included from /home/mathilda/FangBoRen/search-engine-v2/header_only_include/simhash/Simhasher.hpp:5,
                 from /home/mathilda/FangBoRen/search-engine-v2/lib/create_search_index/src/../include/create_search_index/PageLibPreprocessor.h:13,
                 from /home/mathilda/FangBoRen/search-engine-v2/lib/create_search_index/src/PageLibPreprocessor.cc:1:
/home/mathilda/FangBoRen/search-engine-v2/header_only_include/simhash/jenkins.h: In member function ‘void simhash::jenkins::hashlittle2(const void*, size_t, uint32_t*, uint32_t*) const’:
/home/mathilda/FangBoRen/search-engine-v2/header_only_include/simhash/jenkins.h:257:39: warning: this statement may fall through [-Wimplicit-fallthrough=]
  257 |                             case 12: c+=((uint32_t)k[11])<<24;
      |                                      ~^~~~~~~~~~~~~~~~~~~~~~~
/home/mathilda/FangBoRen/search-engine-v2/header_only_include/simhash/jenkins.h:258:29: note: here
  258 |                             case 11: c+=((uint32_t)k[10])<<16;
      |                             ^~~~
/home/mathilda/FangBoRen/search-engine-v2/header_only_include/simhash/jenkins.h:258:39: warning: this statement may fall through [-Wimplicit-fallthrough=]
  258 |                             case 11: c+=((uint32_t)k[10])<<16;
      |                                      ~^~~~~~~~~~~~~~~~~~~~~~~
/home/mathilda/FangBoRen/search-engine-v2/header_only_include/simhash/jenkins.h:259:29: note: here
  259 |                             case 10: c+=((uint32_t)k[9])<<8;
      |                             ^~~~
/home/mathilda/FangBoRen/search-engine-v2/header_only_include/simhash/jenkins.h:259:39: warning: this statement may fall through [-Wimplicit-fallthrough=]
  259 |                             case 10: c+=((uint32_t)k[9])<<8;
      |                                      ~^~~~~~~~~~~~~~~~~~~~~
/home/mathilda/FangBoRen/search-engine-v2/header_only_include/simhash/jenkins.h:260:29: note: here
  260 |                             case 9 : c+=k[8];
      |                             ^~~~
/home/mathilda/FangBoRen/search-engine-v2/header_only_include/simhash/jenkins.h:260:39: warning: this statement may fall through [-Wimplicit-fallthrough=]
  260 |                             case 9 : c+=k[8];
      |                                      ~^~~~~~
/home/mathilda/FangBoRen/search-engine-v2/header_only_include/simhash/jenkins.h:261:29: note: here
  261 |                             case 8 : b+=((uint32_t)k[7])<<24;
      |                             ^~~~
/home/mathilda/FangBoRen/search-engine-v2/header_only_include/simhash/jenkins.h:261:39: warning: this statement may fall through [-Wimplicit-fallthrough=]
  261 |                             case 8 : b+=((uint32_t)k[7])<<24;
      |                                      ~^~~~~~~~~~~~~~~~~~~~~~
/home/mathilda/FangBoRen/search-engine-v2/header_only_include/simhash/jenkins.h:262:29: note: here
  262 |                             case 7 : b+=((uint32_t)k[6])<<16;
      |                             ^~~~
/home/mathilda/FangBoRen/search-engine-v2/header_only_include/simhash/jenkins.h:262:39: warning: this statement may fall through [-Wimplicit-fallthrough=]
  262 |                             case 7 : b+=((uint32_t)k[6])<<16;
      |                                      ~^~~~~~~~~~~~~~~~~~~~~~
/home/mathilda/FangBoRen/search-engine-v2/header_only_include/simhash/jenkins.h:263:29: note: here
  263 |                             case 6 : b+=((uint32_t)k[5])<<8;
      |                             ^~~~
/home/mathilda/FangBoRen/search-engine-v2/header_only_include/simhash/jenkins.h:263:39: warning: this statement may fall through [-Wimplicit-fallthrough=]
  263 |                             case 6 : b+=((uint32_t)k[5])<<8;
      |                                      ~^~~~~~~~~~~~~~~~~~~~~
/home/mathilda/FangBoRen/search-engine-v2/header_only_include/simhash/jenkins.h:264:29: note: here
  264 |                             case 5 : b+=k[4];
      |                             ^~~~
/home/mathilda/FangBoRen/search-engine-v2/header_only_include/simhash/jenkins.h:264:39: warning: this statement may fall through [-Wimplicit-fallthrough=]
  264 |                             case 5 : b+=k[4];
      |                                      ~^~~~~~
/home/mathilda/FangBoRen/search-engine-v2/header_only_include/simhash/jenkins.h:265:29: note: here
  265 |                             case 4 : a+=((uint32_t)k[3])<<24;
      |                             ^~~~
/home/mathilda/FangBoRen/search-engine-v2/header_only_include/simhash/jenkins.h:265:39: warning: this statement may fall through [-Wimplicit-fallthrough=]
  265 |                             case 4 : a+=((uint32_t)k[3])<<24;
      |                                      ~^~~~~~~~~~~~~~~~~~~~~~
/home/mathilda/FangBoRen/search-engine-v2/header_only_include/simhash/jenkins.h:266:29: note: here
  266 |                             case 3 : a+=((uint32_t)k[2])<<16;
      |                             ^~~~
/home/mathilda/FangBoRen/search-engine-v2/header_only_include/simhash/jenkins.h:266:39: warning: this statement may fall through [-Wimplicit-fallthrough=]
  266 |                             case 3 : a+=((uint32_t)k[2])<<16;
      |                                      ~^~~~~~~~~~~~~~~~~~~~~~
/home/mathilda/FangBoRen/search-engine-v2/header_only_include/simhash/jenkins.h:267:29: note: here
  267 |                             case 2 : a+=((uint32_t)k[1])<<8;
      |                             ^~~~
/home/mathilda/FangBoRen/search-engine-v2/header_only_include/simhash/jenkins.h:267:39: warning: this statement may fall through [-Wimplicit-fallthrough=]
  267 |                             case 2 : a+=((uint32_t)k[1])<<8;
      |                                      ~^~~~~~~~~~~~~~~~~~~~~
/home/mathilda/FangBoRen/search-engine-v2/header_only_include/simhash/jenkins.h:268:29: note: here
  268 |                             case 1 : a+=k[0];
      |                             ^~~~
Elapsed time: 0 s. (time), 0.00029 s. (clock)
[ 70%] Built target client
Elapsed time: 5 s. (time), 0.002123 s. (clock)
